2025-11-20 16:34:47,197 - INFO - Logging configured. Output file: c:\Users\fscielzo\Documents\PhD\paper-4\scripts\..\logs\data_extraction_20251120163447.log
2025-11-20 16:34:47,887 - INFO - PRAW instance initialized successfully (read-only mode).
2025-11-20 16:34:47,887 - INFO - Starting data extraction...
2025-11-20 16:34:47,887 - INFO - Total extraction combinations to run: 3
2025-11-20 16:34:47,887 - INFO - Processing r/Liberal | Query: '((gaza OR palestine*) AND (ham...' | Sort: relevance
2025-11-20 16:34:49,291 - INFO - ⚙️ Extracting data from post 1knnuln
2025-11-20 16:34:49,306 - INFO - ✅ Post 1knnuln
2025-11-20 16:34:49,679 - INFO - ⚙️ Extracting data from comments of post 1knnuln
2025-11-20 16:34:49,679 - INFO - ✅ Comment msjs47u
2025-11-20 16:34:49,679 - INFO - ✅ Comment msjrnde
2025-11-20 16:34:49,679 - INFO - ✅ Comment msmtwuf
2025-11-20 16:34:49,679 - INFO - ✅ Comment mssim3s
2025-11-20 16:34:49,679 - INFO - ✅ Comment msvbuvv
2025-11-20 16:34:49,679 - INFO - ✅ Comment msjyrcc
2025-11-20 16:34:49,679 - INFO - ✅ Comment mskc0u5
2025-11-20 16:34:49,679 - INFO - ⚙️ Extracting data from post 1kglnle
2025-11-20 16:34:49,679 - INFO - ✅ Post 1kglnle
2025-11-20 16:34:49,974 - INFO - ⚙️ Extracting data from comments of post 1kglnle
2025-11-20 16:34:49,983 - INFO - ✅ Comment mr0998c
2025-11-20 16:34:49,983 - INFO - ✅ Comment mr44z8k
2025-11-20 16:34:49,983 - INFO - ✅ Comment mr1jnzq
2025-11-20 16:34:49,983 - INFO - ✅ Comment mr226q1
2025-11-20 16:34:49,985 - INFO - ✅ Comment mr6aato
2025-11-20 16:34:49,985 - INFO - ✅ Comment ms2ygoo
2025-11-20 16:34:49,985 - INFO - ✅ Comment mqzud7t
2025-11-20 16:34:49,985 - INFO - ✅ Comment mr47bvk
2025-11-20 16:34:49,985 - INFO - ✅ Comment mr5519b
2025-11-20 16:34:49,985 - INFO - ✅ Comment mr7j0bz
2025-11-20 16:34:49,985 - INFO - ✅ Comment mr7nvh6
2025-11-20 16:34:49,985 - INFO - ⚙️ Extracting data from post 1irhr6d
2025-11-20 16:34:49,990 - INFO - ✅ Post 1irhr6d
2025-11-20 16:34:50,241 - INFO - ⚙️ Extracting data from comments of post 1irhr6d
2025-11-20 16:34:50,252 - INFO - ✅ Comment md9rzrg
2025-11-20 16:34:50,261 - INFO - ✅ Comment mdd3ueb
2025-11-20 16:34:50,261 - INFO - ✅ Comment mddzsb4
2025-11-20 16:34:50,264 - INFO - ✅ Comment mdfayao
2025-11-20 16:34:50,264 - INFO - ✅ Comment mdjtnw4
2025-11-20 16:34:50,267 - INFO - ✅ Comment mdjwms9
2025-11-20 16:34:50,267 - INFO - -> Unique POSTS: 3 | Unique COMMENTS: 24
2025-11-20 16:34:51,477 - INFO - Processing r/politics | Query: '((gaza OR palestine*) AND (ham...' | Sort: relevance
2025-11-20 16:34:51,892 - INFO - ⚙️ Extracting data from post 1o5fc5m
2025-11-20 16:34:51,892 - INFO - ✅ Post 1o5fc5m
2025-11-20 16:34:55,160 - INFO - ⚙️ Extracting data from comments of post 1o5fc5m
2025-11-20 16:34:55,160 - INFO - ✅ Comment nj8vrxf
2025-11-20 16:34:55,160 - INFO - ✅ Comment nj9g6za
2025-11-20 16:34:55,160 - INFO - ✅ Comment nj9l459
2025-11-20 16:34:55,160 - INFO - ✅ Comment nj96fq2
2025-11-20 16:34:55,160 - INFO - ✅ Comment nja3wcy
2025-11-20 16:34:55,160 - INFO - ✅ Comment nj8y11o
2025-11-20 16:34:55,160 - INFO - ✅ Comment nj928om
2025-11-20 16:34:55,160 - INFO - ✅ Comment nj8wwyg
2025-11-20 16:34:55,166 - INFO - ✅ Comment nja3xwm
2025-11-20 16:34:55,166 - INFO - ✅ Comment njah5na
2025-11-20 16:34:55,166 - INFO - ✅ Comment nj97362
2025-11-20 16:34:55,166 - INFO - ✅ Comment njd67l9
2025-11-20 16:34:55,166 - INFO - ✅ Comment nj9d5y2
2025-11-20 16:34:55,166 - INFO - ✅ Comment nj9ehjr
2025-11-20 16:34:55,166 - INFO - ✅ Comment nj9kd4s
2025-11-20 16:34:55,166 - INFO - ✅ Comment njcd9xq
2025-11-20 16:34:55,166 - INFO - ✅ Comment njdasdi
2025-11-20 16:34:55,166 - INFO - ✅ Comment njei33c
2025-11-20 16:34:55,166 - INFO - ✅ Comment njb3sd1
2025-11-20 16:34:55,166 - INFO - ✅ Comment nj9ei2h
2025-11-20 16:34:55,171 - INFO - ✅ Comment nj9r7g3
2025-11-20 16:34:55,173 - INFO - ✅ Comment njbvy1k
2025-11-20 16:34:55,174 - INFO - ✅ Comment njd8yz9
2025-11-20 16:34:55,175 - INFO - ✅ Comment nj8wngz
2025-11-20 16:34:55,175 - INFO - ✅ Comment nj90lo5
2025-11-20 16:34:55,177 - INFO - ✅ Comment nj8xqiw
2025-11-20 16:34:55,177 - INFO - ✅ Comment nj95w2o
2025-11-20 16:34:55,179 - INFO - ✅ Comment nja02l2
2025-11-20 16:34:55,179 - INFO - ✅ Comment njarduz
2025-11-20 16:34:55,179 - INFO - ✅ Comment njc06mq
2025-11-20 16:34:55,179 - INFO - ✅ Comment njcncv9
2025-11-20 16:34:55,182 - INFO - ✅ Comment njde3dr
2025-11-20 16:34:55,182 - INFO - ✅ Comment njefeeg
2025-11-20 16:34:55,183 - INFO - ✅ Comment njetfyx
2025-11-20 16:34:55,183 - INFO - ✅ Comment nja717a
2025-11-20 16:34:55,183 - INFO - ✅ Comment njamf7p
2025-11-20 16:34:55,183 - INFO - ✅ Comment nj8xdof
2025-11-20 16:34:55,183 - INFO - ✅ Comment njcm3gy
2025-11-20 16:34:55,190 - INFO - ✅ Comment nj9lhe4
2025-11-20 16:34:55,190 - INFO - ✅ Comment nj8zwhi
2025-11-20 16:34:55,190 - INFO - ✅ Comment nj8xk5y
2025-11-20 16:34:55,190 - INFO - ✅ Comment nja4rhr
2025-11-20 16:34:55,190 - INFO - ✅ Comment njaqqgh
2025-11-20 16:34:55,190 - INFO - ✅ Comment nj9rbdi
2025-11-20 16:34:55,190 - INFO - ✅ Comment nj9lhgr
2025-11-20 16:34:55,190 - INFO - ✅ Comment nj9na0f
2025-11-20 16:34:55,190 - INFO - ✅ Comment nja25fa
2025-11-20 16:34:55,190 - INFO - ✅ Comment nja3rgf
2025-11-20 16:34:55,190 - INFO - ✅ Comment njabi2t
2025-11-20 16:34:55,190 - INFO - ✅ Comment njalse8
2025-11-20 16:34:55,198 - INFO - ✅ Comment njaovwx
2025-11-20 16:34:55,198 - INFO - ✅ Comment njatgzx
2025-11-20 16:34:55,198 - INFO - ✅ Comment njauhl9
2025-11-20 16:34:55,198 - INFO - ✅ Comment njbjgg0
2025-11-20 16:34:55,198 - INFO - ✅ Comment njbreoz
2025-11-20 16:34:55,198 - INFO - ✅ Comment njbu7hs
2025-11-20 16:34:55,198 - INFO - ✅ Comment njc2cav
2025-11-20 16:34:55,198 - INFO - ✅ Comment njc3pkr
2025-11-20 16:34:55,203 - INFO - ✅ Comment njc5dpb
2025-11-20 16:34:55,207 - INFO - ✅ Comment njctjgc
2025-11-20 16:34:55,208 - INFO - ✅ Comment njd5jxd
2025-11-20 16:34:55,210 - INFO - ✅ Comment njdufhm
2025-11-20 16:34:55,210 - INFO - ✅ Comment njdugyt
2025-11-20 16:34:55,210 - INFO - ✅ Comment nje3reg
2025-11-20 16:34:55,210 - INFO - ✅ Comment njecu51
2025-11-20 16:34:55,210 - INFO - ✅ Comment njescwz
2025-11-20 16:34:55,210 - INFO - ✅ Comment njglp3p
2025-11-20 16:34:55,210 - INFO - ✅ Comment nj9i32j
2025-11-20 16:34:55,210 - INFO - ✅ Comment nj9s1vi
2025-11-20 16:34:55,215 - INFO - ✅ Comment nja238y
2025-11-20 16:34:55,215 - INFO - ✅ Comment nj9g02z
2025-11-20 16:34:55,217 - INFO - ✅ Comment nj9s455
2025-11-20 16:34:55,217 - INFO - ✅ Comment nj8zc57
2025-11-20 16:34:55,217 - INFO - ✅ Comment nj9gow3
2025-11-20 16:34:55,217 - INFO - ✅ Comment nj972po
2025-11-20 16:34:55,217 - INFO - ✅ Comment nj9nzde
2025-11-20 16:34:55,217 - INFO - ✅ Comment nj9t2kt
2025-11-20 16:34:55,224 - INFO - ✅ Comment nj9x6l4
2025-11-20 16:34:55,224 - INFO - ✅ Comment nja5fbq
2025-11-20 16:34:55,224 - INFO - ✅ Comment nja5k76
2025-11-20 16:34:55,226 - INFO - ✅ Comment njalguz
2025-11-20 16:34:55,226 - INFO - ✅ Comment njay3a4
2025-11-20 16:34:55,226 - INFO - ✅ Comment njc59cx
2025-11-20 16:34:55,226 - INFO - ✅ Comment nj8ysq8
2025-11-20 16:34:55,228 - INFO - ✅ Comment nj98l6c
2025-11-20 16:34:55,236 - INFO - ✅ Comment nj8y9xy
2025-11-20 16:34:55,265 - INFO - ✅ Comment nj9f744
2025-11-20 16:34:55,373 - INFO - ✅ Comment nj9gw0h
2025-11-20 16:34:55,401 - INFO - ✅ Comment nj90z1a
2025-11-20 16:34:55,415 - INFO - ✅ Comment nj9on4a
2025-11-20 16:34:55,535 - INFO - ✅ Comment nja45qe
2025-11-20 16:34:55,555 - INFO - ✅ Comment nja5gqs
2025-11-20 16:34:55,567 - INFO - ✅ Comment nj9054e
2025-11-20 16:34:55,678 - INFO - ✅ Comment nj8w5d2
2025-11-20 16:34:55,806 - INFO - ✅ Comment nj9m3u2
2025-11-20 16:34:55,817 - INFO - ✅ Comment nj97dkv
2025-11-20 16:34:55,829 - INFO - ✅ Comment nj9tfxw
2025-11-20 16:34:55,837 - INFO - ✅ Comment nj9dobb
2025-11-20 16:34:55,886 - INFO - ✅ Comment nj9gl13
2025-11-20 16:34:55,944 - INFO - ✅ Comment nj9hagj
2025-11-20 16:34:55,974 - INFO - ✅ Comment nja3tkm
2025-11-20 16:34:55,990 - INFO - ✅ Comment njaaisr
2025-11-20 16:34:56,119 - INFO - ✅ Comment njalw5c
2025-11-20 16:34:56,131 - INFO - ✅ Comment nj9aq1x
2025-11-20 16:34:56,219 - INFO - ✅ Comment nj9bk99
2025-11-20 16:34:56,266 - INFO - ✅ Comment nja2xi7
2025-11-20 16:34:56,269 - INFO - ✅ Comment nja9fyt
2025-11-20 16:34:56,276 - INFO - ✅ Comment nj93ebb
2025-11-20 16:34:56,280 - INFO - ✅ Comment nj9q5xd
2025-11-20 16:34:56,285 - INFO - ✅ Comment nj9qp43
2025-11-20 16:34:56,289 - INFO - ✅ Comment njah1q1
2025-11-20 16:34:56,297 - INFO - ✅ Comment njamhaj
2025-11-20 16:34:56,390 - INFO - ✅ Comment njanyjd
2025-11-20 16:34:56,393 - INFO - ✅ Comment njc3q2d
2025-11-20 16:34:56,396 - INFO - ✅ Comment njchmhi
2025-11-20 16:34:56,399 - INFO - ✅ Comment njdwjre
2025-11-20 16:34:56,405 - INFO - ✅ Comment nje5ian
2025-11-20 16:34:56,415 - INFO - ✅ Comment njeyy3r
2025-11-20 16:34:56,472 - INFO - ✅ Comment nj9ixpn
2025-11-20 16:34:56,497 - INFO - ✅ Comment nj9q9rh
2025-11-20 16:34:56,510 - INFO - ✅ Comment njamm7j
2025-11-20 16:34:56,527 - INFO - ✅ Comment njamzjb
2025-11-20 16:34:56,538 - INFO - ✅ Comment njanojm
2025-11-20 16:34:56,539 - INFO - ✅ Comment njd6oxo
2025-11-20 16:34:56,541 - INFO - ✅ Comment nj9mg2a
2025-11-20 16:34:56,541 - INFO - ✅ Comment nj9hy48
2025-11-20 16:34:56,543 - INFO - ✅ Comment nj9otvo
2025-11-20 16:34:56,547 - INFO - ✅ Comment nj9vjs3
2025-11-20 16:34:56,548 - INFO - ✅ Comment nja30jq
2025-11-20 16:34:56,549 - INFO - ✅ Comment njaihfi
2025-11-20 16:34:56,549 - INFO - ✅ Comment njayqwc
2025-11-20 16:34:56,549 - INFO - ✅ Comment nj9y60e
2025-11-20 16:34:56,551 - INFO - ✅ Comment nj9v8as
2025-11-20 16:34:56,554 - INFO - ✅ Comment njabfzq
2025-11-20 16:34:56,558 - INFO - ✅ Comment nj9xn9e
2025-11-20 16:34:56,560 - INFO - ✅ Comment nj9ydjj
2025-11-20 16:34:56,560 - INFO - ✅ Comment nja2z0b
2025-11-20 16:34:56,561 - INFO - ✅ Comment nja8k7m
2025-11-20 16:34:56,561 - INFO - ✅ Comment nja48ig
2025-11-20 16:34:56,565 - INFO - ✅ Comment njadqm5
2025-11-20 16:34:56,628 - INFO - ✅ Comment nja7yxb
2025-11-20 16:34:56,645 - INFO - ✅ Comment nja8f1v
2025-11-20 16:34:56,663 - INFO - ✅ Comment njagdyc
2025-11-20 16:34:56,665 - INFO - ✅ Comment nja7dol
2025-11-20 16:34:56,669 - INFO - ✅ Comment njagvl2
2025-11-20 16:34:56,672 - INFO - ✅ Comment nj9t0ys
2025-11-20 16:34:56,673 - INFO - ✅ Comment nj9wba5
2025-11-20 16:34:56,675 - INFO - ✅ Comment nj9uib7
2025-11-20 16:34:56,677 - INFO - ✅ Comment nja3tjx
2025-11-20 16:34:56,685 - INFO - ✅ Comment nja8sm8
2025-11-20 16:34:56,687 - INFO - ✅ Comment njcmxi1
2025-11-20 16:34:56,689 - INFO - ✅ Comment nja3963
2025-11-20 16:34:56,691 - INFO - ✅ Comment njcpjrw
2025-11-20 16:34:56,691 - INFO - ✅ Comment nj9xqlg
2025-11-20 16:34:56,693 - INFO - ✅ Comment nj9lgmw
2025-11-20 16:34:56,694 - INFO - ✅ Comment njd0ejp
2025-11-20 16:34:56,694 - INFO - ✅ Comment njafzok
2025-11-20 16:34:56,694 - INFO - ✅ Comment nj9m8mb
2025-11-20 16:34:56,696 - INFO - ✅ Comment nj9y5f4
2025-11-20 16:34:56,696 - INFO - ✅ Comment nj9ea0n
2025-11-20 16:34:56,700 - INFO - ✅ Comment nj9gjve
2025-11-20 16:34:56,704 - INFO - ✅ Comment nj9be29
2025-11-20 16:34:56,708 - INFO - ✅ Comment nj8xait
2025-11-20 16:34:56,710 - INFO - ✅ Comment nj9ro1f
2025-11-20 16:34:56,710 - INFO - ✅ Comment nj8xpvh
2025-11-20 16:34:56,711 - INFO - ✅ Comment nj9yszu
2025-11-20 16:34:56,713 - INFO - ✅ Comment njadler
2025-11-20 16:34:56,713 - INFO - ✅ Comment njamqjw
2025-11-20 16:34:56,715 - INFO - ✅ Comment nj967cd
2025-11-20 16:34:56,811 - INFO - ✅ Comment nj9qcuh
2025-11-20 16:34:56,816 - INFO - ✅ Comment njblhs7
2025-11-20 16:34:56,817 - INFO - ✅ Comment njb702k
2025-11-20 16:34:56,817 - INFO - ✅ Comment njenxsz
2025-11-20 16:34:56,817 - INFO - ✅ Comment njahkfl
2025-11-20 16:34:56,819 - INFO - ✅ Comment njbldzv
2025-11-20 16:34:56,819 - INFO - ✅ Comment nj9h99i
2025-11-20 16:34:56,822 - INFO - ✅ Comment njdcduy
2025-11-20 16:34:56,828 - INFO - ✅ Comment nj9yblu
2025-11-20 16:34:56,834 - INFO - ✅ Comment njenz53
2025-11-20 16:34:56,834 - INFO - ✅ Comment nj9zf9f
2025-11-20 16:34:56,834 - INFO - ✅ Comment njci5fv
2025-11-20 16:34:56,838 - INFO - ✅ Comment njcisyt
2025-11-20 16:34:56,841 - INFO - ✅ Comment nj9d9s2
2025-11-20 16:34:56,841 - INFO - ✅ Comment nj8wwle
2025-11-20 16:34:56,841 - INFO - ✅ Comment nja4g4k
2025-11-20 16:34:56,841 - INFO - ✅ Comment njau8yb
2025-11-20 16:34:56,841 - INFO - ✅ Comment nj9sw5m
2025-11-20 16:34:56,841 - INFO - ✅ Comment nj9sk86
2025-11-20 16:34:56,841 - INFO - ✅ Comment nja4aam
2025-11-20 16:34:56,841 - INFO - ✅ Comment njayv7s
2025-11-20 16:34:56,841 - INFO - ✅ Comment njbbh5h
2025-11-20 16:34:56,851 - INFO - ✅ Comment nje1icx
2025-11-20 16:34:56,856 - INFO - ✅ Comment nja4ei7
2025-11-20 16:34:56,858 - INFO - ✅ Comment nj9xrle
2025-11-20 16:34:56,858 - INFO - ✅ Comment nj9e9if
2025-11-20 16:34:56,861 - INFO - ✅ Comment nj93z58
2025-11-20 16:34:56,861 - INFO - ✅ Comment nj9713d
2025-11-20 16:34:56,861 - INFO - ✅ Comment nj8z2pl
2025-11-20 16:34:56,863 - INFO - ✅ Comment nj9ztxc
2025-11-20 16:34:56,863 - INFO - ✅ Comment nj9aca8
2025-11-20 16:34:56,863 - INFO - ✅ Comment nja9qbm
2025-11-20 16:34:56,863 - INFO - ✅ Comment njae2sc
2025-11-20 16:34:56,865 - INFO - ✅ Comment nj9pvr8
2025-11-20 16:34:56,866 - INFO - ✅ Comment nja4ha1
2025-11-20 16:34:56,962 - INFO - ✅ Comment njbaq92
2025-11-20 16:34:56,963 - INFO - ✅ Comment nj93gp2
2025-11-20 16:34:56,964 - INFO - ✅ Comment nj93sa9
2025-11-20 16:34:56,965 - INFO - ✅ Comment nja57ei
2025-11-20 16:34:56,966 - INFO - ✅ Comment nj9527g
2025-11-20 16:34:56,967 - INFO - ✅ Comment nj9p9y4
2025-11-20 16:34:56,968 - INFO - ✅ Comment njcckno
2025-11-20 16:34:56,969 - INFO - ✅ Comment nj97ur9
2025-11-20 16:34:56,969 - INFO - ✅ Comment nj92kyi
2025-11-20 16:34:56,970 - INFO - ✅ Comment nj9iqhz
2025-11-20 16:34:56,977 - INFO - ✅ Comment nj9v9au
2025-11-20 16:34:56,978 - INFO - ✅ Comment nj9hm28
2025-11-20 16:34:56,979 - INFO - ✅ Comment nja32up
2025-11-20 16:34:56,980 - INFO - ✅ Comment njahpc7
2025-11-20 16:34:56,981 - INFO - ✅ Comment nja7buj
2025-11-20 16:34:56,984 - INFO - ✅ Comment nja1n9g
2025-11-20 16:34:56,985 - INFO - ✅ Comment nja9q5b
2025-11-20 16:34:56,990 - INFO - ✅ Comment njai7f1
2025-11-20 16:34:56,991 - INFO - ✅ Comment njb4eb0
2025-11-20 16:34:56,993 - INFO - ✅ Comment njalp5w
2025-11-20 16:34:56,993 - INFO - ✅ Comment njaa0ni
2025-11-20 16:34:56,994 - INFO - ✅ Comment njaced6
2025-11-20 16:34:56,995 - INFO - ✅ Comment njad86v
2025-11-20 16:34:56,996 - INFO - ✅ Comment njch382
2025-11-20 16:34:56,996 - INFO - ✅ Comment njbjp83
2025-11-20 16:34:56,997 - INFO - ✅ Comment nja9epk
2025-11-20 16:34:56,998 - INFO - ✅ Comment njanqat
2025-11-20 16:34:56,998 - INFO - ✅ Comment njaqfdy
2025-11-20 16:34:56,999 - INFO - ✅ Comment nja7eog
2025-11-20 16:34:57,007 - INFO - ✅ Comment nj9y4ph
2025-11-20 16:34:57,008 - INFO - ✅ Comment njav10f
2025-11-20 16:34:57,008 - INFO - ✅ Comment nj9xp5f
2025-11-20 16:34:57,011 - INFO - ✅ Comment njaysag
2025-11-20 16:34:57,011 - INFO - ✅ Comment njajb8k
2025-11-20 16:34:57,012 - INFO - ✅ Comment njaz87r
2025-11-20 16:34:57,013 - INFO - ✅ Comment njasg04
2025-11-20 16:34:57,015 - INFO - ✅ Comment nj9odon
2025-11-20 16:34:57,016 - INFO - ✅ Comment njcxkv8
2025-11-20 16:34:57,112 - INFO - ✅ Comment nj9f2i2
2025-11-20 16:34:57,116 - INFO - ✅ Comment nj9facb
2025-11-20 16:34:57,120 - INFO - ✅ Comment nj9fbtk
2025-11-20 16:34:57,127 - INFO - ✅ Comment nj9fe08
2025-11-20 16:34:57,128 - INFO - ✅ Comment nj9iki8
2025-11-20 16:34:57,129 - INFO - ✅ Comment nja7rzi
2025-11-20 16:34:57,130 - INFO - ✅ Comment njaczpr
2025-11-20 16:34:57,131 - INFO - ✅ Comment nje1ral
2025-11-20 16:34:57,132 - INFO - ✅ Comment nj8xwy2
2025-11-20 16:34:57,140 - INFO - ✅ Comment nj9lmai
2025-11-20 16:34:57,140 - INFO - ✅ Comment nj96qha
2025-11-20 16:34:57,142 - INFO - ✅ Comment nj9fqad
2025-11-20 16:34:57,142 - INFO - ✅ Comment nj95k4i
2025-11-20 16:34:57,143 - INFO - ✅ Comment nj9tga8
2025-11-20 16:34:57,144 - INFO - ✅ Comment nj8y2ty
2025-11-20 16:34:57,145 - INFO - ✅ Comment nj9eqfn
2025-11-20 16:34:57,146 - INFO - ✅ Comment nj9gcwv
2025-11-20 16:34:57,147 - INFO - ✅ Comment nj9teou
2025-11-20 16:34:57,150 - INFO - ✅ Comment nj9go8e
2025-11-20 16:34:57,158 - INFO - ✅ Comment nj8xrdb
2025-11-20 16:34:57,159 - INFO - ✅ Comment nj97fio
2025-11-20 16:34:57,161 - INFO - ✅ Comment njdchr5
2025-11-20 16:34:57,162 - INFO - ✅ Comment nj9qadc
2025-11-20 16:34:57,164 - INFO - ✅ Comment njb5gym
2025-11-20 16:34:57,164 - INFO - ✅ Comment njbgi9o
2025-11-20 16:34:57,258 - INFO - ✅ Comment nja95uj
2025-11-20 16:34:57,261 - INFO - ✅ Comment nj9dlrq
2025-11-20 16:34:57,265 - INFO - ✅ Comment nj9tgtr
2025-11-20 16:34:57,268 - INFO - ✅ Comment nj8y55q
2025-11-20 16:34:57,270 - INFO - ✅ Comment njbu5g3
2025-11-20 16:34:57,276 - INFO - ✅ Comment njc3ae8
2025-11-20 16:34:57,278 - INFO - ✅ Comment njahlh1
2025-11-20 16:34:57,280 - INFO - ✅ Comment njao3dn
2025-11-20 16:34:57,280 - INFO - ✅ Comment njc88ay
2025-11-20 16:34:57,281 - INFO - ✅ Comment nj9z6du
2025-11-20 16:34:57,282 - INFO - ✅ Comment nj9cgwq
2025-11-20 16:34:57,282 - INFO - ✅ Comment nj9230c
2025-11-20 16:34:57,284 - INFO - ✅ Comment nj9wftr
2025-11-20 16:34:57,286 - INFO - ✅ Comment nj9y7yn
2025-11-20 16:34:57,341 - INFO - ✅ Comment nj9vr2t
2025-11-20 16:34:57,347 - INFO - ✅ Comment njaowfs
2025-11-20 16:34:57,386 - INFO - ✅ Comment nj9xpqu
2025-11-20 16:34:57,392 - INFO - ✅ Comment njbmlky
2025-11-20 16:34:57,394 - INFO - ✅ Comment njbw1nv
2025-11-20 16:34:57,396 - INFO - ✅ Comment njcgke1
2025-11-20 16:34:57,398 - INFO - ✅ Comment nje6zvs
2025-11-20 16:34:57,398 - INFO - ✅ Comment nja83m9
2025-11-20 16:34:57,398 - INFO - ✅ Comment nj9dzpp
2025-11-20 16:34:57,400 - INFO - ✅ Comment nj9fwus
2025-11-20 16:34:57,400 - INFO - ✅ Comment nj9e7i4
2025-11-20 16:34:57,400 - INFO - ✅ Comment nj9tfum
2025-11-20 16:34:57,402 - INFO - ✅ Comment nj9t90z
2025-11-20 16:34:57,402 - INFO - ✅ Comment njaep4l
2025-11-20 16:34:57,405 - INFO - ✅ Comment njac4b8
2025-11-20 16:34:57,410 - INFO - ✅ Comment nj9te37
2025-11-20 16:34:57,410 - INFO - ✅ Comment nj9e8nu
2025-11-20 16:34:57,410 - INFO - ✅ Comment nj9oh76
2025-11-20 16:34:57,410 - INFO - ✅ Comment njabfhl
2025-11-20 16:34:57,410 - INFO - ✅ Comment nj9ww6g
2025-11-20 16:34:57,410 - INFO - ✅ Comment njan3jm
2025-11-20 16:34:57,410 - INFO - ✅ Comment njb12js
2025-11-20 16:34:57,414 - INFO - ✅ Comment njbc1oa
2025-11-20 16:34:57,414 - INFO - ✅ Comment njamcmq
2025-11-20 16:34:57,414 - INFO - ✅ Comment njas9hz
2025-11-20 16:34:57,414 - INFO - ✅ Comment njaliar
2025-11-20 16:34:57,417 - INFO - ✅ Comment njcgwd3
2025-11-20 16:34:57,418 - INFO - ✅ Comment njegmx5
2025-11-20 16:34:57,418 - INFO - ✅ Comment njbgt04
2025-11-20 16:34:57,418 - INFO - ✅ Comment njaamcs
2025-11-20 16:34:57,418 - INFO - ✅ Comment nja2ldx
2025-11-20 16:34:57,418 - INFO - ✅ Comment nja3iem
2025-11-20 16:34:57,418 - INFO - ✅ Comment nja750s
2025-11-20 16:34:57,425 - INFO - ✅ Comment njafrjm
2025-11-20 16:34:57,425 - INFO - ✅ Comment nja9yg8
2025-11-20 16:34:57,425 - INFO - ✅ Comment njafjq5
2025-11-20 16:34:57,425 - INFO - ✅ Comment njan193
2025-11-20 16:34:57,425 - INFO - ✅ Comment njcxski
2025-11-20 16:34:57,425 - INFO - ✅ Comment njb6d5a
2025-11-20 16:34:57,425 - INFO - ✅ Comment njau6pn
2025-11-20 16:34:57,430 - INFO - ✅ Comment njbkhez
2025-11-20 16:34:57,430 - INFO - ✅ Comment njavfza
2025-11-20 16:34:57,430 - INFO - ✅ Comment njaroqt
2025-11-20 16:34:57,430 - INFO - ✅ Comment njaoa08
2025-11-20 16:34:57,430 - INFO - ✅ Comment njbdcgf
2025-11-20 16:34:57,430 - INFO - ✅ Comment nja43zg
2025-11-20 16:34:57,430 - INFO - ✅ Comment nja3nqc
2025-11-20 16:34:57,430 - INFO - ✅ Comment nj9z8wo
2025-11-20 16:34:57,430 - INFO - ✅ Comment nja9yvg
2025-11-20 16:34:57,430 - INFO - ✅ Comment nj9yirm
2025-11-20 16:34:57,440 - INFO - ✅ Comment nj9p1h6
2025-11-20 16:34:57,442 - INFO - ✅ Comment njaacn0
2025-11-20 16:34:57,442 - INFO - ✅ Comment nja87vw
2025-11-20 16:34:57,444 - INFO - ✅ Comment nj9rzt7
2025-11-20 16:34:57,445 - INFO - ✅ Comment nj9lqhs
2025-11-20 16:34:57,445 - INFO - ✅ Comment njctstr
2025-11-20 16:34:57,450 - INFO - ✅ Comment nj9hux1
2025-11-20 16:34:57,450 - INFO - ✅ Comment njb5d5q
2025-11-20 16:34:57,452 - INFO - ✅ Comment nj9fxa3
2025-11-20 16:34:57,457 - INFO - ✅ Comment nj9hgmi
2025-11-20 16:34:57,458 - INFO - ✅ Comment nj9z4ry
2025-11-20 16:34:57,461 - INFO - ✅ Comment nj9hmlh
2025-11-20 16:34:57,463 - INFO - ✅ Comment njacdf4
2025-11-20 16:34:57,466 - INFO - ✅ Comment nje601e
2025-11-20 16:34:57,559 - INFO - ✅ Comment nja0h0d
2025-11-20 16:34:57,559 - INFO - ✅ Comment njbsz1j
2025-11-20 16:34:57,562 - INFO - ✅ Comment nj9u2cc
2025-11-20 16:34:57,562 - INFO - ✅ Comment nj9bnma
2025-11-20 16:34:57,562 - INFO - ✅ Comment nj9jklm
2025-11-20 16:34:57,564 - INFO - ✅ Comment nj97zrl
2025-11-20 16:34:57,566 - INFO - ✅ Comment nj9vcmg
2025-11-20 16:34:57,568 - INFO - ✅ Comment nja3rjz
2025-11-20 16:34:57,568 - INFO - ✅ Comment njahw63
2025-11-20 16:34:57,574 - INFO - ✅ Comment nj9o2h9
2025-11-20 16:34:57,576 - INFO - ✅ Comment nj9l005
2025-11-20 16:34:57,576 - INFO - ✅ Comment nj8z31n
2025-11-20 16:34:57,578 - INFO - ✅ Comment njcxr6u
2025-11-20 16:34:57,579 - INFO - ✅ Comment njc4eyx
2025-11-20 16:34:57,580 - INFO - ✅ Comment njd9v44
2025-11-20 16:34:57,580 - INFO - ✅ Comment nj9ellx
2025-11-20 16:34:57,580 - INFO - ✅ Comment nja290d
2025-11-20 16:34:57,580 - INFO - ✅ Comment njbjvr5
2025-11-20 16:34:57,580 - INFO - ✅ Comment njcnqxg
2025-11-20 16:34:57,580 - INFO - ✅ Comment nj9g008
2025-11-20 16:34:57,580 - INFO - ✅ Comment nj9n9vk
2025-11-20 16:34:57,580 - INFO - ✅ Comment nj9ih7a
2025-11-20 16:34:57,585 - INFO - ✅ Comment nj9hkoc
2025-11-20 16:34:57,585 - INFO - ✅ Comment nj9qijv
2025-11-20 16:34:57,589 - INFO - ✅ Comment nj9ep5l
2025-11-20 16:34:57,591 - INFO - ✅ Comment njafidb
2025-11-20 16:34:57,591 - INFO - ✅ Comment njac1w3
2025-11-20 16:34:57,591 - INFO - ✅ Comment njcr0ca
2025-11-20 16:34:57,591 - INFO - ✅ Comment njdau5a
2025-11-20 16:34:57,591 - INFO - ✅ Comment njafo4m
2025-11-20 16:34:57,595 - INFO - ✅ Comment njashme
2025-11-20 16:34:57,597 - INFO - ✅ Comment njbl7qk
2025-11-20 16:34:57,599 - INFO - ✅ Comment njca3mh
2025-11-20 16:34:57,599 - INFO - ✅ Comment njbc3t6
2025-11-20 16:34:57,599 - INFO - ✅ Comment njatngy
2025-11-20 16:34:57,599 - INFO - ✅ Comment njb2sme
2025-11-20 16:34:57,599 - INFO - ✅ Comment nja5rjp
2025-11-20 16:34:57,599 - INFO - ✅ Comment nja3s5m
2025-11-20 16:34:57,599 - INFO - ✅ Comment njameev
2025-11-20 16:34:57,599 - INFO - ✅ Comment njahdax
2025-11-20 16:34:57,599 - INFO - ✅ Comment njaploz
2025-11-20 16:34:57,599 - INFO - ✅ Comment njbupzd
2025-11-20 16:34:57,609 - INFO - ✅ Comment njcj0o6
2025-11-20 16:34:57,609 - INFO - ✅ Comment njb1pi4
2025-11-20 16:34:57,619 - INFO - ✅ Comment njctvem
2025-11-20 16:34:57,620 - INFO - ✅ Comment njbmuq6
2025-11-20 16:34:57,621 - INFO - ✅ Comment njb9rzg
2025-11-20 16:34:57,623 - INFO - ✅ Comment njb47cc
2025-11-20 16:34:57,623 - INFO - ✅ Comment njeubjz
2025-11-20 16:34:57,623 - INFO - ✅ Comment njb3eyp
2025-11-20 16:34:57,623 - INFO - ✅ Comment njamyt8
2025-11-20 16:34:57,623 - INFO - ✅ Comment njaspd0
2025-11-20 16:34:57,623 - INFO - ✅ Comment nj9qhfy
2025-11-20 16:34:57,630 - INFO - ✅ Comment nj9pjp8
2025-11-20 16:34:57,632 - INFO - ✅ Comment nj9tf7b
2025-11-20 16:34:57,632 - INFO - ✅ Comment nj9sl8o
2025-11-20 16:34:57,632 - INFO - ✅ Comment nj9rfak
2025-11-20 16:34:57,632 - INFO - ✅ Comment nj9rlvn
2025-11-20 16:34:57,632 - INFO - ✅ Comment nj9y733
2025-11-20 16:34:57,636 - INFO - ✅ Comment njads42
2025-11-20 16:34:57,636 - INFO - ✅ Comment njau0ta
2025-11-20 16:34:57,636 - INFO - ✅ Comment njaxrdd
2025-11-20 16:34:57,644 - INFO - ✅ Comment nj9ulx7
2025-11-20 16:34:57,645 - INFO - ✅ Comment nja3xjv
2025-11-20 16:34:57,645 - INFO - ✅ Comment nj9yf3d
2025-11-20 16:34:57,645 - INFO - ✅ Comment nj9mtet
2025-11-20 16:34:57,649 - INFO - ✅ Comment nj9qd48
2025-11-20 16:34:57,649 - INFO - ✅ Comment nja2cuf
2025-11-20 16:34:57,649 - INFO - ✅ Comment nj9odzl
2025-11-20 16:34:57,649 - INFO - ✅ Comment nj9i3zq
2025-11-20 16:34:57,651 - INFO - ✅ Comment nj9idyi
2025-11-20 16:34:57,651 - INFO - ✅ Comment nj9j5yh
2025-11-20 16:34:57,651 - INFO - ✅ Comment njambyb
2025-11-20 16:34:57,651 - INFO - ✅ Comment nj9l7f5
2025-11-20 16:34:57,651 - INFO - ✅ Comment nj9roqt
2025-11-20 16:34:57,656 - INFO - ✅ Comment nj9skfd
2025-11-20 16:34:57,657 - INFO - ✅ Comment nj9gd82
2025-11-20 16:34:57,657 - INFO - ✅ Comment njal57a
2025-11-20 16:34:57,657 - INFO - ✅ Comment nj9qliw
2025-11-20 16:34:57,659 - INFO - ✅ Comment njdibzr
2025-11-20 16:34:57,659 - INFO - ✅ Comment nj9mu2j
2025-11-20 16:34:57,659 - INFO - ✅ Comment nj9zjfg
2025-11-20 16:34:57,659 - INFO - ✅ Comment nj9ziy8
2025-11-20 16:34:57,659 - INFO - ✅ Comment nj9po5d
2025-11-20 16:34:57,665 - INFO - ✅ Comment nj9sh55
2025-11-20 16:34:57,667 - INFO - ✅ Comment njadifo
2025-11-20 16:34:57,667 - INFO - ✅ Comment njaih06
2025-11-20 16:34:57,667 - INFO - ✅ Comment njb3jvt
2025-11-20 16:34:57,667 - INFO - ✅ Comment njbthu8
2025-11-20 16:34:57,667 - INFO - ✅ Comment njao5to
2025-11-20 16:34:57,667 - INFO - ✅ Comment nja9tzs
2025-11-20 16:34:57,667 - INFO - ✅ Comment nja9atj
2025-11-20 16:34:57,672 - INFO - ✅ Comment nja6tvp
2025-11-20 16:34:57,672 - INFO - ✅ Comment nja4rly
2025-11-20 16:34:57,674 - INFO - ✅ Comment njcuvkx
2025-11-20 16:34:57,674 - INFO - ✅ Comment njd2u8o
2025-11-20 16:34:57,674 - INFO - ✅ Comment njbdaf2
2025-11-20 16:34:57,675 - INFO - ✅ Comment njcul4q
2025-11-20 16:34:57,675 - INFO - ✅ Comment njc4blv
2025-11-20 16:34:57,675 - INFO - ✅ Comment njbog3s
2025-11-20 16:34:57,675 - INFO - ✅ Comment njbea2y
2025-11-20 16:34:57,680 - INFO - ✅ Comment njbsd4l
2025-11-20 16:34:57,682 - INFO - ✅ Comment njcvpjs
2025-11-20 16:34:57,682 - INFO - ✅ Comment nj9sbbk
2025-11-20 16:34:57,682 - INFO - ✅ Comment njbel23
2025-11-20 16:34:57,683 - INFO - ✅ Comment nja4ar2
2025-11-20 16:34:57,683 - INFO - ✅ Comment njbo2o8
2025-11-20 16:34:57,683 - INFO - ✅ Comment njaw619
2025-11-20 16:34:57,683 - INFO - ✅ Comment nja44jw
2025-11-20 16:34:57,683 - INFO - ✅ Comment nja0d79
2025-11-20 16:34:57,683 - INFO - ✅ Comment nja2d7r
2025-11-20 16:34:57,683 - INFO - ✅ Comment nj9ntg2
2025-11-20 16:34:57,683 - INFO - ✅ Comment nj9swfv
2025-11-20 16:34:57,688 - INFO - ✅ Comment nj9r3ps
2025-11-20 16:34:57,688 - INFO - ✅ Comment nj9l3h9
2025-11-20 16:34:57,688 - INFO - ✅ Comment njex13c
2025-11-20 16:34:57,690 - INFO - ✅ Comment nj9v33d
2025-11-20 16:34:57,690 - INFO - ✅ Comment njaexcs
2025-11-20 16:34:57,692 - INFO - ✅ Comment nj9svnw
2025-11-20 16:34:57,692 - INFO - ✅ Comment njb6vwo
2025-11-20 16:34:57,694 - INFO - ✅ Comment njc3uam
2025-11-20 16:34:57,694 - INFO - ✅ Comment njeftku
2025-11-20 16:34:57,698 - INFO - ✅ Comment njcpxt7
2025-11-20 16:34:57,700 - INFO - ✅ Comment njatf6k
2025-11-20 16:34:57,700 - INFO - ✅ Comment njar4pq
2025-11-20 16:34:57,700 - INFO - ✅ Comment njafryk
2025-11-20 16:34:57,700 - INFO - ✅ Comment njae1iv
2025-11-20 16:34:57,700 - INFO - ✅ Comment njd7pou
2025-11-20 16:34:57,700 - INFO - ✅ Comment njbk7m0
2025-11-20 16:34:57,700 - INFO - ✅ Comment njco5yf
2025-11-20 16:34:57,700 - INFO - ✅ Comment njaf7k4
2025-11-20 16:34:57,705 - INFO - ✅ Comment nja41bx
2025-11-20 16:34:57,707 - INFO - ✅ Comment nj9oqeu
2025-11-20 16:34:57,707 - INFO - ✅ Comment njc2xum
2025-11-20 16:34:57,707 - INFO - ✅ Comment njacz92
2025-11-20 16:34:57,710 - INFO - ✅ Comment njbznf4
2025-11-20 16:34:57,710 - INFO - ✅ Comment njc5owl
2025-11-20 16:34:57,711 - INFO - ✅ Comment njehagc
2025-11-20 16:34:57,716 - INFO - ✅ Comment njffoam
2025-11-20 16:34:57,718 - INFO - ✅ Comment njbskjs
2025-11-20 16:34:57,718 - INFO - ✅ Comment njbfwod
2025-11-20 16:34:57,718 - INFO - ✅ Comment nja5pjv
2025-11-20 16:34:57,720 - INFO - ✅ Comment nj9qh3l
2025-11-20 16:34:57,720 - INFO - ✅ Comment njc7ito
2025-11-20 16:34:57,723 - INFO - ✅ Comment njgguan
2025-11-20 16:34:57,723 - INFO - ✅ Comment njc4q59
2025-11-20 16:34:57,725 - INFO - ✅ Comment njbrfwo
2025-11-20 16:34:57,725 - INFO - ✅ Comment njbwz2w
2025-11-20 16:34:57,725 - INFO - ✅ Comment nja6y7i
2025-11-20 16:34:57,725 - INFO - ✅ Comment njc8z9g
2025-11-20 16:34:57,725 - INFO - ✅ Comment njetwvu
2025-11-20 16:34:57,728 - INFO - ✅ Comment njbx83h
2025-11-20 16:34:57,728 - INFO - ✅ Comment nja87xe
2025-11-20 16:34:57,730 - INFO - ⚙️ Extracting data from post 1ojjtnz
2025-11-20 16:34:57,732 - INFO - ✅ Post 1ojjtnz
2025-11-20 16:34:59,138 - INFO - ⚙️ Extracting data from comments of post 1ojjtnz
2025-11-20 16:34:59,140 - INFO - ✅ Comment nm3jo83
2025-11-20 16:34:59,140 - INFO - ✅ Comment nm3rgsf
2025-11-20 16:34:59,140 - INFO - ✅ Comment nm3thpe
2025-11-20 16:34:59,140 - INFO - ✅ Comment nm5mrwx
2025-11-20 16:34:59,140 - INFO - ✅ Comment nm53ksw
2025-11-20 16:34:59,140 - INFO - ✅ Comment nm5f92y
2025-11-20 16:34:59,140 - INFO - ✅ Comment nm4etzh
2025-11-20 16:34:59,140 - INFO - ✅ Comment nm3q03f
2025-11-20 16:34:59,140 - INFO - ✅ Comment nm3ohj5
2025-11-20 16:34:59,140 - INFO - ✅ Comment nm4lp0o
2025-11-20 16:34:59,140 - INFO - ✅ Comment nm3r4t3
2025-11-20 16:34:59,148 - INFO - ✅ Comment nm62e7l
2025-11-20 16:34:59,148 - INFO - ✅ Comment nm3rl6r
2025-11-20 16:34:59,148 - INFO - ✅ Comment nm3wbmk
2025-11-20 16:34:59,148 - INFO - ✅ Comment nm3l5y0
2025-11-20 16:34:59,148 - INFO - ✅ Comment nm486ou
2025-11-20 16:34:59,148 - INFO - ✅ Comment nm3yz5k
2025-11-20 16:34:59,148 - INFO - ✅ Comment nm50mhy
2025-11-20 16:34:59,148 - INFO - ✅ Comment nm3kh8d
2025-11-20 16:34:59,155 - INFO - ✅ Comment nm44vvf
2025-11-20 16:34:59,159 - INFO - ✅ Comment nm57u1w
2025-11-20 16:34:59,161 - INFO - ✅ Comment nm58kym
2025-11-20 16:34:59,162 - INFO - ✅ Comment nm5ekuq
2025-11-20 16:34:59,162 - INFO - ✅ Comment nm5ix2w
2025-11-20 16:34:59,164 - INFO - ✅ Comment nm6agmi
2025-11-20 16:34:59,164 - INFO - ✅ Comment nm6dkwj
2025-11-20 16:34:59,164 - INFO - ✅ Comment nm7c2qh
2025-11-20 16:34:59,164 - INFO - ✅ Comment nm8b0vw
2025-11-20 16:34:59,164 - INFO - ✅ Comment nm3jzzo
2025-11-20 16:34:59,164 - INFO - ✅ Comment nm3p1yz
2025-11-20 16:34:59,164 - INFO - ✅ Comment nm421n7
2025-11-20 16:34:59,164 - INFO - ✅ Comment nm4czfx
2025-11-20 16:34:59,169 - INFO - ✅ Comment nm3kyp2
2025-11-20 16:34:59,169 - INFO - ✅ Comment nm3sad7
2025-11-20 16:34:59,175 - INFO - ✅ Comment nm3kgc5
2025-11-20 16:34:59,175 - INFO - ✅ Comment nm3md25
2025-11-20 16:34:59,175 - INFO - ✅ Comment nm3uogq
2025-11-20 16:34:59,175 - INFO - ✅ Comment nm3xvmc
2025-11-20 16:34:59,175 - INFO - ✅ Comment nm3lhfd
2025-11-20 16:34:59,175 - INFO - ✅ Comment nm3octh
2025-11-20 16:34:59,175 - INFO - ✅ Comment nm3rg6u
2025-11-20 16:34:59,180 - INFO - ✅ Comment nm3uyqj
2025-11-20 16:34:59,181 - INFO - ✅ Comment nm4cwr9
2025-11-20 16:34:59,181 - INFO - ✅ Comment nm3n2aq
2025-11-20 16:34:59,181 - INFO - ✅ Comment nm455pe
2025-11-20 16:34:59,181 - INFO - ✅ Comment nm4ojc7
2025-11-20 16:34:59,181 - INFO - ✅ Comment nm5gty8
2025-11-20 16:34:59,181 - INFO - ✅ Comment nm66rsj
2025-11-20 16:34:59,190 - INFO - ✅ Comment nm45j6n
2025-11-20 16:34:59,192 - INFO - ✅ Comment nm536bl
2025-11-20 16:34:59,192 - INFO - ✅ Comment nm43lqg
2025-11-20 16:34:59,194 - INFO - ✅ Comment nm4tta0
2025-11-20 16:34:59,194 - INFO - ✅ Comment nm5s1eb
2025-11-20 16:34:59,194 - INFO - ✅ Comment nm4asac
2025-11-20 16:34:59,197 - INFO - ✅ Comment nm4vsur
2025-11-20 16:34:59,197 - INFO - ✅ Comment nm3qxyq
2025-11-20 16:34:59,197 - INFO - ✅ Comment nm3q78v
2025-11-20 16:34:59,197 - INFO - ✅ Comment nm4u541
2025-11-20 16:34:59,197 - INFO - ✅ Comment nm6b91o
2025-11-20 16:34:59,201 - INFO - ✅ Comment nm3syr1
2025-11-20 16:34:59,201 - INFO - ✅ Comment nm4u8jh
2025-11-20 16:34:59,203 - INFO - ✅ Comment nm62m4s
2025-11-20 16:34:59,203 - INFO - ✅ Comment nm437py
2025-11-20 16:34:59,205 - INFO - ✅ Comment nm50sof
2025-11-20 16:34:59,210 - INFO - ✅ Comment nm3m544
2025-11-20 16:34:59,210 - INFO - ✅ Comment nm5t25d
2025-11-20 16:34:59,210 - INFO - ✅ Comment nm4uf5l
2025-11-20 16:34:59,210 - INFO - ✅ Comment nm46tcx
2025-11-20 16:34:59,213 - INFO - ✅ Comment nm4clya
2025-11-20 16:34:59,213 - INFO - ✅ Comment nm5xh1u
2025-11-20 16:34:59,213 - INFO - ✅ Comment nm3rb8b
2025-11-20 16:34:59,213 - INFO - ✅ Comment nm3o6rt
2025-11-20 16:34:59,213 - INFO - ✅ Comment nm3p23m
2025-11-20 16:34:59,213 - INFO - ✅ Comment nm3mwya
2025-11-20 16:34:59,213 - INFO - ✅ Comment nm3nlq8
2025-11-20 16:34:59,213 - INFO - ✅ Comment nm3qt23
2025-11-20 16:34:59,213 - INFO - ✅ Comment nm3pvch
2025-11-20 16:34:59,213 - INFO - ✅ Comment nm4149e
2025-11-20 16:34:59,213 - INFO - ✅ Comment nm5sf28
2025-11-20 16:34:59,213 - INFO - ✅ Comment nm3p69n
2025-11-20 16:34:59,213 - INFO - ✅ Comment nm46hj6
2025-11-20 16:34:59,227 - INFO - ✅ Comment nm4drkp
2025-11-20 16:34:59,227 - INFO - ✅ Comment nm4qx6g
2025-11-20 16:34:59,227 - INFO - ✅ Comment nmcxc5l
2025-11-20 16:34:59,229 - INFO - ✅ Comment nm62mvk
2025-11-20 16:34:59,229 - INFO - ✅ Comment nm46ay8
2025-11-20 16:34:59,229 - INFO - ✅ Comment nm4a33j
2025-11-20 16:34:59,229 - INFO - ✅ Comment nm5svfh
2025-11-20 16:34:59,229 - INFO - ✅ Comment nm5wbd3
2025-11-20 16:34:59,229 - INFO - ✅ Comment nm4z6zp
2025-11-20 16:34:59,229 - INFO - ✅ Comment nm70ue9
2025-11-20 16:34:59,229 - INFO - ✅ Comment nm64gvc
2025-11-20 16:34:59,229 - INFO - ✅ Comment nm53ybn
2025-11-20 16:34:59,229 - INFO - ✅ Comment nm595si
2025-11-20 16:34:59,229 - INFO - ✅ Comment nm58654
2025-11-20 16:34:59,229 - INFO - ✅ Comment nm50wfy
2025-11-20 16:34:59,229 - INFO - ✅ Comment nm3qaas
2025-11-20 16:34:59,229 - INFO - ✅ Comment nm3stll
2025-11-20 16:34:59,229 - INFO - ✅ Comment nm4ud1b
2025-11-20 16:34:59,244 - INFO - ✅ Comment nm4tmj3
2025-11-20 16:34:59,244 - INFO - ✅ Comment nmht0a1
2025-11-20 16:34:59,244 - INFO - ✅ Comment nm5s9n9
2025-11-20 16:34:59,244 - INFO - ✅ Comment nm6rgff
2025-11-20 16:34:59,244 - INFO - ✅ Comment nm3wub5
2025-11-20 16:34:59,244 - INFO - ✅ Comment nm3t4yx
2025-11-20 16:34:59,244 - INFO - ✅ Comment nm5slw0
2025-11-20 16:34:59,244 - INFO - ✅ Comment nm3rbyf
2025-11-20 16:34:59,244 - INFO - ✅ Comment nm3ra65
2025-11-20 16:34:59,244 - INFO - ✅ Comment nm3rpaw
2025-11-20 16:34:59,244 - INFO - ✅ Comment nm41jye
2025-11-20 16:34:59,244 - INFO - ✅ Comment nm3s8od
2025-11-20 16:34:59,244 - INFO - ✅ Comment nm4tug8
2025-11-20 16:34:59,244 - INFO - ✅ Comment nmd0hh8
2025-11-20 16:34:59,244 - INFO - ✅ Comment nm6m5v7
2025-11-20 16:34:59,253 - INFO - ✅ Comment nm4cyke
2025-11-20 16:34:59,253 - INFO - ✅ Comment nm471re
2025-11-20 16:34:59,258 - INFO - ✅ Comment nm4anua
2025-11-20 16:34:59,259 - INFO - ✅ Comment nm71b03
2025-11-20 16:34:59,259 - INFO - ✅ Comment nm71jac
2025-11-20 16:34:59,259 - INFO - ✅ Comment nm6lhfx
2025-11-20 16:34:59,261 - INFO - ✅ Comment nm5yy6c
2025-11-20 16:34:59,261 - INFO - ✅ Comment nm5yuru
2025-11-20 16:34:59,261 - INFO - ✅ Comment nm5s3fu
2025-11-20 16:34:59,261 - INFO - ✅ Comment nm5xlle
2025-11-20 16:34:59,261 - INFO - ✅ Comment nm5057k
2025-11-20 16:34:59,261 - INFO - ✅ Comment nm5d6oj
2025-11-20 16:34:59,265 - INFO - ✅ Comment nm5sd1p
2025-11-20 16:34:59,265 - INFO - ✅ Comment nm3rzyt
2025-11-20 16:34:59,265 - INFO - ✅ Comment nm47btv
2025-11-20 16:34:59,265 - INFO - ✅ Comment nm3sqd1
2025-11-20 16:34:59,265 - INFO - ✅ Comment nm421ew
2025-11-20 16:34:59,265 - INFO - ✅ Comment nm4vlz7
2025-11-20 16:34:59,265 - INFO - ✅ Comment nm4dhhw
2025-11-20 16:34:59,265 - INFO - ✅ Comment nm48ahc
2025-11-20 16:34:59,265 - INFO - ✅ Comment nm4b6s0
2025-11-20 16:34:59,269 - INFO - ✅ Comment nm7px63
2025-11-20 16:34:59,272 - INFO - ✅ Comment nm5sjt2
2025-11-20 16:34:59,275 - INFO - ✅ Comment nm3s3ik
2025-11-20 16:34:59,275 - INFO - ✅ Comment nm47ts1
2025-11-20 16:34:59,275 - INFO - ✅ Comment nm3tset
2025-11-20 16:34:59,275 - INFO - ✅ Comment nm42zzw
2025-11-20 16:34:59,278 - INFO - ✅ Comment nm4xpaf
2025-11-20 16:34:59,278 - INFO - ✅ Comment nm498aj
2025-11-20 16:34:59,278 - INFO - ✅ Comment nm4ciej
2025-11-20 16:34:59,278 - INFO - ✅ Comment nm5sr7t
2025-11-20 16:34:59,278 - INFO - ✅ Comment nm3so23
2025-11-20 16:34:59,278 - INFO - ✅ Comment nm43n52
2025-11-20 16:34:59,278 - INFO - ✅ Comment nm4ameb
2025-11-20 16:34:59,278 - INFO - ✅ Comment nm4lsre
2025-11-20 16:34:59,278 - INFO - ✅ Comment nm5syof
2025-11-20 16:34:59,278 - INFO - ✅ Comment nm3umn3
2025-11-20 16:34:59,278 - INFO - ✅ Comment nm43tuf
2025-11-20 16:34:59,278 - INFO - ✅ Comment nm4bmpw
2025-11-20 16:34:59,278 - INFO - ✅ Comment nm4ncuq
2025-11-20 16:34:59,278 - INFO - ✅ Comment nm3v76b
2025-11-20 16:34:59,278 - INFO - ✅ Comment nm3vfgw
2025-11-20 16:34:59,278 - INFO - ✅ Comment nm3vo4s
2025-11-20 16:34:59,278 - INFO - ⚙️ Extracting data from post 1mctwpa
2025-11-20 16:34:59,290 - INFO - ✅ Post 1mctwpa
2025-11-20 16:35:00,321 - INFO - ⚙️ Extracting data from comments of post 1mctwpa
2025-11-20 16:35:00,324 - INFO - ✅ Comment n5wkchi
2025-11-20 16:35:00,324 - INFO - ✅ Comment n5wm7xy
2025-11-20 16:35:00,324 - INFO - ✅ Comment n5x123i
2025-11-20 16:35:00,324 - INFO - ✅ Comment n5ws71b
2025-11-20 16:35:00,324 - INFO - ✅ Comment n5wy0vd
2025-11-20 16:35:00,324 - INFO - ✅ Comment n5wles3
2025-11-20 16:35:00,324 - INFO - ✅ Comment n5y58f7
2025-11-20 16:35:00,324 - INFO - ✅ Comment n5wnms6
2025-11-20 16:35:00,329 - INFO - ✅ Comment n5wz40v
2025-11-20 16:35:00,329 - INFO - ✅ Comment n5wyxg7
2025-11-20 16:35:00,329 - INFO - ✅ Comment n5wrc55
2025-11-20 16:35:00,332 - INFO - ✅ Comment n5ymx8v
2025-11-20 16:35:00,332 - INFO - ✅ Comment n5y5njk
2025-11-20 16:35:00,332 - INFO - ✅ Comment n5xyyyp
2025-11-20 16:35:00,332 - INFO - ✅ Comment n5zf6sw
2025-11-20 16:35:00,332 - INFO - ✅ Comment n5wqiqp
2025-11-20 16:35:00,332 - INFO - ✅ Comment n5wl6kv
2025-11-20 16:35:00,332 - INFO - ✅ Comment n5x5pp3
2025-11-20 16:35:00,338 - INFO - ✅ Comment n5xfc99
2025-11-20 16:35:00,340 - INFO - ✅ Comment n5wmj8f
2025-11-20 16:35:00,340 - INFO - ✅ Comment n605wb5
2025-11-20 16:35:00,340 - INFO - ✅ Comment n5wov39
2025-11-20 16:35:00,340 - INFO - ✅ Comment n5wwogu
2025-11-20 16:35:00,340 - INFO - ✅ Comment n5wz41r
2025-11-20 16:35:00,340 - INFO - ✅ Comment n5xduz3
2025-11-20 16:35:00,340 - INFO - ✅ Comment n5wz9l2
2025-11-20 16:35:00,340 - INFO - ✅ Comment n5xts70
2025-11-20 16:35:00,346 - INFO - ✅ Comment n5xtk5r
2025-11-20 16:35:00,346 - INFO - ✅ Comment n5x6wa7
2025-11-20 16:35:00,346 - INFO - ✅ Comment n5xyv0a
2025-11-20 16:35:00,351 - INFO - ✅ Comment n5y8sc6
2025-11-20 16:35:00,351 - INFO - ✅ Comment n5xejl4
2025-11-20 16:35:00,351 - INFO - ✅ Comment n5xlm40
2025-11-20 16:35:00,355 - INFO - ✅ Comment n5wmhht
2025-11-20 16:35:00,355 - INFO - ✅ Comment n5x6mbi
2025-11-20 16:35:00,358 - INFO - ✅ Comment n5wmyiu
2025-11-20 16:35:00,360 - INFO - ✅ Comment n5wydap
2025-11-20 16:35:00,360 - INFO - ✅ Comment n5xzyhq
2025-11-20 16:35:00,362 - INFO - ✅ Comment n5x22ux
2025-11-20 16:35:00,362 - INFO - ✅ Comment n5xd1qp
2025-11-20 16:35:00,362 - INFO - ✅ Comment n5xjk6c
2025-11-20 16:35:00,362 - INFO - ✅ Comment n5x1tom
2025-11-20 16:35:00,362 - INFO - ✅ Comment n5wndgt
2025-11-20 16:35:00,362 - INFO - ✅ Comment n5yib00
2025-11-20 16:35:00,362 - INFO - ✅ Comment n5y0i9z
2025-11-20 16:35:00,362 - INFO - ✅ Comment n5xz7x2
2025-11-20 16:35:00,362 - INFO - ✅ Comment n5zkx92
2025-11-20 16:35:00,362 - INFO - ✅ Comment n5x2zke
2025-11-20 16:35:00,362 - INFO - ✅ Comment n5wzqvy
2025-11-20 16:35:00,362 - INFO - ✅ Comment n5wqqke
2025-11-20 16:35:00,362 - INFO - ✅ Comment n5x8fov
2025-11-20 16:35:00,362 - INFO - ✅ Comment n5x1v0z
2025-11-20 16:35:00,374 - INFO - ✅ Comment n5xvpjj
2025-11-20 16:35:00,377 - INFO - ✅ Comment n5ze1g1
2025-11-20 16:35:00,377 - INFO - ✅ Comment n5yx2rb
2025-11-20 16:35:00,377 - INFO - ✅ Comment n5z7ma5
2025-11-20 16:35:00,379 - INFO - ✅ Comment n5xbune
2025-11-20 16:35:00,379 - INFO - ✅ Comment n5y52q9
2025-11-20 16:35:00,379 - INFO - ✅ Comment n5yajmp
2025-11-20 16:35:00,379 - INFO - ✅ Comment n5zeypm
2025-11-20 16:35:00,379 - INFO - ✅ Comment n5x3z46
2025-11-20 16:35:00,379 - INFO - ✅ Comment n5xh97f
2025-11-20 16:35:00,379 - INFO - ✅ Comment n5x7g9t
2025-11-20 16:35:00,379 - INFO - ✅ Comment n60xiwz
2025-11-20 16:35:00,379 - INFO - ✅ Comment n5yj8se
2025-11-20 16:35:00,379 - INFO - ✅ Comment n5xlqw7
2025-11-20 16:35:00,379 - INFO - ✅ Comment n5yisbm
2025-11-20 16:35:00,379 - INFO - ✅ Comment n5x3qmz
2025-11-20 16:35:00,379 - INFO - ✅ Comment n5xn5o4
2025-11-20 16:35:00,391 - INFO - ✅ Comment n5ybu2f
2025-11-20 16:35:00,393 - INFO - ✅ Comment n5x3vnx
2025-11-20 16:35:00,394 - INFO - ✅ Comment n5x04pb
2025-11-20 16:35:00,394 - INFO - ✅ Comment n5xwxy2
2025-11-20 16:35:00,394 - INFO - ✅ Comment n5xduhr
2025-11-20 16:35:00,394 - INFO - ✅ Comment n5xon4j
2025-11-20 16:35:00,396 - INFO - ✅ Comment n5xql8b
2025-11-20 16:35:00,396 - INFO - ✅ Comment n5ypuj8
2025-11-20 16:35:00,396 - INFO - ✅ Comment n62jzqy
2025-11-20 16:35:00,396 - INFO - ✅ Comment n5y64g7
2025-11-20 16:35:00,396 - INFO - ✅ Comment n5yci2x
2025-11-20 16:35:00,396 - INFO - ✅ Comment n5yxk0j
2025-11-20 16:35:00,396 - INFO - ✅ Comment n5zo2qs
2025-11-20 16:35:00,396 - INFO - ✅ Comment n60c28k
2025-11-20 16:35:00,396 - INFO - ✅ Comment n5xbrgo
2025-11-20 16:35:00,396 - INFO - ✅ Comment n5xhst4
2025-11-20 16:35:00,396 - INFO - ✅ Comment n5xbtrn
2025-11-20 16:35:00,396 - INFO - ✅ Comment n5ycjbg
2025-11-20 16:35:00,396 - INFO - ✅ Comment n5x7n51
2025-11-20 16:35:00,396 - INFO - ✅ Comment n5y9aof
2025-11-20 16:35:00,406 - INFO - ✅ Comment n5y4z1r
2025-11-20 16:35:00,406 - INFO - ✅ Comment n60imok
2025-11-20 16:35:00,406 - INFO - ✅ Comment n5xy3ra
2025-11-20 16:35:00,406 - INFO - ✅ Comment n5z0h60
2025-11-20 16:35:00,406 - INFO - ✅ Comment n5z1z3a
2025-11-20 16:35:00,406 - INFO - ✅ Comment n5zeedo
2025-11-20 16:35:00,406 - INFO - ✅ Comment n60f2m1
2025-11-20 16:35:00,406 - INFO - ✅ Comment n5xj6iz
2025-11-20 16:35:00,406 - INFO - ✅ Comment n5xjalp
2025-11-20 16:35:00,406 - INFO - ✅ Comment n5ym4o7
2025-11-20 16:35:00,406 - INFO - ✅ Comment n5yeero
2025-11-20 16:35:00,412 - INFO - ✅ Comment n5yms7y
2025-11-20 16:35:00,414 - INFO - ✅ Comment n5y0puk
2025-11-20 16:35:00,417 - INFO - ✅ Comment n5y0yky
2025-11-20 16:35:00,419 - INFO - ✅ Comment n5z50m2
2025-11-20 16:35:00,419 - INFO - ✅ Comment n60fsps
2025-11-20 16:35:00,419 - INFO - ✅ Comment n5yzlmr
2025-11-20 16:35:00,419 - INFO - ✅ Comment n5z051h
2025-11-20 16:35:00,426 - INFO - ✅ Comment n5z1sbc
2025-11-20 16:35:00,428 - INFO - ✅ Comment n5yence
2025-11-20 16:35:00,429 - INFO - ✅ Comment n5y3ord
2025-11-20 16:35:00,429 - INFO - ✅ Comment n5zn1nq
2025-11-20 16:35:00,429 - INFO - ✅ Comment n5zdb17
2025-11-20 16:35:00,429 - INFO - ✅ Comment n63306v
2025-11-20 16:35:00,429 - INFO - ✅ Comment n60k5p7
2025-11-20 16:35:00,429 - INFO - ✅ Comment n5zk63w
2025-11-20 16:35:00,429 - INFO - ✅ Comment n5ygtzz
2025-11-20 16:35:00,429 - INFO - ✅ Comment n5zfxs0
2025-11-20 16:35:00,429 - INFO - ✅ Comment n5y4a3u
2025-11-20 16:35:00,429 - INFO - ✅ Comment n6070ah
2025-11-20 16:35:00,429 - INFO - ✅ Comment n5zrmyq
2025-11-20 16:35:00,429 - INFO - ✅ Comment n60khwp
2025-11-20 16:35:00,429 - INFO - ✅ Comment n6334ll
2025-11-20 16:35:00,442 - INFO - ✅ Comment n5yh0ro
2025-11-20 16:35:00,445 - INFO - ✅ Comment n60bn4n
2025-11-20 16:35:00,445 - INFO - ✅ Comment n5y72q7
2025-11-20 16:35:00,445 - INFO - ✅ Comment n60kw8l
2025-11-20 16:35:00,445 - INFO - ✅ Comment n5ykhad
2025-11-20 16:35:00,445 - INFO - ✅ Comment n60deht
2025-11-20 16:35:00,445 - INFO - ✅ Comment n5y76uf
2025-11-20 16:35:00,445 - INFO - ✅ Comment n60l1uj
2025-11-20 16:35:00,445 - INFO - ✅ Comment n5ynlzz
2025-11-20 16:35:00,445 - INFO - ✅ Comment n60dy6a
2025-11-20 16:35:00,445 - INFO - ✅ Comment n5z0o47
2025-11-20 16:35:00,445 - INFO - ✅ Comment n5ymqv1
2025-11-20 16:35:00,445 - INFO - ✅ Comment n60gk0n
2025-11-20 16:35:00,445 - INFO - ⚙️ Extracting data from post 1ndqp8o
2025-11-20 16:35:00,445 - INFO - ✅ Post 1ndqp8o
2025-11-20 16:35:01,377 - INFO - ⚙️ Extracting data from comments of post 1ndqp8o
2025-11-20 16:35:01,381 - INFO - ✅ Comment nditzb3
2025-11-20 16:35:01,381 - INFO - ✅ Comment ndiuybm
2025-11-20 16:35:01,381 - INFO - ✅ Comment ndiujou
2025-11-20 16:35:01,381 - INFO - ✅ Comment ndjgzhz
2025-11-20 16:35:01,381 - INFO - ✅ Comment ndj0t93
2025-11-20 16:35:01,381 - INFO - ✅ Comment ndiu6l1
2025-11-20 16:35:01,381 - INFO - ✅ Comment ndizryv
2025-11-20 16:35:01,381 - INFO - ✅ Comment ndjuaff
2025-11-20 16:35:01,392 - INFO - ✅ Comment ndiujdo
2025-11-20 16:35:01,392 - INFO - ✅ Comment ndiwp9t
2025-11-20 16:35:01,392 - INFO - ✅ Comment ndiu4oy
2025-11-20 16:35:01,392 - INFO - ✅ Comment ndiul9m
2025-11-20 16:35:01,395 - INFO - ✅ Comment ndk000a
2025-11-20 16:35:01,395 - INFO - ✅ Comment ndjukh4
2025-11-20 16:35:01,395 - INFO - ✅ Comment ndium5n
2025-11-20 16:35:01,395 - INFO - ✅ Comment ndiwaac
2025-11-20 16:35:01,401 - INFO - ✅ Comment ndj1u57
2025-11-20 16:35:01,401 - INFO - ✅ Comment ndiuog9
2025-11-20 16:35:01,401 - INFO - ✅ Comment nditzdy
2025-11-20 16:35:01,401 - INFO - ✅ Comment ndlv8y9
2025-11-20 16:35:01,409 - INFO - ✅ Comment ndiurce
2025-11-20 16:35:01,409 - INFO - ✅ Comment ndivp7v
2025-11-20 16:35:01,411 - INFO - ✅ Comment ndiuvkt
2025-11-20 16:35:01,411 - INFO - ✅ Comment ndiv8d6
2025-11-20 16:35:01,426 - INFO - ✅ Comment ndj1jwc
2025-11-20 16:35:01,427 - INFO - ✅ Comment ndj87md
2025-11-20 16:35:01,428 - INFO - ✅ Comment ndj18f6
2025-11-20 16:35:01,428 - INFO - ✅ Comment ndj2sdq
2025-11-20 16:35:01,430 - INFO - ✅ Comment ndkeb0o
2025-11-20 16:35:01,433 - INFO - ✅ Comment ndj0uad
2025-11-20 16:35:01,433 - INFO - ✅ Comment ndixny9
2025-11-20 16:35:01,433 - INFO - ✅ Comment ndiunp5
2025-11-20 16:35:01,433 - INFO - ✅ Comment ndltapi
2025-11-20 16:35:01,436 - INFO - ✅ Comment ndkisbb
2025-11-20 16:35:01,437 - INFO - ✅ Comment ndivb3c
2025-11-20 16:35:01,439 - INFO - ✅ Comment ndiuv96
2025-11-20 16:35:01,445 - INFO - ✅ Comment ndivdla
2025-11-20 16:35:01,446 - INFO - ✅ Comment ndj6z8s
2025-11-20 16:35:01,447 - INFO - ✅ Comment ndky6dw
2025-11-20 16:35:01,447 - INFO - ✅ Comment ndj2323
2025-11-20 16:35:01,449 - INFO - ✅ Comment ndiylgq
2025-11-20 16:35:01,449 - INFO - ✅ Comment ndvbb78
2025-11-20 16:35:01,449 - INFO - ✅ Comment ndiui8u
2025-11-20 16:35:01,452 - INFO - ✅ Comment ndklwzr
2025-11-20 16:35:01,452 - INFO - ✅ Comment ndj2wxi
2025-11-20 16:35:01,455 - INFO - ✅ Comment ndkfmis
2025-11-20 16:35:01,455 - INFO - ✅ Comment ndiui76
2025-11-20 16:35:01,455 - INFO - ✅ Comment ndiuo84
2025-11-20 16:35:01,459 - INFO - ✅ Comment ndiuh2k
2025-11-20 16:35:01,459 - INFO - ✅ Comment ndjdhha
2025-11-20 16:35:01,462 - INFO - ✅ Comment ndiv094
2025-11-20 16:35:01,463 - INFO - ✅ Comment ndiuuo4
2025-11-20 16:35:01,463 - INFO - ✅ Comment ndiw1rj
2025-11-20 16:35:01,463 - INFO - ✅ Comment ndixiw3
2025-11-20 16:35:01,463 - INFO - ✅ Comment ndix2n1
2025-11-20 16:35:01,463 - INFO - ✅ Comment ndj1zc6
2025-11-20 16:35:01,463 - INFO - ✅ Comment ndja9ud
2025-11-20 16:35:01,463 - INFO - ✅ Comment ndk183g
2025-11-20 16:35:01,463 - INFO - ✅ Comment ndj41gz
2025-11-20 16:35:01,468 - INFO - ✅ Comment ndj3tot
2025-11-20 16:35:01,468 - INFO - ✅ Comment ndj386y
2025-11-20 16:35:01,468 - INFO - ✅ Comment ndjc3hu
2025-11-20 16:35:01,468 - INFO - ✅ Comment ndj3lyf
2025-11-20 16:35:01,473 - INFO - ✅ Comment ndjcgvu
2025-11-20 16:35:01,473 - INFO - ✅ Comment ndixiux
2025-11-20 16:35:01,473 - INFO - ✅ Comment ndivxbn
2025-11-20 16:35:01,473 - INFO - ✅ Comment ndix5l1
2025-11-20 16:35:01,473 - INFO - ✅ Comment ndk8x1h
2025-11-20 16:35:01,476 - INFO - ✅ Comment ndvlthr
2025-11-20 16:35:01,476 - INFO - ✅ Comment ndiuslb
2025-11-20 16:35:01,476 - INFO - ✅ Comment ndivaui
2025-11-20 16:35:01,476 - INFO - ✅ Comment ndkmsn0
2025-11-20 16:35:01,482 - INFO - ✅ Comment ndiupxe
2025-11-20 16:35:01,482 - INFO - ✅ Comment ndjdj2b
2025-11-20 16:35:01,482 - INFO - ✅ Comment ndiwf5q
2025-11-20 16:35:01,486 - INFO - ✅ Comment ndixw6e
2025-11-20 16:35:01,486 - INFO - ✅ Comment ndj8kwh
2025-11-20 16:35:01,489 - INFO - ✅ Comment ndjera1
2025-11-20 16:35:01,489 - INFO - ✅ Comment ndj3zy2
2025-11-20 16:35:01,489 - INFO - ✅ Comment ndj3dhb
2025-11-20 16:35:01,492 - INFO - ✅ Comment ndjh5f9
2025-11-20 16:35:01,493 - INFO - ✅ Comment ndj21bg
2025-11-20 16:35:01,494 - INFO - ✅ Comment ndiw8d9
2025-11-20 16:35:01,494 - INFO - ✅ Comment ndiwssh
2025-11-20 16:35:01,494 - INFO - ✅ Comment ndkcscc
2025-11-20 16:35:01,494 - INFO - ✅ Comment ndkybgw
2025-11-20 16:35:01,494 - INFO - ✅ Comment ndvwiuh
2025-11-20 16:35:01,494 - INFO - ✅ Comment ndiwnb5
2025-11-20 16:35:01,494 - INFO - ✅ Comment ndj6e4o
2025-11-20 16:35:01,494 - INFO - ✅ Comment ndknikf
2025-11-20 16:35:01,500 - INFO - ✅ Comment ndiux5k
2025-11-20 16:35:01,500 - INFO - ✅ Comment ndj1ph0
2025-11-20 16:35:01,501 - INFO - ✅ Comment ndixsxw
2025-11-20 16:35:01,502 - INFO - ✅ Comment ndjw07j
2025-11-20 16:35:01,502 - INFO - ✅ Comment ndiydy2
2025-11-20 16:35:01,504 - INFO - ✅ Comment ndizlvy
2025-11-20 16:35:01,507 - INFO - ✅ Comment ndjajui
2025-11-20 16:35:01,511 - INFO - ✅ Comment ndjl590
2025-11-20 16:35:01,511 - INFO - ✅ Comment ndjexvj
2025-11-20 16:35:01,511 - INFO - ✅ Comment ndjfv32
2025-11-20 16:35:01,511 - INFO - ✅ Comment ndji3ed
2025-11-20 16:35:01,513 - INFO - ✅ Comment ndj6n70
2025-11-20 16:35:01,513 - INFO - ✅ Comment ndixgu9
2025-11-20 16:35:01,513 - INFO - ✅ Comment ndiy48v
2025-11-20 16:35:01,513 - INFO - ✅ Comment ndj0noh
2025-11-20 16:35:01,513 - INFO - ✅ Comment ndki3hj
2025-11-20 16:35:01,517 - INFO - ✅ Comment ndjb3i2
2025-11-20 16:35:01,517 - INFO - ✅ Comment ndjq0o3
2025-11-20 16:35:01,518 - INFO - ✅ Comment ndl30gf
2025-11-20 16:35:01,518 - INFO - ✅ Comment ndjll64
2025-11-20 16:35:01,518 - INFO - ✅ Comment ndjyv9l
2025-11-20 16:35:01,518 - INFO - ✅ Comment ndizrhm
2025-11-20 16:35:01,518 - INFO - ✅ Comment ndj0v2w
2025-11-20 16:35:01,522 - INFO - ✅ Comment ndjcr1n
2025-11-20 16:35:01,522 - INFO - ✅ Comment ndjcinq
2025-11-20 16:35:01,524 - INFO - ✅ Comment ndq5yuo
2025-11-20 16:35:01,525 - INFO - ✅ Comment ndj1xhm
2025-11-20 16:35:01,526 - INFO - ✅ Comment ndq68w7
2025-11-20 16:35:01,527 - INFO - ✅ Comment ndq9cl4
2025-11-20 16:35:01,528 - INFO - ⚙️ Extracting data from post 1o5c29r
2025-11-20 16:35:01,529 - INFO - ✅ Post 1o5c29r
2025-11-20 16:35:02,835 - INFO - ⚙️ Extracting data from comments of post 1o5c29r
2025-11-20 16:35:02,835 - INFO - ✅ Comment nj8bmsi
2025-11-20 16:35:02,841 - INFO - ✅ Comment nj8e4mp
2025-11-20 16:35:02,843 - INFO - ✅ Comment nj8bzye
2025-11-20 16:35:02,843 - INFO - ✅ Comment nj8t97i
2025-11-20 16:35:02,845 - INFO - ✅ Comment nj8jcbi
2025-11-20 16:35:02,845 - INFO - ✅ Comment nj8dr75
2025-11-20 16:35:02,845 - INFO - ✅ Comment nj8eor7
2025-11-20 16:35:02,845 - INFO - ✅ Comment nj9882l
2025-11-20 16:35:02,845 - INFO - ✅ Comment nj8hm37
2025-11-20 16:35:02,845 - INFO - ✅ Comment nj8m981
2025-11-20 16:35:02,845 - INFO - ✅ Comment nj8vw6i
2025-11-20 16:35:02,845 - INFO - ✅ Comment nj8j7pi
2025-11-20 16:35:02,852 - INFO - ✅ Comment nj8d8gp
2025-11-20 16:35:02,858 - INFO - ✅ Comment nj8i6vz
2025-11-20 16:35:02,860 - INFO - ✅ Comment nj93pa9
2025-11-20 16:35:02,862 - INFO - ✅ Comment nj9bzkt
2025-11-20 16:35:02,862 - INFO - ✅ Comment nj93u8y
2025-11-20 16:35:02,866 - INFO - ✅ Comment nj8lawf
2025-11-20 16:35:02,868 - INFO - ✅ Comment nj8hbhl
2025-11-20 16:35:02,868 - INFO - ✅ Comment nj8qoba
2025-11-20 16:35:02,868 - INFO - ✅ Comment nj8ugam
2025-11-20 16:35:02,874 - INFO - ✅ Comment nj8v2i5
2025-11-20 16:35:02,876 - INFO - ✅ Comment nj9qqez
2025-11-20 16:35:02,876 - INFO - ✅ Comment nj8vblk
2025-11-20 16:35:02,876 - INFO - ✅ Comment nj8qrc9
2025-11-20 16:35:02,879 - INFO - ✅ Comment nj8qtbx
2025-11-20 16:35:02,879 - INFO - ✅ Comment nj9o5ff
2025-11-20 16:35:02,879 - INFO - ✅ Comment nj8s698
2025-11-20 16:35:02,879 - INFO - ✅ Comment nj8fnr9
2025-11-20 16:35:02,879 - INFO - ✅ Comment nj8f0ix
2025-11-20 16:35:02,882 - INFO - ✅ Comment nj8qgkg
2025-11-20 16:35:02,882 - INFO - ✅ Comment nj8i2ri
2025-11-20 16:35:02,882 - INFO - ✅ Comment nj8jgic
2025-11-20 16:35:02,882 - INFO - ✅ Comment nj8fl2u
2025-11-20 16:35:02,882 - INFO - ✅ Comment nj8m7f7
2025-11-20 16:35:02,882 - INFO - ✅ Comment nj9uwji
2025-11-20 16:35:02,882 - INFO - ✅ Comment nj9rzgp
2025-11-20 16:35:02,886 - INFO - ✅ Comment nj8hrem
2025-11-20 16:35:02,892 - INFO - ✅ Comment nj8wwai
2025-11-20 16:35:02,893 - INFO - ✅ Comment nj8w676
2025-11-20 16:35:02,893 - INFO - ✅ Comment nj9lwjv
2025-11-20 16:35:02,895 - INFO - ✅ Comment nja8agq
2025-11-20 16:35:02,895 - INFO - ✅ Comment nje5adj
2025-11-20 16:35:02,895 - INFO - ✅ Comment nj8rdav
2025-11-20 16:35:02,895 - INFO - ✅ Comment nj9pr70
2025-11-20 16:35:02,895 - INFO - ✅ Comment nj8vfdt
2025-11-20 16:35:02,895 - INFO - ✅ Comment nj8sfps
2025-11-20 16:35:02,895 - INFO - ✅ Comment nj8hdmz
2025-11-20 16:35:02,895 - INFO - ✅ Comment nj8hh6a
2025-11-20 16:35:02,895 - INFO - ✅ Comment nj8gsed
2025-11-20 16:35:02,895 - INFO - ✅ Comment nj8f3n2
2025-11-20 16:35:02,895 - INFO - ✅ Comment nj8fmpj
2025-11-20 16:35:02,895 - INFO - ✅ Comment nj8farl
2025-11-20 16:35:02,895 - INFO - ✅ Comment nj8uz3x
2025-11-20 16:35:02,907 - INFO - ✅ Comment nja6zq0
2025-11-20 16:35:02,911 - INFO - ✅ Comment nja2pf2
2025-11-20 16:35:02,911 - INFO - ✅ Comment nj8i9px
2025-11-20 16:35:02,915 - INFO - ✅ Comment nj8h0ws
2025-11-20 16:35:02,917 - INFO - ✅ Comment nj8hpf3
2025-11-20 16:35:02,917 - INFO - ✅ Comment nj8npx9
2025-11-20 16:35:02,934 - INFO - ✅ Comment njbzktd
2025-11-20 16:35:02,947 - INFO - ✅ Comment nj8j6ks
2025-11-20 16:35:02,957 - INFO - ✅ Comment nj8m7vm
2025-11-20 16:35:03,068 - INFO - ✅ Comment nj8xd1b
2025-11-20 16:35:03,076 - INFO - ✅ Comment njanpa0
2025-11-20 16:35:03,086 - INFO - ✅ Comment njaq7um
2025-11-20 16:35:03,201 - INFO - ✅ Comment nj8rs0x
2025-11-20 16:35:03,215 - INFO - ✅ Comment nj9m4er
2025-11-20 16:35:03,231 - INFO - ✅ Comment nj8ywk0
2025-11-20 16:35:03,239 - INFO - ✅ Comment nj8t811
2025-11-20 16:35:03,247 - INFO - ✅ Comment nj8uf4r
2025-11-20 16:35:03,359 - INFO - ✅ Comment nj8hnlu
2025-11-20 16:35:03,374 - INFO - ✅ Comment nj8m67a
2025-11-20 16:35:03,382 - INFO - ✅ Comment nj8hp32
2025-11-20 16:35:03,382 - INFO - ✅ Comment nj8vla1
2025-11-20 16:35:03,382 - INFO - ✅ Comment nj8mq3p
2025-11-20 16:35:03,382 - INFO - ✅ Comment nj8u1lm
2025-11-20 16:35:03,386 - INFO - ✅ Comment nj8ozzz
2025-11-20 16:35:03,391 - INFO - ✅ Comment nj8mfp6
2025-11-20 16:35:03,393 - INFO - ✅ Comment nj8xi42
2025-11-20 16:35:03,394 - INFO - ✅ Comment njdypst
2025-11-20 16:35:03,395 - INFO - ✅ Comment nj96nz5
2025-11-20 16:35:03,395 - INFO - ✅ Comment nj90pb7
2025-11-20 16:35:03,395 - INFO - ✅ Comment nj8zk2f
2025-11-20 16:35:03,395 - INFO - ✅ Comment nj8jvdx
2025-11-20 16:35:03,395 - INFO - ✅ Comment nj8md5m
2025-11-20 16:35:03,395 - INFO - ✅ Comment nj8qbkq
2025-11-20 16:35:03,395 - INFO - ✅ Comment nj8utvb
2025-11-20 16:35:03,399 - INFO - ✅ Comment nj8k8m5
2025-11-20 16:35:03,399 - INFO - ✅ Comment nj8jozp
2025-11-20 16:35:03,399 - INFO - ✅ Comment nj8wrch
2025-11-20 16:35:03,399 - INFO - ✅ Comment nj8wtp7
2025-11-20 16:35:03,399 - INFO - ✅ Comment nj8yae3
2025-11-20 16:35:03,402 - INFO - ✅ Comment njegbvf
2025-11-20 16:35:03,402 - INFO - ✅ Comment nj98xl5
2025-11-20 16:35:03,402 - INFO - ✅ Comment nj929oi
2025-11-20 16:35:03,405 - INFO - ✅ Comment nj91nyb
2025-11-20 16:35:03,405 - INFO - ✅ Comment nj8sd78
2025-11-20 16:35:03,405 - INFO - ✅ Comment njalxrj
2025-11-20 16:35:03,405 - INFO - ✅ Comment njapjk3
2025-11-20 16:35:03,411 - INFO - ✅ Comment njfd0rg
2025-11-20 16:35:03,430 - INFO - ✅ Comment nj9bn8y
2025-11-20 16:35:03,436 - INFO - ✅ Comment nj9d3pr
2025-11-20 16:35:03,530 - INFO - ✅ Comment nj935vk
2025-11-20 16:35:03,547 - INFO - ✅ Comment nj93grp
2025-11-20 16:35:03,552 - INFO - ✅ Comment nj91xnt
2025-11-20 16:35:03,613 - INFO - ✅ Comment njamnmn
2025-11-20 16:35:03,679 - INFO - ✅ Comment njap42z
2025-11-20 16:35:03,689 - INFO - ✅ Comment njaqfr0
2025-11-20 16:35:03,695 - INFO - ✅ Comment njge7d2
2025-11-20 16:35:03,711 - INFO - ✅ Comment nj9d27v
2025-11-20 16:35:03,714 - INFO - ✅ Comment nj9m6nw
2025-11-20 16:35:03,715 - INFO - ✅ Comment njap7fm
2025-11-20 16:35:03,715 - INFO - ✅ Comment njiob8b
2025-11-20 16:35:03,716 - INFO - ✅ Comment nj9j9iy
2025-11-20 16:35:03,716 - INFO - ✅ Comment njaq6et
2025-11-20 16:35:03,716 - INFO - ✅ Comment njkkorl
2025-11-20 16:35:03,716 - INFO - ✅ Comment nj9l70r
2025-11-20 16:35:03,716 - INFO - -> Unique POSTS: 8 | Unique COMMENTS: 1051
2025-11-20 16:35:04,920 - INFO - Processing r/Conservative | Query: '((gaza OR palestine*) AND (ham...' | Sort: relevance
2025-11-20 16:35:05,545 - INFO - ⚙️ Extracting data from post 1mf5v15
2025-11-20 16:35:05,545 - INFO - ✅ Post 1mf5v15
2025-11-20 16:35:06,243 - INFO - ⚙️ Extracting data from comments of post 1mf5v15
2025-11-20 16:35:06,243 - INFO - ✅ Comment n6elbnq
2025-11-20 16:35:06,243 - INFO - ✅ Comment n6el3zx
2025-11-20 16:35:06,243 - INFO - ✅ Comment n6gi8ca
2025-11-20 16:35:06,243 - INFO - ✅ Comment n6em3gg
2025-11-20 16:35:06,243 - INFO - ✅ Comment n6eplrs
2025-11-20 16:35:06,243 - INFO - ✅ Comment n6h89vc
2025-11-20 16:35:06,243 - INFO - ✅ Comment n6f8y2x
2025-11-20 16:35:06,243 - INFO - ✅ Comment n6hk5ud
2025-11-20 16:35:06,243 - INFO - ✅ Comment n6f6qf7
2025-11-20 16:35:06,243 - INFO - ✅ Comment n6ewydl
2025-11-20 16:35:06,243 - INFO - ✅ Comment n6k546a
2025-11-20 16:35:06,243 - INFO - ✅ Comment n6g1ml0
2025-11-20 16:35:06,243 - INFO - ✅ Comment n6gylrk
2025-11-20 16:35:06,243 - INFO - ✅ Comment n6h7m1j
2025-11-20 16:35:06,243 - INFO - ✅ Comment n6he23q
2025-11-20 16:35:06,243 - INFO - ✅ Comment n6g9jaj
2025-11-20 16:35:06,243 - INFO - ✅ Comment n6gvgso
2025-11-20 16:35:06,243 - INFO - ✅ Comment n6eqv3e
2025-11-20 16:35:06,243 - INFO - ✅ Comment n6fg37a
2025-11-20 16:35:06,243 - INFO - ✅ Comment n6hwn6d
2025-11-20 16:35:06,243 - INFO - ✅ Comment n6i0fq7
2025-11-20 16:35:06,243 - INFO - ✅ Comment n6ez7pr
2025-11-20 16:35:06,243 - INFO - ✅ Comment n6gd8ok
2025-11-20 16:35:06,243 - INFO - ✅ Comment n6f8jfl
2025-11-20 16:35:06,243 - INFO - ✅ Comment n6f66g0
2025-11-20 16:35:06,243 - INFO - ✅ Comment n6hdubr
2025-11-20 16:35:06,243 - INFO - ✅ Comment n6ispy7
2025-11-20 16:35:06,251 - INFO - ✅ Comment n6itisg
2025-11-20 16:35:06,251 - INFO - ✅ Comment n6ihub2
2025-11-20 16:35:06,251 - INFO - ✅ Comment n6fxhyo
2025-11-20 16:35:06,251 - INFO - ✅ Comment n6fo5qr
2025-11-20 16:35:06,251 - INFO - ✅ Comment n6fukl3
2025-11-20 16:35:06,251 - INFO - ✅ Comment n6f8pn6
2025-11-20 16:35:06,251 - INFO - ✅ Comment n6h9kt8
2025-11-20 16:35:06,251 - INFO - ✅ Comment n6ftsml
2025-11-20 16:35:06,251 - INFO - ✅ Comment n6i5z3m
2025-11-20 16:35:06,251 - INFO - ✅ Comment n6jwmcb
2025-11-20 16:35:06,251 - INFO - ✅ Comment n6htwos
2025-11-20 16:35:06,251 - INFO - ✅ Comment n6h6klr
2025-11-20 16:35:06,254 - INFO - ✅ Comment n6gnznk
2025-11-20 16:35:06,254 - INFO - ✅ Comment n6ff1kt
2025-11-20 16:35:06,256 - INFO - ✅ Comment n6g6ykq
2025-11-20 16:35:06,256 - INFO - ✅ Comment n6koc3q
2025-11-20 16:35:06,256 - INFO - ✅ Comment n6jug5v
2025-11-20 16:35:06,256 - INFO - ✅ Comment n6inoc4
2025-11-20 16:35:06,256 - INFO - ✅ Comment n6jve5x
2025-11-20 16:35:06,256 - INFO - ✅ Comment n6m8bfj
2025-11-20 16:35:06,256 - INFO - ✅ Comment n6odzc6
2025-11-20 16:35:06,256 - INFO - ✅ Comment n6jy48q
2025-11-20 16:35:06,256 - INFO - ✅ Comment n6klvrh
2025-11-20 16:35:06,256 - INFO - ⚙️ Extracting data from post 1o5fda3
2025-11-20 16:35:06,259 - INFO - ✅ Post 1o5fda3
2025-11-20 16:35:06,738 - INFO - ⚙️ Extracting data from comments of post 1o5fda3
2025-11-20 16:35:06,738 - INFO - ✅ Comment nj8za31
2025-11-20 16:35:06,738 - INFO - ✅ Comment nj90ob7
2025-11-20 16:35:06,738 - INFO - ✅ Comment nj9l04n
2025-11-20 16:35:06,738 - INFO - ✅ Comment nj9nuzx
2025-11-20 16:35:06,738 - INFO - ✅ Comment nj90ssp
2025-11-20 16:35:06,738 - INFO - ✅ Comment nj9tvee
2025-11-20 16:35:06,738 - INFO - ✅ Comment nj96cyd
2025-11-20 16:35:06,738 - INFO - ✅ Comment nj94v6m
2025-11-20 16:35:06,738 - INFO - ✅ Comment nj9i4hr
2025-11-20 16:35:06,738 - INFO - ✅ Comment nj9x9k8
2025-11-20 16:35:06,738 - INFO - ✅ Comment nj9311q
2025-11-20 16:35:06,738 - INFO - ✅ Comment njafys7
2025-11-20 16:35:06,738 - INFO - ✅ Comment nj966sm
2025-11-20 16:35:06,738 - INFO - ✅ Comment njb4hpu
2025-11-20 16:35:06,745 - INFO - ✅ Comment nj9ao2u
2025-11-20 16:35:06,745 - INFO - ✅ Comment nj9qei1
2025-11-20 16:35:06,745 - INFO - ✅ Comment nj9rq56
2025-11-20 16:35:06,747 - INFO - ✅ Comment nj9q8b4
2025-11-20 16:35:06,747 - INFO - ✅ Comment nja26ea
2025-11-20 16:35:06,747 - INFO - ✅ Comment nj99byo
2025-11-20 16:35:06,747 - INFO - ✅ Comment nja1rac
2025-11-20 16:35:06,747 - INFO - ✅ Comment nj9ue6g
2025-11-20 16:35:06,748 - INFO - ✅ Comment nj9ulk3
2025-11-20 16:35:06,748 - INFO - ✅ Comment nja4joy
2025-11-20 16:35:06,749 - INFO - ✅ Comment nj9h7js
2025-11-20 16:35:06,749 - INFO - ✅ Comment nj9q9j0
2025-11-20 16:35:06,750 - INFO - ✅ Comment njambsp
2025-11-20 16:35:06,751 - INFO - ✅ Comment njabhhv
2025-11-20 16:35:06,751 - INFO - ✅ Comment nj9unuk
2025-11-20 16:35:06,753 - INFO - ✅ Comment njasspx
2025-11-20 16:35:06,755 - INFO - ⚙️ Extracting data from post 1l7c601
2025-11-20 16:35:06,756 - INFO - ✅ Post 1l7c601
2025-11-20 16:35:07,195 - INFO - ⚙️ Extracting data from comments of post 1l7c601
2025-11-20 16:35:07,195 - INFO - ✅ Comment mwvn2kk
2025-11-20 16:35:07,195 - INFO - ✅ Comment mwvmrsi
2025-11-20 16:35:07,195 - INFO - ✅ Comment mwvlwka
2025-11-20 16:35:07,195 - INFO - ✅ Comment mwvkzvi
2025-11-20 16:35:07,195 - INFO - ✅ Comment mwvomgb
2025-11-20 16:35:07,195 - INFO - ✅ Comment mww5sj1
2025-11-20 16:35:07,195 - INFO - ✅ Comment mwvreo4
2025-11-20 16:35:07,195 - INFO - ✅ Comment mwvjo6c
2025-11-20 16:35:07,195 - INFO - ✅ Comment mwwo2wh
2025-11-20 16:35:07,195 - INFO - ✅ Comment mwwl637
2025-11-20 16:35:07,201 - INFO - ✅ Comment mww5ie9
2025-11-20 16:35:07,201 - INFO - ✅ Comment mwvx0gq
2025-11-20 16:35:07,201 - INFO - ✅ Comment mwvmicy
2025-11-20 16:35:07,201 - INFO - ✅ Comment mwvtfds
2025-11-20 16:35:07,201 - INFO - ✅ Comment mwvpu4i
2025-11-20 16:35:07,201 - INFO - ✅ Comment mwvx1yy
2025-11-20 16:35:07,201 - INFO - ✅ Comment mwvvx4i
2025-11-20 16:35:07,201 - INFO - ✅ Comment mwvrjgs
2025-11-20 16:35:07,201 - INFO - ✅ Comment mwvmaqp
2025-11-20 16:35:07,201 - INFO - ✅ Comment mww4rbd
2025-11-20 16:35:07,206 - INFO - ✅ Comment mwxffv1
2025-11-20 16:35:07,206 - INFO - ✅ Comment mww4vda
2025-11-20 16:35:07,206 - INFO - ✅ Comment mwvn5bj
2025-11-20 16:35:07,206 - INFO - ✅ Comment mwvxjl3
2025-11-20 16:35:07,206 - INFO - ✅ Comment mwvnkdq
2025-11-20 16:35:07,206 - INFO - ✅ Comment mwybxzt
2025-11-20 16:35:07,206 - INFO - ✅ Comment mwvzj0b
2025-11-20 16:35:07,206 - INFO - ✅ Comment mwvzuxq
2025-11-20 16:35:07,206 - INFO - ✅ Comment mwxdj4p
2025-11-20 16:35:07,206 - INFO - ✅ Comment mwvw5t6
2025-11-20 16:35:07,206 - INFO - ✅ Comment mwvno2b
2025-11-20 16:35:07,206 - INFO - ✅ Comment mwvq0sg
2025-11-20 16:35:07,206 - INFO - ✅ Comment mww4gac
2025-11-20 16:35:07,206 - INFO - ✅ Comment mwwa008
2025-11-20 16:35:07,206 - INFO - ✅ Comment mwz3uj0
2025-11-20 16:35:07,206 - INFO - ✅ Comment mwwcnw2
2025-11-20 16:35:07,206 - INFO - ⚙️ Extracting data from post 1o6794n
2025-11-20 16:35:07,206 - INFO - ✅ Post 1o6794n
2025-11-20 16:35:08,481 - INFO - ⚙️ Extracting data from comments of post 1o6794n
2025-11-20 16:35:08,485 - INFO - ✅ Comment njk9nl4
2025-11-20 16:35:08,490 - INFO - ✅ Comment njflv0w
2025-11-20 16:35:08,493 - INFO - ✅ Comment njfjwi3
2025-11-20 16:35:08,494 - INFO - ✅ Comment njfy571
2025-11-20 16:35:08,495 - INFO - ✅ Comment njftgpe
2025-11-20 16:35:08,495 - INFO - ✅ Comment njlv66j
2025-11-20 16:35:08,495 - INFO - ✅ Comment njjhlti
2025-11-20 16:35:08,497 - INFO - ✅ Comment njfqcr6
2025-11-20 16:35:08,497 - INFO - ✅ Comment njfsefs
2025-11-20 16:35:08,497 - INFO - ✅ Comment njgdd35
2025-11-20 16:35:08,497 - INFO - ✅ Comment njy1ddt
2025-11-20 16:35:08,497 - INFO - ✅ Comment njhajcx
2025-11-20 16:35:08,497 - INFO - ✅ Comment nji3x2v
2025-11-20 16:35:08,497 - INFO - ✅ Comment njhj6mk
2025-11-20 16:35:08,497 - INFO - ✅ Comment njjfjdx
2025-11-20 16:35:08,497 - INFO - ✅ Comment njh4eni
2025-11-20 16:35:08,500 - INFO - ✅ Comment njgl72r
2025-11-20 16:35:08,501 - INFO - ✅ Comment njiu54p
2025-11-20 16:35:08,501 - INFO - ✅ Comment nji1cxz
2025-11-20 16:35:08,501 - INFO - ✅ Comment njgeyvo
2025-11-20 16:35:08,501 - INFO - ✅ Comment njhsmrk
2025-11-20 16:35:08,501 - INFO - ✅ Comment njhz254
2025-11-20 16:35:08,501 - INFO - ✅ Comment njjh6uv
2025-11-20 16:35:08,501 - INFO - ✅ Comment njji3ww
2025-11-20 16:35:08,503 - INFO - ✅ Comment njn9xnd
2025-11-20 16:35:08,503 - INFO - ⚙️ Extracting data from post 1oapp9z
2025-11-20 16:35:08,503 - INFO - ✅ Post 1oapp9z
2025-11-20 16:35:08,849 - INFO - ⚙️ Extracting data from comments of post 1oapp9z
2025-11-20 16:35:08,849 - INFO - ✅ Comment nkbogtr
2025-11-20 16:35:08,849 - INFO - ✅ Comment nkb66a2
2025-11-20 16:35:08,849 - INFO - ✅ Comment nkb9vqn
2025-11-20 16:35:08,849 - INFO - ✅ Comment nkbrjws
2025-11-20 16:35:08,849 - INFO - ✅ Comment nkdlhrj
2025-11-20 16:35:08,849 - INFO - ✅ Comment nkbp9kd
2025-11-20 16:35:08,849 - INFO - ✅ Comment nke2ico
2025-11-20 16:35:08,849 - INFO - ✅ Comment nkbb7oa
2025-11-20 16:35:08,849 - INFO - ✅ Comment nkbhho1
2025-11-20 16:35:08,849 - INFO - ✅ Comment nkbyr9l
2025-11-20 16:35:08,849 - INFO - ✅ Comment nkchbuu
2025-11-20 16:35:08,849 - INFO - ✅ Comment nkazbg3
2025-11-20 16:35:08,849 - INFO - ✅ Comment nkfba1b
2025-11-20 16:35:08,849 - INFO - ✅ Comment nkc57z8
2025-11-20 16:35:08,855 - INFO - ✅ Comment nkc9m7k
2025-11-20 16:35:08,855 - INFO - ✅ Comment nkbbncn
2025-11-20 16:35:08,855 - INFO - ✅ Comment nkbm9m3
2025-11-20 16:35:08,856 - INFO - ✅ Comment nkrpuat
2025-11-20 16:35:08,857 - INFO - ✅ Comment nkcse98
2025-11-20 16:35:08,857 - INFO - ✅ Comment nkezqcg
2025-11-20 16:35:08,857 - INFO - ✅ Comment nkdqo6g
2025-11-20 16:35:08,857 - INFO - ✅ Comment nkchlgl
2025-11-20 16:35:08,857 - INFO - ✅ Comment nkddkil
2025-11-20 16:35:08,857 - INFO - ✅ Comment nkdsrwz
2025-11-20 16:35:08,857 - INFO - ✅ Comment nkrq4ui
2025-11-20 16:35:08,857 - INFO - ✅ Comment nkefm8i
2025-11-20 16:35:08,857 - INFO - -> Unique POSTS: 13 | Unique COMMENTS: 1218
2025-11-20 16:35:10,061 - INFO - Data extraction completed. Total unique posts: 13. Total unique comments: 1218.
2025-11-20 16:35:10,061 - INFO - ✅ Data Extraction completed in 0.37 minutes.
2025-11-20 16:35:10,061 - INFO - Saving extracted data
2025-11-20 16:35:10,129 - INFO - 📁 RAW POSTS data saved successfully to c:\Users\fscielzo\Documents\PhD\paper-4\scripts\..\data\raw_data\posts_data_raw_20251120163447.parquet (Records: 13)
2025-11-20 16:35:10,139 - INFO - 📁 RAW COMMENTS data saved successfully to c:\Users\fscielzo\Documents\PhD\paper-4\scripts\..\data\raw_data\comments_data_raw_20251120163447.parquet (Records: 1218)
2025-11-20 16:35:10,139 - INFO - 📥 DATA EXTRACTION COMPLETED
