2025-11-20 16:42:21,000 - INFO - Logging configured. Output file: c:\Users\fscielzo\Documents\PhD\paper-4\scripts\..\logs\data_extraction_20251120164221.log
2025-11-20 16:42:21,015 - INFO - PRAW instance initialized successfully (read-only mode).
2025-11-20 16:42:21,016 - INFO - Starting data extraction...
2025-11-20 16:42:21,016 - INFO - Total extraction combinations to run: 3
2025-11-20 16:42:21,016 - INFO - Processing r/Liberal | Query: '((gaza OR palestine*) AND (ham...' | Sort: relevance
2025-11-20 16:42:22,493 - INFO - ⚙️ Extracting data from post 1knnuln
2025-11-20 16:42:22,508 - INFO - ✅ Post 1knnuln
2025-11-20 16:42:22,827 - INFO - ⚙️ Extracting data from comments of post 1knnuln
2025-11-20 16:42:22,827 - INFO - ✅ Comment msjs47u
2025-11-20 16:42:22,827 - INFO - ✅ Comment msjrnde
2025-11-20 16:42:22,829 - INFO - ✅ Comment msmtwuf
2025-11-20 16:42:22,829 - INFO - ✅ Comment mssim3s
2025-11-20 16:42:22,829 - INFO - ✅ Comment msvbuvv
2025-11-20 16:42:22,829 - INFO - ✅ Comment msjyrcc
2025-11-20 16:42:22,829 - INFO - ✅ Comment mskc0u5
2025-11-20 16:42:22,829 - INFO - ⚙️ Extracting data from post 1kglnle
2025-11-20 16:42:22,829 - INFO - ✅ Post 1kglnle
2025-11-20 16:42:23,216 - INFO - ⚙️ Extracting data from comments of post 1kglnle
2025-11-20 16:42:23,216 - INFO - ✅ Comment mr0998c
2025-11-20 16:42:23,216 - INFO - ✅ Comment mr44z8k
2025-11-20 16:42:23,216 - INFO - ✅ Comment mr1jnzq
2025-11-20 16:42:23,216 - INFO - ✅ Comment mr226q1
2025-11-20 16:42:23,216 - INFO - ✅ Comment mr6aato
2025-11-20 16:42:23,230 - INFO - ✅ Comment ms2ygoo
2025-11-20 16:42:23,230 - INFO - ✅ Comment mqzud7t
2025-11-20 16:42:23,230 - INFO - ✅ Comment mr47bvk
2025-11-20 16:42:23,232 - INFO - ✅ Comment mr5519b
2025-11-20 16:42:23,232 - INFO - ✅ Comment mr7j0bz
2025-11-20 16:42:23,232 - INFO - ✅ Comment mr7nvh6
2025-11-20 16:42:23,232 - INFO - ⚙️ Extracting data from post 1irhr6d
2025-11-20 16:42:23,232 - INFO - ✅ Post 1irhr6d
2025-11-20 16:42:24,591 - INFO - ⚙️ Extracting data from comments of post 1irhr6d
2025-11-20 16:42:24,603 - INFO - ✅ Comment md9rzrg
2025-11-20 16:42:24,604 - INFO - ✅ Comment mdd3ueb
2025-11-20 16:42:24,604 - INFO - ✅ Comment mddzsb4
2025-11-20 16:42:24,604 - INFO - ✅ Comment mdfayao
2025-11-20 16:42:24,604 - INFO - ✅ Comment mdjtnw4
2025-11-20 16:42:24,604 - INFO - ✅ Comment mdjwms9
2025-11-20 16:42:24,604 - INFO - -> Unique POSTS: 3 | Unique COMMENTS: 24
2025-11-20 16:42:25,806 - INFO - Processing r/politics | Query: '((gaza OR palestine*) AND (ham...' | Sort: relevance
2025-11-20 16:42:26,123 - INFO - ⚙️ Extracting data from post 1o5fc5m
2025-11-20 16:42:26,125 - INFO - ✅ Post 1o5fc5m
2025-11-20 16:42:29,127 - INFO - ⚙️ Extracting data from comments of post 1o5fc5m
2025-11-20 16:42:29,127 - INFO - ✅ Comment nj8vrxf
2025-11-20 16:42:29,127 - INFO - ✅ Comment nj9g6za
2025-11-20 16:42:29,127 - INFO - ✅ Comment nj9l459
2025-11-20 16:42:29,127 - INFO - ✅ Comment nj96fq2
2025-11-20 16:42:29,127 - INFO - ✅ Comment nja3wcy
2025-11-20 16:42:29,127 - INFO - ✅ Comment nj8y11o
2025-11-20 16:42:29,127 - INFO - ✅ Comment nj928om
2025-11-20 16:42:29,127 - INFO - ✅ Comment nj8wwyg
2025-11-20 16:42:29,127 - INFO - ✅ Comment nja3xwm
2025-11-20 16:42:29,127 - INFO - ✅ Comment njah5na
2025-11-20 16:42:29,127 - INFO - ✅ Comment nj97362
2025-11-20 16:42:29,127 - INFO - ✅ Comment njd67l9
2025-11-20 16:42:29,127 - INFO - ✅ Comment nj9d5y2
2025-11-20 16:42:29,138 - INFO - ✅ Comment nj9ehjr
2025-11-20 16:42:29,140 - INFO - ✅ Comment nj9kd4s
2025-11-20 16:42:29,142 - INFO - ✅ Comment njcd9xq
2025-11-20 16:42:29,142 - INFO - ✅ Comment njdasdi
2025-11-20 16:42:29,142 - INFO - ✅ Comment njei33c
2025-11-20 16:42:29,144 - INFO - ✅ Comment njb3sd1
2025-11-20 16:42:29,144 - INFO - ✅ Comment nj9ei2h
2025-11-20 16:42:29,157 - INFO - ✅ Comment nj9r7g3
2025-11-20 16:42:29,159 - INFO - ✅ Comment njbvy1k
2025-11-20 16:42:29,160 - INFO - ✅ Comment njd8yz9
2025-11-20 16:42:29,160 - INFO - ✅ Comment nj8wngz
2025-11-20 16:42:29,168 - INFO - ✅ Comment nj90lo5
2025-11-20 16:42:29,168 - INFO - ✅ Comment nj8xqiw
2025-11-20 16:42:29,168 - INFO - ✅ Comment nj95w2o
2025-11-20 16:42:29,168 - INFO - ✅ Comment nja02l2
2025-11-20 16:42:29,173 - INFO - ✅ Comment njarduz
2025-11-20 16:42:29,173 - INFO - ✅ Comment njc06mq
2025-11-20 16:42:29,174 - INFO - ✅ Comment njcncv9
2025-11-20 16:42:29,174 - INFO - ✅ Comment njde3dr
2025-11-20 16:42:29,174 - INFO - ✅ Comment njefeeg
2025-11-20 16:42:29,174 - INFO - ✅ Comment njetfyx
2025-11-20 16:42:29,174 - INFO - ✅ Comment nja717a
2025-11-20 16:42:29,174 - INFO - ✅ Comment njamf7p
2025-11-20 16:42:29,174 - INFO - ✅ Comment nj8xdof
2025-11-20 16:42:29,174 - INFO - ✅ Comment njcm3gy
2025-11-20 16:42:29,174 - INFO - ✅ Comment nj9lhe4
2025-11-20 16:42:29,174 - INFO - ✅ Comment nj8zwhi
2025-11-20 16:42:29,179 - INFO - ✅ Comment nj8xk5y
2025-11-20 16:42:29,179 - INFO - ✅ Comment nja4rhr
2025-11-20 16:42:29,187 - INFO - ✅ Comment njaqqgh
2025-11-20 16:42:29,189 - INFO - ✅ Comment nj9rbdi
2025-11-20 16:42:29,189 - INFO - ✅ Comment nj9lhgr
2025-11-20 16:42:29,189 - INFO - ✅ Comment nj9na0f
2025-11-20 16:42:29,189 - INFO - ✅ Comment nja25fa
2025-11-20 16:42:29,189 - INFO - ✅ Comment nja3rgf
2025-11-20 16:42:29,189 - INFO - ✅ Comment njabi2t
2025-11-20 16:42:29,189 - INFO - ✅ Comment njalse8
2025-11-20 16:42:29,189 - INFO - ✅ Comment njaovwx
2025-11-20 16:42:29,196 - INFO - ✅ Comment njatgzx
2025-11-20 16:42:29,196 - INFO - ✅ Comment njauhl9
2025-11-20 16:42:29,202 - INFO - ✅ Comment njbjgg0
2025-11-20 16:42:29,206 - INFO - ✅ Comment njbreoz
2025-11-20 16:42:29,206 - INFO - ✅ Comment njbu7hs
2025-11-20 16:42:29,210 - INFO - ✅ Comment njc2cav
2025-11-20 16:42:29,210 - INFO - ✅ Comment njc3pkr
2025-11-20 16:42:29,210 - INFO - ✅ Comment njc5dpb
2025-11-20 16:42:29,211 - INFO - ✅ Comment njctjgc
2025-11-20 16:42:29,211 - INFO - ✅ Comment njd5jxd
2025-11-20 16:42:29,213 - INFO - ✅ Comment njdufhm
2025-11-20 16:42:29,213 - INFO - ✅ Comment njdugyt
2025-11-20 16:42:29,219 - INFO - ✅ Comment nje3reg
2025-11-20 16:42:29,219 - INFO - ✅ Comment njecu51
2025-11-20 16:42:29,219 - INFO - ✅ Comment njescwz
2025-11-20 16:42:29,219 - INFO - ✅ Comment njglp3p
2025-11-20 16:42:29,219 - INFO - ✅ Comment nj9i32j
2025-11-20 16:42:29,219 - INFO - ✅ Comment nj9s1vi
2025-11-20 16:42:29,223 - INFO - ✅ Comment nja238y
2025-11-20 16:42:29,225 - INFO - ✅ Comment nj9g02z
2025-11-20 16:42:29,227 - INFO - ✅ Comment nj9s455
2025-11-20 16:42:29,227 - INFO - ✅ Comment nj8zc57
2025-11-20 16:42:29,227 - INFO - ✅ Comment nj9gow3
2025-11-20 16:42:29,227 - INFO - ✅ Comment nj972po
2025-11-20 16:42:29,227 - INFO - ✅ Comment nj9nzde
2025-11-20 16:42:29,227 - INFO - ✅ Comment nj9t2kt
2025-11-20 16:42:29,227 - INFO - ✅ Comment nj9x6l4
2025-11-20 16:42:29,227 - INFO - ✅ Comment nja5fbq
2025-11-20 16:42:29,227 - INFO - ✅ Comment nja5k76
2025-11-20 16:42:29,227 - INFO - ✅ Comment njalguz
2025-11-20 16:42:29,227 - INFO - ✅ Comment njay3a4
2025-11-20 16:42:29,233 - INFO - ✅ Comment njc59cx
2025-11-20 16:42:29,235 - INFO - ✅ Comment nj8ysq8
2025-11-20 16:42:29,235 - INFO - ✅ Comment nj98l6c
2025-11-20 16:42:29,235 - INFO - ✅ Comment nj8y9xy
2025-11-20 16:42:29,235 - INFO - ✅ Comment nj9f744
2025-11-20 16:42:29,235 - INFO - ✅ Comment nj9gw0h
2025-11-20 16:42:29,235 - INFO - ✅ Comment nj90z1a
2025-11-20 16:42:29,235 - INFO - ✅ Comment nj9on4a
2025-11-20 16:42:29,239 - INFO - ✅ Comment nja45qe
2025-11-20 16:42:29,241 - INFO - ✅ Comment nja5gqs
2025-11-20 16:42:29,241 - INFO - ✅ Comment nj9054e
2025-11-20 16:42:29,241 - INFO - ✅ Comment nj8w5d2
2025-11-20 16:42:29,241 - INFO - ✅ Comment nj9m3u2
2025-11-20 16:42:29,241 - INFO - ✅ Comment nj97dkv
2025-11-20 16:42:29,241 - INFO - ✅ Comment nj9tfxw
2025-11-20 16:42:29,244 - INFO - ✅ Comment nj9dobb
2025-11-20 16:42:29,244 - INFO - ✅ Comment nj9gl13
2025-11-20 16:42:29,244 - INFO - ✅ Comment nj9hagj
2025-11-20 16:42:29,244 - INFO - ✅ Comment nja3tkm
2025-11-20 16:42:29,246 - INFO - ✅ Comment njaaisr
2025-11-20 16:42:29,246 - INFO - ✅ Comment njalw5c
2025-11-20 16:42:29,247 - INFO - ✅ Comment nj9aq1x
2025-11-20 16:42:29,252 - INFO - ✅ Comment nj9bk99
2025-11-20 16:42:29,253 - INFO - ✅ Comment nja2xi7
2025-11-20 16:42:29,253 - INFO - ✅ Comment nja9fyt
2025-11-20 16:42:29,253 - INFO - ✅ Comment nj93ebb
2025-11-20 16:42:29,253 - INFO - ✅ Comment nj9q5xd
2025-11-20 16:42:29,256 - INFO - ✅ Comment nj9qp43
2025-11-20 16:42:29,256 - INFO - ✅ Comment njah1q1
2025-11-20 16:42:29,256 - INFO - ✅ Comment njamhaj
2025-11-20 16:42:29,369 - INFO - ✅ Comment njanyjd
2025-11-20 16:42:29,380 - INFO - ✅ Comment njc3q2d
2025-11-20 16:42:29,395 - INFO - ✅ Comment njchmhi
2025-11-20 16:42:29,395 - INFO - ✅ Comment njdwjre
2025-11-20 16:42:29,398 - INFO - ✅ Comment nje5ian
2025-11-20 16:42:29,398 - INFO - ✅ Comment njeyy3r
2025-11-20 16:42:29,398 - INFO - ✅ Comment nj9ixpn
2025-11-20 16:42:29,398 - INFO - ✅ Comment nj9q9rh
2025-11-20 16:42:29,398 - INFO - ✅ Comment njamm7j
2025-11-20 16:42:29,398 - INFO - ✅ Comment njamzjb
2025-11-20 16:42:29,398 - INFO - ✅ Comment njanojm
2025-11-20 16:42:29,398 - INFO - ✅ Comment njd6oxo
2025-11-20 16:42:29,398 - INFO - ✅ Comment nj9mg2a
2025-11-20 16:42:29,398 - INFO - ✅ Comment nj9hy48
2025-11-20 16:42:29,398 - INFO - ✅ Comment nj9otvo
2025-11-20 16:42:29,398 - INFO - ✅ Comment nj9vjs3
2025-11-20 16:42:29,404 - INFO - ✅ Comment nja30jq
2025-11-20 16:42:29,404 - INFO - ✅ Comment njaihfi
2025-11-20 16:42:29,404 - INFO - ✅ Comment njayqwc
2025-11-20 16:42:29,404 - INFO - ✅ Comment nj9y60e
2025-11-20 16:42:29,404 - INFO - ✅ Comment nj9v8as
2025-11-20 16:42:29,407 - INFO - ✅ Comment njabfzq
2025-11-20 16:42:29,407 - INFO - ✅ Comment nj9xn9e
2025-11-20 16:42:29,407 - INFO - ✅ Comment nj9ydjj
2025-11-20 16:42:29,407 - INFO - ✅ Comment nja2z0b
2025-11-20 16:42:29,409 - INFO - ✅ Comment nja8k7m
2025-11-20 16:42:29,425 - INFO - ✅ Comment nja48ig
2025-11-20 16:42:29,429 - INFO - ✅ Comment njadqm5
2025-11-20 16:42:29,429 - INFO - ✅ Comment nja7yxb
2025-11-20 16:42:29,431 - INFO - ✅ Comment nja8f1v
2025-11-20 16:42:29,432 - INFO - ✅ Comment njagdyc
2025-11-20 16:42:29,432 - INFO - ✅ Comment nja7dol
2025-11-20 16:42:29,432 - INFO - ✅ Comment njagvl2
2025-11-20 16:42:29,432 - INFO - ✅ Comment nj9t0ys
2025-11-20 16:42:29,432 - INFO - ✅ Comment nj9wba5
2025-11-20 16:42:29,435 - INFO - ✅ Comment nj9uib7
2025-11-20 16:42:29,435 - INFO - ✅ Comment nja3tjx
2025-11-20 16:42:29,435 - INFO - ✅ Comment nja8sm8
2025-11-20 16:42:29,435 - INFO - ✅ Comment njcmxi1
2025-11-20 16:42:29,437 - INFO - ✅ Comment nja3963
2025-11-20 16:42:29,437 - INFO - ✅ Comment njcpjrw
2025-11-20 16:42:29,437 - INFO - ✅ Comment nj9xqlg
2025-11-20 16:42:29,437 - INFO - ✅ Comment nj9lgmw
2025-11-20 16:42:29,437 - INFO - ✅ Comment njd0ejp
2025-11-20 16:42:29,439 - INFO - ✅ Comment njafzok
2025-11-20 16:42:29,439 - INFO - ✅ Comment nj9m8mb
2025-11-20 16:42:29,439 - INFO - ✅ Comment nj9y5f4
2025-11-20 16:42:29,439 - INFO - ✅ Comment nj9ea0n
2025-11-20 16:42:29,439 - INFO - ✅ Comment nj9gjve
2025-11-20 16:42:29,439 - INFO - ✅ Comment nj9be29
2025-11-20 16:42:29,439 - INFO - ✅ Comment nj8xait
2025-11-20 16:42:29,439 - INFO - ✅ Comment nj9ro1f
2025-11-20 16:42:29,439 - INFO - ✅ Comment nj8xpvh
2025-11-20 16:42:29,439 - INFO - ✅ Comment nj9yszu
2025-11-20 16:42:29,439 - INFO - ✅ Comment njadler
2025-11-20 16:42:29,439 - INFO - ✅ Comment njamqjw
2025-11-20 16:42:29,439 - INFO - ✅ Comment nj967cd
2025-11-20 16:42:29,445 - INFO - ✅ Comment nj9qcuh
2025-11-20 16:42:29,445 - INFO - ✅ Comment njblhs7
2025-11-20 16:42:29,445 - INFO - ✅ Comment njb702k
2025-11-20 16:42:29,445 - INFO - ✅ Comment njenxsz
2025-11-20 16:42:29,445 - INFO - ✅ Comment njahkfl
2025-11-20 16:42:29,447 - INFO - ✅ Comment njbldzv
2025-11-20 16:42:29,448 - INFO - ✅ Comment nj9h99i
2025-11-20 16:42:29,448 - INFO - ✅ Comment njdcduy
2025-11-20 16:42:29,449 - INFO - ✅ Comment nj9yblu
2025-11-20 16:42:29,449 - INFO - ✅ Comment njenz53
2025-11-20 16:42:29,451 - INFO - ✅ Comment nj9zf9f
2025-11-20 16:42:29,451 - INFO - ✅ Comment njci5fv
2025-11-20 16:42:29,451 - INFO - ✅ Comment njcisyt
2025-11-20 16:42:29,451 - INFO - ✅ Comment nj9d9s2
2025-11-20 16:42:29,451 - INFO - ✅ Comment nj8wwle
2025-11-20 16:42:29,451 - INFO - ✅ Comment nja4g4k
2025-11-20 16:42:29,451 - INFO - ✅ Comment njau8yb
2025-11-20 16:42:29,451 - INFO - ✅ Comment nj9sw5m
2025-11-20 16:42:29,451 - INFO - ✅ Comment nj9sk86
2025-11-20 16:42:29,451 - INFO - ✅ Comment nja4aam
2025-11-20 16:42:29,451 - INFO - ✅ Comment njayv7s
2025-11-20 16:42:29,451 - INFO - ✅ Comment njbbh5h
2025-11-20 16:42:29,451 - INFO - ✅ Comment nje1icx
2025-11-20 16:42:29,451 - INFO - ✅ Comment nja4ei7
2025-11-20 16:42:29,451 - INFO - ✅ Comment nj9xrle
2025-11-20 16:42:29,451 - INFO - ✅ Comment nj9e9if
2025-11-20 16:42:29,451 - INFO - ✅ Comment nj93z58
2025-11-20 16:42:29,451 - INFO - ✅ Comment nj9713d
2025-11-20 16:42:29,463 - INFO - ✅ Comment nj8z2pl
2025-11-20 16:42:29,463 - INFO - ✅ Comment nj9ztxc
2025-11-20 16:42:29,463 - INFO - ✅ Comment nj9aca8
2025-11-20 16:42:29,463 - INFO - ✅ Comment nja9qbm
2025-11-20 16:42:29,464 - INFO - ✅ Comment njae2sc
2025-11-20 16:42:29,465 - INFO - ✅ Comment nj9pvr8
2025-11-20 16:42:29,465 - INFO - ✅ Comment nja4ha1
2025-11-20 16:42:29,468 - INFO - ✅ Comment njbaq92
2025-11-20 16:42:29,468 - INFO - ✅ Comment nj93gp2
2025-11-20 16:42:29,468 - INFO - ✅ Comment nj93sa9
2025-11-20 16:42:29,468 - INFO - ✅ Comment nja57ei
2025-11-20 16:42:29,468 - INFO - ✅ Comment nj9527g
2025-11-20 16:42:29,468 - INFO - ✅ Comment nj9p9y4
2025-11-20 16:42:29,468 - INFO - ✅ Comment njcckno
2025-11-20 16:42:29,468 - INFO - ✅ Comment nj97ur9
2025-11-20 16:42:29,468 - INFO - ✅ Comment nj92kyi
2025-11-20 16:42:29,476 - INFO - ✅ Comment nj9iqhz
2025-11-20 16:42:29,476 - INFO - ✅ Comment nj9v9au
2025-11-20 16:42:29,476 - INFO - ✅ Comment nj9hm28
2025-11-20 16:42:29,477 - INFO - ✅ Comment nja32up
2025-11-20 16:42:29,477 - INFO - ✅ Comment njahpc7
2025-11-20 16:42:29,477 - INFO - ✅ Comment nja7buj
2025-11-20 16:42:29,477 - INFO - ✅ Comment nja1n9g
2025-11-20 16:42:29,477 - INFO - ✅ Comment nja9q5b
2025-11-20 16:42:29,477 - INFO - ✅ Comment njai7f1
2025-11-20 16:42:29,477 - INFO - ✅ Comment njb4eb0
2025-11-20 16:42:29,477 - INFO - ✅ Comment njalp5w
2025-11-20 16:42:29,477 - INFO - ✅ Comment njaa0ni
2025-11-20 16:42:29,477 - INFO - ✅ Comment njaced6
2025-11-20 16:42:29,481 - INFO - ✅ Comment njad86v
2025-11-20 16:42:29,482 - INFO - ✅ Comment njch382
2025-11-20 16:42:29,482 - INFO - ✅ Comment njbjp83
2025-11-20 16:42:29,482 - INFO - ✅ Comment nja9epk
2025-11-20 16:42:29,482 - INFO - ✅ Comment njanqat
2025-11-20 16:42:29,482 - INFO - ✅ Comment njaqfdy
2025-11-20 16:42:29,482 - INFO - ✅ Comment nja7eog
2025-11-20 16:42:29,482 - INFO - ✅ Comment nj9y4ph
2025-11-20 16:42:29,482 - INFO - ✅ Comment njav10f
2025-11-20 16:42:29,482 - INFO - ✅ Comment nj9xp5f
2025-11-20 16:42:29,482 - INFO - ✅ Comment njaysag
2025-11-20 16:42:29,482 - INFO - ✅ Comment njajb8k
2025-11-20 16:42:29,482 - INFO - ✅ Comment njaz87r
2025-11-20 16:42:29,491 - INFO - ✅ Comment njasg04
2025-11-20 16:42:29,491 - INFO - ✅ Comment nj9odon
2025-11-20 16:42:29,491 - INFO - ✅ Comment njcxkv8
2025-11-20 16:42:29,495 - INFO - ✅ Comment nj9f2i2
2025-11-20 16:42:29,495 - INFO - ✅ Comment nj9facb
2025-11-20 16:42:29,496 - INFO - ✅ Comment nj9fbtk
2025-11-20 16:42:29,496 - INFO - ✅ Comment nj9fe08
2025-11-20 16:42:29,496 - INFO - ✅ Comment nj9iki8
2025-11-20 16:42:29,499 - INFO - ✅ Comment nja7rzi
2025-11-20 16:42:29,499 - INFO - ✅ Comment njaczpr
2025-11-20 16:42:29,499 - INFO - ✅ Comment nje1ral
2025-11-20 16:42:29,499 - INFO - ✅ Comment nj8xwy2
2025-11-20 16:42:29,499 - INFO - ✅ Comment nj9lmai
2025-11-20 16:42:29,499 - INFO - ✅ Comment nj96qha
2025-11-20 16:42:29,499 - INFO - ✅ Comment nj9fqad
2025-11-20 16:42:29,499 - INFO - ✅ Comment nj95k4i
2025-11-20 16:42:29,499 - INFO - ✅ Comment nj9tga8
2025-11-20 16:42:29,499 - INFO - ✅ Comment nj8y2ty
2025-11-20 16:42:29,505 - INFO - ✅ Comment nj9eqfn
2025-11-20 16:42:29,505 - INFO - ✅ Comment nj9gcwv
2025-11-20 16:42:29,505 - INFO - ✅ Comment nj9teou
2025-11-20 16:42:29,507 - INFO - ✅ Comment nj9go8e
2025-11-20 16:42:29,507 - INFO - ✅ Comment nj8xrdb
2025-11-20 16:42:29,509 - INFO - ✅ Comment nj97fio
2025-11-20 16:42:29,509 - INFO - ✅ Comment njdchr5
2025-11-20 16:42:29,510 - INFO - ✅ Comment nj9qadc
2025-11-20 16:42:29,510 - INFO - ✅ Comment njb5gym
2025-11-20 16:42:29,510 - INFO - ✅ Comment njbgi9o
2025-11-20 16:42:29,510 - INFO - ✅ Comment nja95uj
2025-11-20 16:42:29,510 - INFO - ✅ Comment nj9dlrq
2025-11-20 16:42:29,510 - INFO - ✅ Comment nj9tgtr
2025-11-20 16:42:29,510 - INFO - ✅ Comment nj8y55q
2025-11-20 16:42:29,510 - INFO - ✅ Comment njbu5g3
2025-11-20 16:42:29,510 - INFO - ✅ Comment njc3ae8
2025-11-20 16:42:29,510 - INFO - ✅ Comment njahlh1
2025-11-20 16:42:29,515 - INFO - ✅ Comment njao3dn
2025-11-20 16:42:29,515 - INFO - ✅ Comment njc88ay
2025-11-20 16:42:29,515 - INFO - ✅ Comment nj9z6du
2025-11-20 16:42:29,515 - INFO - ✅ Comment nj9cgwq
2025-11-20 16:42:29,515 - INFO - ✅ Comment nj9230c
2025-11-20 16:42:29,515 - INFO - ✅ Comment nj9wftr
2025-11-20 16:42:29,515 - INFO - ✅ Comment nj9y7yn
2025-11-20 16:42:29,515 - INFO - ✅ Comment nj9vr2t
2025-11-20 16:42:29,515 - INFO - ✅ Comment njaowfs
2025-11-20 16:42:29,521 - INFO - ✅ Comment nj9xpqu
2025-11-20 16:42:29,521 - INFO - ✅ Comment njbmlky
2025-11-20 16:42:29,521 - INFO - ✅ Comment njbw1nv
2025-11-20 16:42:29,521 - INFO - ✅ Comment njcgke1
2025-11-20 16:42:29,521 - INFO - ✅ Comment nje6zvs
2025-11-20 16:42:29,521 - INFO - ✅ Comment nja83m9
2025-11-20 16:42:29,523 - INFO - ✅ Comment nj9dzpp
2025-11-20 16:42:29,523 - INFO - ✅ Comment nj9fwus
2025-11-20 16:42:29,523 - INFO - ✅ Comment nj9e7i4
2025-11-20 16:42:29,523 - INFO - ✅ Comment nj9tfum
2025-11-20 16:42:29,523 - INFO - ✅ Comment nj9t90z
2025-11-20 16:42:29,523 - INFO - ✅ Comment njaep4l
2025-11-20 16:42:29,523 - INFO - ✅ Comment njac4b8
2025-11-20 16:42:29,523 - INFO - ✅ Comment nj9te37
2025-11-20 16:42:29,523 - INFO - ✅ Comment nj9e8nu
2025-11-20 16:42:29,527 - INFO - ✅ Comment nj9oh76
2025-11-20 16:42:29,527 - INFO - ✅ Comment njabfhl
2025-11-20 16:42:29,527 - INFO - ✅ Comment nj9ww6g
2025-11-20 16:42:29,527 - INFO - ✅ Comment njan3jm
2025-11-20 16:42:29,527 - INFO - ✅ Comment njb12js
2025-11-20 16:42:29,530 - INFO - ✅ Comment njbc1oa
2025-11-20 16:42:29,530 - INFO - ✅ Comment njamcmq
2025-11-20 16:42:29,530 - INFO - ✅ Comment njas9hz
2025-11-20 16:42:29,531 - INFO - ✅ Comment njaliar
2025-11-20 16:42:29,531 - INFO - ✅ Comment njcgwd3
2025-11-20 16:42:29,532 - INFO - ✅ Comment njegmx5
2025-11-20 16:42:29,532 - INFO - ✅ Comment njbgt04
2025-11-20 16:42:29,532 - INFO - ✅ Comment njaamcs
2025-11-20 16:42:29,535 - INFO - ✅ Comment nja2ldx
2025-11-20 16:42:29,535 - INFO - ✅ Comment nja3iem
2025-11-20 16:42:29,535 - INFO - ✅ Comment nja750s
2025-11-20 16:42:29,535 - INFO - ✅ Comment njafrjm
2025-11-20 16:42:29,537 - INFO - ✅ Comment nja9yg8
2025-11-20 16:42:29,537 - INFO - ✅ Comment njafjq5
2025-11-20 16:42:29,538 - INFO - ✅ Comment njan193
2025-11-20 16:42:29,538 - INFO - ✅ Comment njcxski
2025-11-20 16:42:29,538 - INFO - ✅ Comment njb6d5a
2025-11-20 16:42:29,539 - INFO - ✅ Comment njau6pn
2025-11-20 16:42:29,539 - INFO - ✅ Comment njbkhez
2025-11-20 16:42:29,539 - INFO - ✅ Comment njavfza
2025-11-20 16:42:29,540 - INFO - ✅ Comment njaroqt
2025-11-20 16:42:29,541 - INFO - ✅ Comment njaoa08
2025-11-20 16:42:29,542 - INFO - ✅ Comment njbdcgf
2025-11-20 16:42:29,542 - INFO - ✅ Comment nja43zg
2025-11-20 16:42:29,542 - INFO - ✅ Comment nja3nqc
2025-11-20 16:42:29,543 - INFO - ✅ Comment nj9z8wo
2025-11-20 16:42:29,544 - INFO - ✅ Comment nja9yvg
2025-11-20 16:42:29,544 - INFO - ✅ Comment nj9yirm
2025-11-20 16:42:29,544 - INFO - ✅ Comment nj9p1h6
2025-11-20 16:42:29,545 - INFO - ✅ Comment njaacn0
2025-11-20 16:42:29,545 - INFO - ✅ Comment nja87vw
2025-11-20 16:42:29,546 - INFO - ✅ Comment nj9rzt7
2025-11-20 16:42:29,546 - INFO - ✅ Comment nj9lqhs
2025-11-20 16:42:29,546 - INFO - ✅ Comment njctstr
2025-11-20 16:42:29,547 - INFO - ✅ Comment nj9hux1
2025-11-20 16:42:29,548 - INFO - ✅ Comment njb5d5q
2025-11-20 16:42:29,549 - INFO - ✅ Comment nj9fxa3
2025-11-20 16:42:29,549 - INFO - ✅ Comment nj9hgmi
2025-11-20 16:42:29,550 - INFO - ✅ Comment nj9z4ry
2025-11-20 16:42:29,550 - INFO - ✅ Comment nj9hmlh
2025-11-20 16:42:29,551 - INFO - ✅ Comment njacdf4
2025-11-20 16:42:29,552 - INFO - ✅ Comment nje601e
2025-11-20 16:42:29,552 - INFO - ✅ Comment nja0h0d
2025-11-20 16:42:29,552 - INFO - ✅ Comment njbsz1j
2025-11-20 16:42:29,553 - INFO - ✅ Comment nj9u2cc
2025-11-20 16:42:29,553 - INFO - ✅ Comment nj9bnma
2025-11-20 16:42:29,553 - INFO - ✅ Comment nj9jklm
2025-11-20 16:42:29,554 - INFO - ✅ Comment nj97zrl
2025-11-20 16:42:29,554 - INFO - ✅ Comment nj9vcmg
2025-11-20 16:42:29,554 - INFO - ✅ Comment nja3rjz
2025-11-20 16:42:29,555 - INFO - ✅ Comment njahw63
2025-11-20 16:42:29,555 - INFO - ✅ Comment nj9o2h9
2025-11-20 16:42:29,556 - INFO - ✅ Comment nj9l005
2025-11-20 16:42:29,556 - INFO - ✅ Comment nj8z31n
2025-11-20 16:42:29,557 - INFO - ✅ Comment njcxr6u
2025-11-20 16:42:29,557 - INFO - ✅ Comment njc4eyx
2025-11-20 16:42:29,558 - INFO - ✅ Comment njd9v44
2025-11-20 16:42:29,559 - INFO - ✅ Comment nj9ellx
2025-11-20 16:42:29,559 - INFO - ✅ Comment nja290d
2025-11-20 16:42:29,560 - INFO - ✅ Comment njbjvr5
2025-11-20 16:42:29,560 - INFO - ✅ Comment njcnqxg
2025-11-20 16:42:29,561 - INFO - ✅ Comment nj9g008
2025-11-20 16:42:29,561 - INFO - ✅ Comment nj9n9vk
2025-11-20 16:42:29,561 - INFO - ✅ Comment nj9ih7a
2025-11-20 16:42:29,562 - INFO - ✅ Comment nj9hkoc
2025-11-20 16:42:29,562 - INFO - ✅ Comment nj9qijv
2025-11-20 16:42:29,562 - INFO - ✅ Comment nj9ep5l
2025-11-20 16:42:29,563 - INFO - ✅ Comment njafidb
2025-11-20 16:42:29,564 - INFO - ✅ Comment njac1w3
2025-11-20 16:42:29,565 - INFO - ✅ Comment njcr0ca
2025-11-20 16:42:29,565 - INFO - ✅ Comment njdau5a
2025-11-20 16:42:29,566 - INFO - ✅ Comment njafo4m
2025-11-20 16:42:29,567 - INFO - ✅ Comment njashme
2025-11-20 16:42:29,567 - INFO - ✅ Comment njbl7qk
2025-11-20 16:42:29,568 - INFO - ✅ Comment njca3mh
2025-11-20 16:42:29,569 - INFO - ✅ Comment njbc3t6
2025-11-20 16:42:29,569 - INFO - ✅ Comment njatngy
2025-11-20 16:42:29,569 - INFO - ✅ Comment njb2sme
2025-11-20 16:42:29,570 - INFO - ✅ Comment nja5rjp
2025-11-20 16:42:29,570 - INFO - ✅ Comment nja3s5m
2025-11-20 16:42:29,571 - INFO - ✅ Comment njameev
2025-11-20 16:42:29,571 - INFO - ✅ Comment njahdax
2025-11-20 16:42:29,571 - INFO - ✅ Comment njaploz
2025-11-20 16:42:29,572 - INFO - ✅ Comment njbupzd
2025-11-20 16:42:29,572 - INFO - ✅ Comment njcj0o6
2025-11-20 16:42:29,572 - INFO - ✅ Comment njb1pi4
2025-11-20 16:42:29,574 - INFO - ✅ Comment njctvem
2025-11-20 16:42:29,574 - INFO - ✅ Comment njbmuq6
2025-11-20 16:42:29,574 - INFO - ✅ Comment njb9rzg
2025-11-20 16:42:29,575 - INFO - ✅ Comment njb47cc
2025-11-20 16:42:29,576 - INFO - ✅ Comment njeubjz
2025-11-20 16:42:29,576 - INFO - ✅ Comment njb3eyp
2025-11-20 16:42:29,576 - INFO - ✅ Comment njamyt8
2025-11-20 16:42:29,577 - INFO - ✅ Comment njaspd0
2025-11-20 16:42:29,577 - INFO - ✅ Comment nj9qhfy
2025-11-20 16:42:29,577 - INFO - ✅ Comment nj9pjp8
2025-11-20 16:42:29,577 - INFO - ✅ Comment nj9tf7b
2025-11-20 16:42:29,577 - INFO - ✅ Comment nj9sl8o
2025-11-20 16:42:29,579 - INFO - ✅ Comment nj9rfak
2025-11-20 16:42:29,579 - INFO - ✅ Comment nj9rlvn
2025-11-20 16:42:29,579 - INFO - ✅ Comment nj9y733
2025-11-20 16:42:29,579 - INFO - ✅ Comment njads42
2025-11-20 16:42:29,579 - INFO - ✅ Comment njau0ta
2025-11-20 16:42:29,581 - INFO - ✅ Comment njaxrdd
2025-11-20 16:42:29,581 - INFO - ✅ Comment nj9ulx7
2025-11-20 16:42:29,582 - INFO - ✅ Comment nja3xjv
2025-11-20 16:42:29,582 - INFO - ✅ Comment nj9yf3d
2025-11-20 16:42:29,582 - INFO - ✅ Comment nj9mtet
2025-11-20 16:42:29,582 - INFO - ✅ Comment nj9qd48
2025-11-20 16:42:29,582 - INFO - ✅ Comment nja2cuf
2025-11-20 16:42:29,582 - INFO - ✅ Comment nj9odzl
2025-11-20 16:42:29,582 - INFO - ✅ Comment nj9i3zq
2025-11-20 16:42:29,582 - INFO - ✅ Comment nj9idyi
2025-11-20 16:42:29,582 - INFO - ✅ Comment nj9j5yh
2025-11-20 16:42:29,582 - INFO - ✅ Comment njambyb
2025-11-20 16:42:29,582 - INFO - ✅ Comment nj9l7f5
2025-11-20 16:42:29,582 - INFO - ✅ Comment nj9roqt
2025-11-20 16:42:29,588 - INFO - ✅ Comment nj9skfd
2025-11-20 16:42:29,588 - INFO - ✅ Comment nj9gd82
2025-11-20 16:42:29,588 - INFO - ✅ Comment njal57a
2025-11-20 16:42:29,588 - INFO - ✅ Comment nj9qliw
2025-11-20 16:42:29,588 - INFO - ✅ Comment njdibzr
2025-11-20 16:42:29,588 - INFO - ✅ Comment nj9mu2j
2025-11-20 16:42:29,591 - INFO - ✅ Comment nj9zjfg
2025-11-20 16:42:29,592 - INFO - ✅ Comment nj9ziy8
2025-11-20 16:42:29,592 - INFO - ✅ Comment nj9po5d
2025-11-20 16:42:29,592 - INFO - ✅ Comment nj9sh55
2025-11-20 16:42:29,592 - INFO - ✅ Comment njadifo
2025-11-20 16:42:29,593 - INFO - ✅ Comment njaih06
2025-11-20 16:42:29,593 - INFO - ✅ Comment njb3jvt
2025-11-20 16:42:29,593 - INFO - ✅ Comment njbthu8
2025-11-20 16:42:29,593 - INFO - ✅ Comment njao5to
2025-11-20 16:42:29,593 - INFO - ✅ Comment nja9tzs
2025-11-20 16:42:29,593 - INFO - ✅ Comment nja9atj
2025-11-20 16:42:29,593 - INFO - ✅ Comment nja6tvp
2025-11-20 16:42:29,593 - INFO - ✅ Comment nja4rly
2025-11-20 16:42:29,599 - INFO - ✅ Comment njcuvkx
2025-11-20 16:42:29,599 - INFO - ✅ Comment njd2u8o
2025-11-20 16:42:29,601 - INFO - ✅ Comment njbdaf2
2025-11-20 16:42:29,601 - INFO - ✅ Comment njcul4q
2025-11-20 16:42:29,602 - INFO - ✅ Comment njc4blv
2025-11-20 16:42:29,602 - INFO - ✅ Comment njbog3s
2025-11-20 16:42:29,603 - INFO - ✅ Comment njbea2y
2025-11-20 16:42:29,604 - INFO - ✅ Comment njbsd4l
2025-11-20 16:42:29,604 - INFO - ✅ Comment njcvpjs
2025-11-20 16:42:29,604 - INFO - ✅ Comment nj9sbbk
2025-11-20 16:42:29,605 - INFO - ✅ Comment njbel23
2025-11-20 16:42:29,605 - INFO - ✅ Comment nja4ar2
2025-11-20 16:42:29,605 - INFO - ✅ Comment njbo2o8
2025-11-20 16:42:29,606 - INFO - ✅ Comment njaw619
2025-11-20 16:42:29,606 - INFO - ✅ Comment nja44jw
2025-11-20 16:42:29,606 - INFO - ✅ Comment nja0d79
2025-11-20 16:42:29,607 - INFO - ✅ Comment nja2d7r
2025-11-20 16:42:29,608 - INFO - ✅ Comment nj9ntg2
2025-11-20 16:42:29,608 - INFO - ✅ Comment nj9swfv
2025-11-20 16:42:29,609 - INFO - ✅ Comment nj9r3ps
2025-11-20 16:42:29,610 - INFO - ✅ Comment nj9l3h9
2025-11-20 16:42:29,611 - INFO - ✅ Comment njex13c
2025-11-20 16:42:29,612 - INFO - ✅ Comment nj9v33d
2025-11-20 16:42:29,612 - INFO - ✅ Comment njaexcs
2025-11-20 16:42:29,612 - INFO - ✅ Comment nj9svnw
2025-11-20 16:42:29,613 - INFO - ✅ Comment njb6vwo
2025-11-20 16:42:29,614 - INFO - ✅ Comment njc3uam
2025-11-20 16:42:29,617 - INFO - ✅ Comment njeftku
2025-11-20 16:42:29,618 - INFO - ✅ Comment njcpxt7
2025-11-20 16:42:29,619 - INFO - ✅ Comment njatf6k
2025-11-20 16:42:29,620 - INFO - ✅ Comment njar4pq
2025-11-20 16:42:29,620 - INFO - ✅ Comment njafryk
2025-11-20 16:42:29,621 - INFO - ✅ Comment njae1iv
2025-11-20 16:42:29,621 - INFO - ✅ Comment njd7pou
2025-11-20 16:42:29,621 - INFO - ✅ Comment njbk7m0
2025-11-20 16:42:29,622 - INFO - ✅ Comment njco5yf
2025-11-20 16:42:29,623 - INFO - ✅ Comment njaf7k4
2025-11-20 16:42:29,623 - INFO - ✅ Comment nja41bx
2025-11-20 16:42:29,623 - INFO - ✅ Comment nj9oqeu
2025-11-20 16:42:29,624 - INFO - ✅ Comment njc2xum
2025-11-20 16:42:29,625 - INFO - ✅ Comment njacz92
2025-11-20 16:42:29,625 - INFO - ✅ Comment njbznf4
2025-11-20 16:42:29,625 - INFO - ✅ Comment njc5owl
2025-11-20 16:42:29,626 - INFO - ✅ Comment njehagc
2025-11-20 16:42:29,626 - INFO - ✅ Comment njffoam
2025-11-20 16:42:29,626 - INFO - ✅ Comment njbskjs
2025-11-20 16:42:29,626 - INFO - ✅ Comment njbfwod
2025-11-20 16:42:29,626 - INFO - ✅ Comment nja5pjv
2025-11-20 16:42:29,626 - INFO - ✅ Comment nj9qh3l
2025-11-20 16:42:29,626 - INFO - ✅ Comment njc7ito
2025-11-20 16:42:29,626 - INFO - ✅ Comment njgguan
2025-11-20 16:42:29,626 - INFO - ✅ Comment njc4q59
2025-11-20 16:42:29,626 - INFO - ✅ Comment njbrfwo
2025-11-20 16:42:29,630 - INFO - ✅ Comment njbwz2w
2025-11-20 16:42:29,630 - INFO - ✅ Comment nja6y7i
2025-11-20 16:42:29,630 - INFO - ✅ Comment njc8z9g
2025-11-20 16:42:29,631 - INFO - ✅ Comment njetwvu
2025-11-20 16:42:29,632 - INFO - ✅ Comment njbx83h
2025-11-20 16:42:29,632 - INFO - ✅ Comment nja87xe
2025-11-20 16:42:29,632 - INFO - ⚙️ Extracting data from post 1ojjtnz
2025-11-20 16:42:29,632 - INFO - ✅ Post 1ojjtnz
2025-11-20 16:42:30,864 - INFO - ⚙️ Extracting data from comments of post 1ojjtnz
2025-11-20 16:42:30,864 - INFO - ✅ Comment nm3jo83
2025-11-20 16:42:30,864 - INFO - ✅ Comment nm3rgsf
2025-11-20 16:42:30,864 - INFO - ✅ Comment nm3thpe
2025-11-20 16:42:30,864 - INFO - ✅ Comment nm5mrwx
2025-11-20 16:42:30,864 - INFO - ✅ Comment nm53ksw
2025-11-20 16:42:30,864 - INFO - ✅ Comment nm5f92y
2025-11-20 16:42:30,864 - INFO - ✅ Comment nm4etzh
2025-11-20 16:42:30,864 - INFO - ✅ Comment nm3q03f
2025-11-20 16:42:30,864 - INFO - ✅ Comment nm3ohj5
2025-11-20 16:42:30,864 - INFO - ✅ Comment nm4lp0o
2025-11-20 16:42:30,864 - INFO - ✅ Comment nm3r4t3
2025-11-20 16:42:30,864 - INFO - ✅ Comment nm62e7l
2025-11-20 16:42:30,864 - INFO - ✅ Comment nm3rl6r
2025-11-20 16:42:30,864 - INFO - ✅ Comment nm3wbmk
2025-11-20 16:42:30,864 - INFO - ✅ Comment nm3l5y0
2025-11-20 16:42:30,864 - INFO - ✅ Comment nm486ou
2025-11-20 16:42:30,864 - INFO - ✅ Comment nm3yz5k
2025-11-20 16:42:30,864 - INFO - ✅ Comment nm50mhy
2025-11-20 16:42:30,864 - INFO - ✅ Comment nm3kh8d
2025-11-20 16:42:30,864 - INFO - ✅ Comment nm44vvf
2025-11-20 16:42:30,873 - INFO - ✅ Comment nm57u1w
2025-11-20 16:42:30,873 - INFO - ✅ Comment nm58kym
2025-11-20 16:42:30,873 - INFO - ✅ Comment nm5ekuq
2025-11-20 16:42:30,873 - INFO - ✅ Comment nm5ix2w
2025-11-20 16:42:30,873 - INFO - ✅ Comment nm6agmi
2025-11-20 16:42:30,873 - INFO - ✅ Comment nm6dkwj
2025-11-20 16:42:30,875 - INFO - ✅ Comment nm7c2qh
2025-11-20 16:42:30,875 - INFO - ✅ Comment nm8b0vw
2025-11-20 16:42:30,875 - INFO - ✅ Comment nm3jzzo
2025-11-20 16:42:30,876 - INFO - ✅ Comment nm3p1yz
2025-11-20 16:42:30,876 - INFO - ✅ Comment nm421n7
2025-11-20 16:42:30,876 - INFO - ✅ Comment nm4czfx
2025-11-20 16:42:30,876 - INFO - ✅ Comment nm3kyp2
2025-11-20 16:42:30,876 - INFO - ✅ Comment nm3sad7
2025-11-20 16:42:30,876 - INFO - ✅ Comment nm3kgc5
2025-11-20 16:42:30,876 - INFO - ✅ Comment nm3md25
2025-11-20 16:42:30,876 - INFO - ✅ Comment nm3uogq
2025-11-20 16:42:30,879 - INFO - ✅ Comment nm3xvmc
2025-11-20 16:42:30,885 - INFO - ✅ Comment nm3lhfd
2025-11-20 16:42:30,885 - INFO - ✅ Comment nm3octh
2025-11-20 16:42:30,888 - INFO - ✅ Comment nm3rg6u
2025-11-20 16:42:30,888 - INFO - ✅ Comment nm3uyqj
2025-11-20 16:42:30,888 - INFO - ✅ Comment nm4cwr9
2025-11-20 16:42:30,888 - INFO - ✅ Comment nm3n2aq
2025-11-20 16:42:30,888 - INFO - ✅ Comment nm455pe
2025-11-20 16:42:30,888 - INFO - ✅ Comment nm4ojc7
2025-11-20 16:42:30,890 - INFO - ✅ Comment nm5gty8
2025-11-20 16:42:30,891 - INFO - ✅ Comment nm66rsj
2025-11-20 16:42:30,891 - INFO - ✅ Comment nm45j6n
2025-11-20 16:42:30,892 - INFO - ✅ Comment nm536bl
2025-11-20 16:42:30,892 - INFO - ✅ Comment nm43lqg
2025-11-20 16:42:30,892 - INFO - ✅ Comment nm4tta0
2025-11-20 16:42:30,892 - INFO - ✅ Comment nm5s1eb
2025-11-20 16:42:30,892 - INFO - ✅ Comment nm4asac
2025-11-20 16:42:30,892 - INFO - ✅ Comment nm4vsur
2025-11-20 16:42:30,892 - INFO - ✅ Comment nm3qxyq
2025-11-20 16:42:30,892 - INFO - ✅ Comment nm3q78v
2025-11-20 16:42:30,892 - INFO - ✅ Comment nm4u541
2025-11-20 16:42:30,896 - INFO - ✅ Comment nm6b91o
2025-11-20 16:42:30,896 - INFO - ✅ Comment nm3syr1
2025-11-20 16:42:30,897 - INFO - ✅ Comment nm4u8jh
2025-11-20 16:42:30,901 - INFO - ✅ Comment nm62m4s
2025-11-20 16:42:30,904 - INFO - ✅ Comment nm437py
2025-11-20 16:42:30,904 - INFO - ✅ Comment nm50sof
2025-11-20 16:42:30,906 - INFO - ✅ Comment nm3m544
2025-11-20 16:42:30,906 - INFO - ✅ Comment nm5t25d
2025-11-20 16:42:30,906 - INFO - ✅ Comment nm4uf5l
2025-11-20 16:42:30,906 - INFO - ✅ Comment nm46tcx
2025-11-20 16:42:30,907 - INFO - ✅ Comment nm4clya
2025-11-20 16:42:30,907 - INFO - ✅ Comment nm5xh1u
2025-11-20 16:42:30,907 - INFO - ✅ Comment nm3rb8b
2025-11-20 16:42:30,909 - INFO - ✅ Comment nm3o6rt
2025-11-20 16:42:30,909 - INFO - ✅ Comment nm3p23m
2025-11-20 16:42:30,909 - INFO - ✅ Comment nm3mwya
2025-11-20 16:42:30,909 - INFO - ✅ Comment nm3nlq8
2025-11-20 16:42:30,909 - INFO - ✅ Comment nm3qt23
2025-11-20 16:42:30,910 - INFO - ✅ Comment nm3pvch
2025-11-20 16:42:30,910 - INFO - ✅ Comment nm4149e
2025-11-20 16:42:30,910 - INFO - ✅ Comment nm5sf28
2025-11-20 16:42:30,910 - INFO - ✅ Comment nm3p69n
2025-11-20 16:42:30,910 - INFO - ✅ Comment nm46hj6
2025-11-20 16:42:30,910 - INFO - ✅ Comment nm4drkp
2025-11-20 16:42:30,910 - INFO - ✅ Comment nm4qx6g
2025-11-20 16:42:30,910 - INFO - ✅ Comment nmcxc5l
2025-11-20 16:42:30,910 - INFO - ✅ Comment nm62mvk
2025-11-20 16:42:30,919 - INFO - ✅ Comment nm46ay8
2025-11-20 16:42:30,920 - INFO - ✅ Comment nm4a33j
2025-11-20 16:42:30,920 - INFO - ✅ Comment nm5svfh
2025-11-20 16:42:30,920 - INFO - ✅ Comment nm5wbd3
2025-11-20 16:42:30,922 - INFO - ✅ Comment nm4z6zp
2025-11-20 16:42:30,922 - INFO - ✅ Comment nm70ue9
2025-11-20 16:42:30,923 - INFO - ✅ Comment nm64gvc
2025-11-20 16:42:30,923 - INFO - ✅ Comment nm53ybn
2025-11-20 16:42:30,924 - INFO - ✅ Comment nm595si
2025-11-20 16:42:30,924 - INFO - ✅ Comment nm58654
2025-11-20 16:42:30,924 - INFO - ✅ Comment nm50wfy
2025-11-20 16:42:30,924 - INFO - ✅ Comment nm3qaas
2025-11-20 16:42:30,924 - INFO - ✅ Comment nm3stll
2025-11-20 16:42:30,926 - INFO - ✅ Comment nm4ud1b
2025-11-20 16:42:30,926 - INFO - ✅ Comment nm4tmj3
2025-11-20 16:42:30,926 - INFO - ✅ Comment nmht0a1
2025-11-20 16:42:30,926 - INFO - ✅ Comment nm5s9n9
2025-11-20 16:42:30,926 - INFO - ✅ Comment nm6rgff
2025-11-20 16:42:30,926 - INFO - ✅ Comment nm3wub5
2025-11-20 16:42:30,926 - INFO - ✅ Comment nm3t4yx
2025-11-20 16:42:30,926 - INFO - ✅ Comment nm5slw0
2025-11-20 16:42:30,926 - INFO - ✅ Comment nm3rbyf
2025-11-20 16:42:30,926 - INFO - ✅ Comment nm3ra65
2025-11-20 16:42:30,926 - INFO - ✅ Comment nm3rpaw
2025-11-20 16:42:30,935 - INFO - ✅ Comment nm41jye
2025-11-20 16:42:30,935 - INFO - ✅ Comment nm3s8od
2025-11-20 16:42:30,935 - INFO - ✅ Comment nm4tug8
2025-11-20 16:42:30,937 - INFO - ✅ Comment nmd0hh8
2025-11-20 16:42:30,937 - INFO - ✅ Comment nm6m5v7
2025-11-20 16:42:30,937 - INFO - ✅ Comment nm4cyke
2025-11-20 16:42:30,937 - INFO - ✅ Comment nm471re
2025-11-20 16:42:30,937 - INFO - ✅ Comment nm4anua
2025-11-20 16:42:30,937 - INFO - ✅ Comment nm71b03
2025-11-20 16:42:30,937 - INFO - ✅ Comment nm71jac
2025-11-20 16:42:30,940 - INFO - ✅ Comment nm6lhfx
2025-11-20 16:42:30,941 - INFO - ✅ Comment nm5yy6c
2025-11-20 16:42:30,941 - INFO - ✅ Comment nm5yuru
2025-11-20 16:42:30,941 - INFO - ✅ Comment nm5s3fu
2025-11-20 16:42:30,941 - INFO - ✅ Comment nm5xlle
2025-11-20 16:42:30,941 - INFO - ✅ Comment nm5057k
2025-11-20 16:42:30,941 - INFO - ✅ Comment nm5d6oj
2025-11-20 16:42:30,941 - INFO - ✅ Comment nm5sd1p
2025-11-20 16:42:30,941 - INFO - ✅ Comment nm3rzyt
2025-11-20 16:42:30,941 - INFO - ✅ Comment nm47btv
2025-11-20 16:42:30,941 - INFO - ✅ Comment nm3sqd1
2025-11-20 16:42:30,941 - INFO - ✅ Comment nm421ew
2025-11-20 16:42:30,947 - INFO - ✅ Comment nm4vlz7
2025-11-20 16:42:30,947 - INFO - ✅ Comment nm4dhhw
2025-11-20 16:42:30,950 - INFO - ✅ Comment nm48ahc
2025-11-20 16:42:30,950 - INFO - ✅ Comment nm4b6s0
2025-11-20 16:42:30,951 - INFO - ✅ Comment nm7px63
2025-11-20 16:42:30,951 - INFO - ✅ Comment nm5sjt2
2025-11-20 16:42:30,951 - INFO - ✅ Comment nm3s3ik
2025-11-20 16:42:30,951 - INFO - ✅ Comment nm47ts1
2025-11-20 16:42:30,951 - INFO - ✅ Comment nm3tset
2025-11-20 16:42:30,951 - INFO - ✅ Comment nm42zzw
2025-11-20 16:42:30,951 - INFO - ✅ Comment nm4xpaf
2025-11-20 16:42:30,951 - INFO - ✅ Comment nm498aj
2025-11-20 16:42:30,951 - INFO - ✅ Comment nm4ciej
2025-11-20 16:42:30,951 - INFO - ✅ Comment nm5sr7t
2025-11-20 16:42:30,951 - INFO - ✅ Comment nm3so23
2025-11-20 16:42:30,951 - INFO - ✅ Comment nm43n52
2025-11-20 16:42:30,958 - INFO - ✅ Comment nm4ameb
2025-11-20 16:42:30,958 - INFO - ✅ Comment nm4lsre
2025-11-20 16:42:30,958 - INFO - ✅ Comment nm5syof
2025-11-20 16:42:30,958 - INFO - ✅ Comment nm3umn3
2025-11-20 16:42:30,958 - INFO - ✅ Comment nm43tuf
2025-11-20 16:42:30,958 - INFO - ✅ Comment nm4bmpw
2025-11-20 16:42:30,958 - INFO - ✅ Comment nm4ncuq
2025-11-20 16:42:30,958 - INFO - ✅ Comment nm3v76b
2025-11-20 16:42:30,958 - INFO - ✅ Comment nm3vfgw
2025-11-20 16:42:30,958 - INFO - ✅ Comment nm3vo4s
2025-11-20 16:42:30,958 - INFO - ⚙️ Extracting data from post 1mctwpa
2025-11-20 16:42:30,958 - INFO - ✅ Post 1mctwpa
2025-11-20 16:42:31,837 - INFO - ⚙️ Extracting data from comments of post 1mctwpa
2025-11-20 16:42:31,838 - INFO - ✅ Comment n5wkchi
2025-11-20 16:42:31,838 - INFO - ✅ Comment n5wm7xy
2025-11-20 16:42:31,839 - INFO - ✅ Comment n5x123i
2025-11-20 16:42:31,839 - INFO - ✅ Comment n5ws71b
2025-11-20 16:42:31,840 - INFO - ✅ Comment n5wy0vd
2025-11-20 16:42:31,840 - INFO - ✅ Comment n5wles3
2025-11-20 16:42:31,840 - INFO - ✅ Comment n5y58f7
2025-11-20 16:42:31,841 - INFO - ✅ Comment n5wnms6
2025-11-20 16:42:31,842 - INFO - ✅ Comment n5wz40v
2025-11-20 16:42:31,842 - INFO - ✅ Comment n5wyxg7
2025-11-20 16:42:31,842 - INFO - ✅ Comment n5wrc55
2025-11-20 16:42:31,842 - INFO - ✅ Comment n5ymx8v
2025-11-20 16:42:31,842 - INFO - ✅ Comment n5y5njk
2025-11-20 16:42:31,843 - INFO - ✅ Comment n5xyyyp
2025-11-20 16:42:31,843 - INFO - ✅ Comment n5zf6sw
2025-11-20 16:42:31,844 - INFO - ✅ Comment n5wqiqp
2025-11-20 16:42:31,844 - INFO - ✅ Comment n5wl6kv
2025-11-20 16:42:31,844 - INFO - ✅ Comment n5x5pp3
2025-11-20 16:42:31,845 - INFO - ✅ Comment n5xfc99
2025-11-20 16:42:31,845 - INFO - ✅ Comment n5wmj8f
2025-11-20 16:42:31,845 - INFO - ✅ Comment n605wb5
2025-11-20 16:42:31,846 - INFO - ✅ Comment n5wov39
2025-11-20 16:42:31,847 - INFO - ✅ Comment n5wwogu
2025-11-20 16:42:31,850 - INFO - ✅ Comment n5wz41r
2025-11-20 16:42:31,852 - INFO - ✅ Comment n5xduz3
2025-11-20 16:42:31,852 - INFO - ✅ Comment n5wz9l2
2025-11-20 16:42:31,852 - INFO - ✅ Comment n5xts70
2025-11-20 16:42:31,854 - INFO - ✅ Comment n5xtk5r
2025-11-20 16:42:31,854 - INFO - ✅ Comment n5x6wa7
2025-11-20 16:42:31,854 - INFO - ✅ Comment n5xyv0a
2025-11-20 16:42:31,854 - INFO - ✅ Comment n5y8sc6
2025-11-20 16:42:31,855 - INFO - ✅ Comment n5xejl4
2025-11-20 16:42:31,856 - INFO - ✅ Comment n5xlm40
2025-11-20 16:42:31,856 - INFO - ✅ Comment n5wmhht
2025-11-20 16:42:31,858 - INFO - ✅ Comment n5x6mbi
2025-11-20 16:42:31,858 - INFO - ✅ Comment n5wmyiu
2025-11-20 16:42:31,858 - INFO - ✅ Comment n5wydap
2025-11-20 16:42:31,859 - INFO - ✅ Comment n5xzyhq
2025-11-20 16:42:31,859 - INFO - ✅ Comment n5x22ux
2025-11-20 16:42:31,860 - INFO - ✅ Comment n5xd1qp
2025-11-20 16:42:31,860 - INFO - ✅ Comment n5xjk6c
2025-11-20 16:42:31,860 - INFO - ✅ Comment n5x1tom
2025-11-20 16:42:31,860 - INFO - ✅ Comment n5wndgt
2025-11-20 16:42:31,861 - INFO - ✅ Comment n5yib00
2025-11-20 16:42:31,861 - INFO - ✅ Comment n5y0i9z
2025-11-20 16:42:31,861 - INFO - ✅ Comment n5xz7x2
2025-11-20 16:42:31,861 - INFO - ✅ Comment n5zkx92
2025-11-20 16:42:31,862 - INFO - ✅ Comment n5x2zke
2025-11-20 16:42:31,862 - INFO - ✅ Comment n5wzqvy
2025-11-20 16:42:31,862 - INFO - ✅ Comment n5wqqke
2025-11-20 16:42:31,863 - INFO - ✅ Comment n5x8fov
2025-11-20 16:42:31,863 - INFO - ✅ Comment n5x1v0z
2025-11-20 16:42:31,872 - INFO - ✅ Comment n5xvpjj
2025-11-20 16:42:31,873 - INFO - ✅ Comment n5ze1g1
2025-11-20 16:42:31,873 - INFO - ✅ Comment n5yx2rb
2025-11-20 16:42:31,874 - INFO - ✅ Comment n5z7ma5
2025-11-20 16:42:31,875 - INFO - ✅ Comment n5xbune
2025-11-20 16:42:31,875 - INFO - ✅ Comment n5y52q9
2025-11-20 16:42:31,875 - INFO - ✅ Comment n5yajmp
2025-11-20 16:42:31,875 - INFO - ✅ Comment n5zeypm
2025-11-20 16:42:31,875 - INFO - ✅ Comment n5x3z46
2025-11-20 16:42:31,875 - INFO - ✅ Comment n5xh97f
2025-11-20 16:42:31,877 - INFO - ✅ Comment n5x7g9t
2025-11-20 16:42:31,879 - INFO - ✅ Comment n60xiwz
2025-11-20 16:42:31,879 - INFO - ✅ Comment n5yj8se
2025-11-20 16:42:31,879 - INFO - ✅ Comment n5xlqw7
2025-11-20 16:42:31,879 - INFO - ✅ Comment n5yisbm
2025-11-20 16:42:31,879 - INFO - ✅ Comment n5x3qmz
2025-11-20 16:42:31,887 - INFO - ✅ Comment n5xn5o4
2025-11-20 16:42:31,889 - INFO - ✅ Comment n5ybu2f
2025-11-20 16:42:31,889 - INFO - ✅ Comment n5x3vnx
2025-11-20 16:42:31,889 - INFO - ✅ Comment n5x04pb
2025-11-20 16:42:31,889 - INFO - ✅ Comment n5xwxy2
2025-11-20 16:42:31,889 - INFO - ✅ Comment n5xduhr
2025-11-20 16:42:31,889 - INFO - ✅ Comment n5xon4j
2025-11-20 16:42:31,891 - INFO - ✅ Comment n5xql8b
2025-11-20 16:42:31,892 - INFO - ✅ Comment n5ypuj8
2025-11-20 16:42:31,892 - INFO - ✅ Comment n62jzqy
2025-11-20 16:42:31,892 - INFO - ✅ Comment n5y64g7
2025-11-20 16:42:31,892 - INFO - ✅ Comment n5yci2x
2025-11-20 16:42:31,892 - INFO - ✅ Comment n5yxk0j
2025-11-20 16:42:31,894 - INFO - ✅ Comment n5zo2qs
2025-11-20 16:42:31,894 - INFO - ✅ Comment n60c28k
2025-11-20 16:42:31,894 - INFO - ✅ Comment n5xbrgo
2025-11-20 16:42:31,895 - INFO - ✅ Comment n5xhst4
2025-11-20 16:42:31,896 - INFO - ✅ Comment n5xbtrn
2025-11-20 16:42:31,896 - INFO - ✅ Comment n5ycjbg
2025-11-20 16:42:31,897 - INFO - ✅ Comment n5x7n51
2025-11-20 16:42:31,898 - INFO - ✅ Comment n5y9aof
2025-11-20 16:42:31,898 - INFO - ✅ Comment n5y4z1r
2025-11-20 16:42:31,902 - INFO - ✅ Comment n60imok
2025-11-20 16:42:31,902 - INFO - ✅ Comment n5xy3ra
2025-11-20 16:42:31,903 - INFO - ✅ Comment n5z0h60
2025-11-20 16:42:31,905 - INFO - ✅ Comment n5z1z3a
2025-11-20 16:42:31,905 - INFO - ✅ Comment n5zeedo
2025-11-20 16:42:31,906 - INFO - ✅ Comment n60f2m1
2025-11-20 16:42:31,906 - INFO - ✅ Comment n5xj6iz
2025-11-20 16:42:31,907 - INFO - ✅ Comment n5xjalp
2025-11-20 16:42:31,907 - INFO - ✅ Comment n5ym4o7
2025-11-20 16:42:31,908 - INFO - ✅ Comment n5yeero
2025-11-20 16:42:31,908 - INFO - ✅ Comment n5yms7y
2025-11-20 16:42:31,909 - INFO - ✅ Comment n5y0puk
2025-11-20 16:42:31,909 - INFO - ✅ Comment n5y0yky
2025-11-20 16:42:31,910 - INFO - ✅ Comment n5z50m2
2025-11-20 16:42:31,910 - INFO - ✅ Comment n60fsps
2025-11-20 16:42:31,910 - INFO - ✅ Comment n5yzlmr
2025-11-20 16:42:31,911 - INFO - ✅ Comment n5z051h
2025-11-20 16:42:31,911 - INFO - ✅ Comment n5z1sbc
2025-11-20 16:42:31,911 - INFO - ✅ Comment n5yence
2025-11-20 16:42:31,911 - INFO - ✅ Comment n5y3ord
2025-11-20 16:42:31,911 - INFO - ✅ Comment n5zn1nq
2025-11-20 16:42:31,911 - INFO - ✅ Comment n5zdb17
2025-11-20 16:42:31,911 - INFO - ✅ Comment n63306v
2025-11-20 16:42:31,911 - INFO - ✅ Comment n60k5p7
2025-11-20 16:42:31,913 - INFO - ✅ Comment n5zk63w
2025-11-20 16:42:31,913 - INFO - ✅ Comment n5ygtzz
2025-11-20 16:42:31,917 - INFO - ✅ Comment n5zfxs0
2025-11-20 16:42:31,918 - INFO - ✅ Comment n5y4a3u
2025-11-20 16:42:31,919 - INFO - ✅ Comment n6070ah
2025-11-20 16:42:31,919 - INFO - ✅ Comment n5zrmyq
2025-11-20 16:42:31,919 - INFO - ✅ Comment n60khwp
2025-11-20 16:42:31,919 - INFO - ✅ Comment n6334ll
2025-11-20 16:42:31,919 - INFO - ✅ Comment n5yh0ro
2025-11-20 16:42:31,919 - INFO - ✅ Comment n60bn4n
2025-11-20 16:42:31,919 - INFO - ✅ Comment n5y72q7
2025-11-20 16:42:31,919 - INFO - ✅ Comment n60kw8l
2025-11-20 16:42:31,919 - INFO - ✅ Comment n5ykhad
2025-11-20 16:42:31,919 - INFO - ✅ Comment n60deht
2025-11-20 16:42:31,919 - INFO - ✅ Comment n5y76uf
2025-11-20 16:42:31,925 - INFO - ✅ Comment n60l1uj
2025-11-20 16:42:31,925 - INFO - ✅ Comment n5ynlzz
2025-11-20 16:42:31,926 - INFO - ✅ Comment n60dy6a
2025-11-20 16:42:31,926 - INFO - ✅ Comment n5z0o47
2025-11-20 16:42:31,926 - INFO - ✅ Comment n5ymqv1
2025-11-20 16:42:31,926 - INFO - ✅ Comment n60gk0n
2025-11-20 16:42:31,927 - INFO - ⚙️ Extracting data from post 1ndqp8o
2025-11-20 16:42:31,927 - INFO - ✅ Post 1ndqp8o
2025-11-20 16:42:32,790 - INFO - ⚙️ Extracting data from comments of post 1ndqp8o
2025-11-20 16:42:32,790 - INFO - ✅ Comment nditzb3
2025-11-20 16:42:32,790 - INFO - ✅ Comment ndiuybm
2025-11-20 16:42:32,792 - INFO - ✅ Comment ndiujou
2025-11-20 16:42:32,792 - INFO - ✅ Comment ndjgzhz
2025-11-20 16:42:32,792 - INFO - ✅ Comment ndj0t93
2025-11-20 16:42:32,792 - INFO - ✅ Comment ndiu6l1
2025-11-20 16:42:32,794 - INFO - ✅ Comment ndizryv
2025-11-20 16:42:32,794 - INFO - ✅ Comment ndjuaff
2025-11-20 16:42:32,794 - INFO - ✅ Comment ndiujdo
2025-11-20 16:42:32,794 - INFO - ✅ Comment ndiwp9t
2025-11-20 16:42:32,794 - INFO - ✅ Comment ndiu4oy
2025-11-20 16:42:32,794 - INFO - ✅ Comment ndiul9m
2025-11-20 16:42:32,794 - INFO - ✅ Comment ndk000a
2025-11-20 16:42:32,794 - INFO - ✅ Comment ndjukh4
2025-11-20 16:42:32,794 - INFO - ✅ Comment ndium5n
2025-11-20 16:42:32,794 - INFO - ✅ Comment ndiwaac
2025-11-20 16:42:32,794 - INFO - ✅ Comment ndj1u57
2025-11-20 16:42:32,794 - INFO - ✅ Comment ndiuog9
2025-11-20 16:42:32,800 - INFO - ✅ Comment nditzdy
2025-11-20 16:42:32,801 - INFO - ✅ Comment ndlv8y9
2025-11-20 16:42:32,801 - INFO - ✅ Comment ndiurce
2025-11-20 16:42:32,802 - INFO - ✅ Comment ndivp7v
2025-11-20 16:42:32,803 - INFO - ✅ Comment ndiuvkt
2025-11-20 16:42:32,808 - INFO - ✅ Comment ndiv8d6
2025-11-20 16:42:32,809 - INFO - ✅ Comment ndj1jwc
2025-11-20 16:42:32,810 - INFO - ✅ Comment ndj87md
2025-11-20 16:42:32,810 - INFO - ✅ Comment ndj18f6
2025-11-20 16:42:32,810 - INFO - ✅ Comment ndj2sdq
2025-11-20 16:42:32,810 - INFO - ✅ Comment ndkeb0o
2025-11-20 16:42:32,810 - INFO - ✅ Comment ndj0uad
2025-11-20 16:42:32,810 - INFO - ✅ Comment ndixny9
2025-11-20 16:42:32,810 - INFO - ✅ Comment ndiunp5
2025-11-20 16:42:32,810 - INFO - ✅ Comment ndltapi
2025-11-20 16:42:32,810 - INFO - ✅ Comment ndkisbb
2025-11-20 16:42:32,810 - INFO - ✅ Comment ndivb3c
2025-11-20 16:42:32,814 - INFO - ✅ Comment ndiuv96
2025-11-20 16:42:32,814 - INFO - ✅ Comment ndivdla
2025-11-20 16:42:32,816 - INFO - ✅ Comment ndj6z8s
2025-11-20 16:42:32,818 - INFO - ✅ Comment ndky6dw
2025-11-20 16:42:32,818 - INFO - ✅ Comment ndj2323
2025-11-20 16:42:32,818 - INFO - ✅ Comment ndiylgq
2025-11-20 16:42:32,818 - INFO - ✅ Comment ndvbb78
2025-11-20 16:42:32,818 - INFO - ✅ Comment ndiui8u
2025-11-20 16:42:32,820 - INFO - ✅ Comment ndklwzr
2025-11-20 16:42:32,820 - INFO - ✅ Comment ndj2wxi
2025-11-20 16:42:32,820 - INFO - ✅ Comment ndkfmis
2025-11-20 16:42:32,820 - INFO - ✅ Comment ndiui76
2025-11-20 16:42:32,820 - INFO - ✅ Comment ndiuo84
2025-11-20 16:42:32,820 - INFO - ✅ Comment ndiuh2k
2025-11-20 16:42:32,822 - INFO - ✅ Comment ndjdhha
2025-11-20 16:42:32,822 - INFO - ✅ Comment ndiv094
2025-11-20 16:42:32,822 - INFO - ✅ Comment ndiuuo4
2025-11-20 16:42:32,822 - INFO - ✅ Comment ndiw1rj
2025-11-20 16:42:32,822 - INFO - ✅ Comment ndixiw3
2025-11-20 16:42:32,822 - INFO - ✅ Comment ndix2n1
2025-11-20 16:42:32,822 - INFO - ✅ Comment ndj1zc6
2025-11-20 16:42:32,822 - INFO - ✅ Comment ndja9ud
2025-11-20 16:42:32,826 - INFO - ✅ Comment ndk183g
2025-11-20 16:42:32,826 - INFO - ✅ Comment ndj41gz
2025-11-20 16:42:32,826 - INFO - ✅ Comment ndj3tot
2025-11-20 16:42:32,826 - INFO - ✅ Comment ndj386y
2025-11-20 16:42:32,826 - INFO - ✅ Comment ndjc3hu
2025-11-20 16:42:32,826 - INFO - ✅ Comment ndj3lyf
2025-11-20 16:42:32,829 - INFO - ✅ Comment ndjcgvu
2025-11-20 16:42:32,829 - INFO - ✅ Comment ndixiux
2025-11-20 16:42:32,829 - INFO - ✅ Comment ndivxbn
2025-11-20 16:42:32,829 - INFO - ✅ Comment ndix5l1
2025-11-20 16:42:32,829 - INFO - ✅ Comment ndk8x1h
2025-11-20 16:42:32,829 - INFO - ✅ Comment ndvlthr
2025-11-20 16:42:32,829 - INFO - ✅ Comment ndiuslb
2025-11-20 16:42:32,836 - INFO - ✅ Comment ndivaui
2025-11-20 16:42:32,838 - INFO - ✅ Comment ndkmsn0
2025-11-20 16:42:32,838 - INFO - ✅ Comment ndiupxe
2025-11-20 16:42:32,838 - INFO - ✅ Comment ndjdj2b
2025-11-20 16:42:32,838 - INFO - ✅ Comment ndiwf5q
2025-11-20 16:42:32,838 - INFO - ✅ Comment ndixw6e
2025-11-20 16:42:32,840 - INFO - ✅ Comment ndj8kwh
2025-11-20 16:42:32,840 - INFO - ✅ Comment ndjera1
2025-11-20 16:42:32,840 - INFO - ✅ Comment ndj3zy2
2025-11-20 16:42:32,840 - INFO - ✅ Comment ndj3dhb
2025-11-20 16:42:32,840 - INFO - ✅ Comment ndjh5f9
2025-11-20 16:42:32,840 - INFO - ✅ Comment ndj21bg
2025-11-20 16:42:32,840 - INFO - ✅ Comment ndiw8d9
2025-11-20 16:42:32,840 - INFO - ✅ Comment ndiwssh
2025-11-20 16:42:32,840 - INFO - ✅ Comment ndkcscc
2025-11-20 16:42:32,840 - INFO - ✅ Comment ndkybgw
2025-11-20 16:42:32,840 - INFO - ✅ Comment ndvwiuh
2025-11-20 16:42:32,845 - INFO - ✅ Comment ndiwnb5
2025-11-20 16:42:32,845 - INFO - ✅ Comment ndj6e4o
2025-11-20 16:42:32,845 - INFO - ✅ Comment ndknikf
2025-11-20 16:42:32,845 - INFO - ✅ Comment ndiux5k
2025-11-20 16:42:32,845 - INFO - ✅ Comment ndj1ph0
2025-11-20 16:42:32,845 - INFO - ✅ Comment ndixsxw
2025-11-20 16:42:32,845 - INFO - ✅ Comment ndjw07j
2025-11-20 16:42:32,851 - INFO - ✅ Comment ndiydy2
2025-11-20 16:42:32,854 - INFO - ✅ Comment ndizlvy
2025-11-20 16:42:32,855 - INFO - ✅ Comment ndjajui
2025-11-20 16:42:32,855 - INFO - ✅ Comment ndjl590
2025-11-20 16:42:32,856 - INFO - ✅ Comment ndjexvj
2025-11-20 16:42:32,856 - INFO - ✅ Comment ndjfv32
2025-11-20 16:42:32,856 - INFO - ✅ Comment ndji3ed
2025-11-20 16:42:32,856 - INFO - ✅ Comment ndj6n70
2025-11-20 16:42:32,856 - INFO - ✅ Comment ndixgu9
2025-11-20 16:42:32,856 - INFO - ✅ Comment ndiy48v
2025-11-20 16:42:32,856 - INFO - ✅ Comment ndj0noh
2025-11-20 16:42:32,856 - INFO - ✅ Comment ndki3hj
2025-11-20 16:42:32,860 - INFO - ✅ Comment ndjb3i2
2025-11-20 16:42:32,860 - INFO - ✅ Comment ndjq0o3
2025-11-20 16:42:32,860 - INFO - ✅ Comment ndl30gf
2025-11-20 16:42:32,861 - INFO - ✅ Comment ndjll64
2025-11-20 16:42:32,861 - INFO - ✅ Comment ndjyv9l
2025-11-20 16:42:32,861 - INFO - ✅ Comment ndizrhm
2025-11-20 16:42:32,861 - INFO - ✅ Comment ndj0v2w
2025-11-20 16:42:32,861 - INFO - ✅ Comment ndjcr1n
2025-11-20 16:42:32,861 - INFO - ✅ Comment ndjcinq
2025-11-20 16:42:32,861 - INFO - ✅ Comment ndq5yuo
2025-11-20 16:42:32,861 - INFO - ✅ Comment ndj1xhm
2025-11-20 16:42:32,861 - INFO - ✅ Comment ndq68w7
2025-11-20 16:42:32,866 - INFO - ✅ Comment ndq9cl4
2025-11-20 16:42:32,868 - INFO - ⚙️ Extracting data from post 1o5c29r
2025-11-20 16:42:32,870 - INFO - ✅ Post 1o5c29r
2025-11-20 16:42:33,833 - INFO - ⚙️ Extracting data from comments of post 1o5c29r
2025-11-20 16:42:33,833 - INFO - ✅ Comment nj8bmsi
2025-11-20 16:42:33,833 - INFO - ✅ Comment nj8e4mp
2025-11-20 16:42:33,836 - INFO - ✅ Comment nj8bzye
2025-11-20 16:42:33,836 - INFO - ✅ Comment nj8t97i
2025-11-20 16:42:33,836 - INFO - ✅ Comment nj8jcbi
2025-11-20 16:42:33,836 - INFO - ✅ Comment nj8dr75
2025-11-20 16:42:33,838 - INFO - ✅ Comment nj8eor7
2025-11-20 16:42:33,838 - INFO - ✅ Comment nj9882l
2025-11-20 16:42:33,838 - INFO - ✅ Comment nj8hm37
2025-11-20 16:42:33,840 - INFO - ✅ Comment nj8m981
2025-11-20 16:42:33,841 - INFO - ✅ Comment nj8vw6i
2025-11-20 16:42:33,842 - INFO - ✅ Comment nj8j7pi
2025-11-20 16:42:33,845 - INFO - ✅ Comment nj8d8gp
2025-11-20 16:42:33,845 - INFO - ✅ Comment nj8i6vz
2025-11-20 16:42:33,846 - INFO - ✅ Comment nj93pa9
2025-11-20 16:42:33,846 - INFO - ✅ Comment nj9bzkt
2025-11-20 16:42:33,846 - INFO - ✅ Comment nj93u8y
2025-11-20 16:42:33,848 - INFO - ✅ Comment nj8lawf
2025-11-20 16:42:33,848 - INFO - ✅ Comment nj8hbhl
2025-11-20 16:42:33,850 - INFO - ✅ Comment nj8qoba
2025-11-20 16:42:33,852 - INFO - ✅ Comment nj8ugam
2025-11-20 16:42:33,852 - INFO - ✅ Comment nj8v2i5
2025-11-20 16:42:33,852 - INFO - ✅ Comment nj9qqez
2025-11-20 16:42:33,854 - INFO - ✅ Comment nj8vblk
2025-11-20 16:42:33,854 - INFO - ✅ Comment nj8qrc9
2025-11-20 16:42:33,854 - INFO - ✅ Comment nj8qtbx
2025-11-20 16:42:33,854 - INFO - ✅ Comment nj9o5ff
2025-11-20 16:42:33,854 - INFO - ✅ Comment nj8s698
2025-11-20 16:42:33,854 - INFO - ✅ Comment nj8fnr9
2025-11-20 16:42:33,856 - INFO - ✅ Comment nj8f0ix
2025-11-20 16:42:33,856 - INFO - ✅ Comment nj8qgkg
2025-11-20 16:42:33,856 - INFO - ✅ Comment nj8i2ri
2025-11-20 16:42:33,856 - INFO - ✅ Comment nj8jgic
2025-11-20 16:42:33,856 - INFO - ✅ Comment nj8fl2u
2025-11-20 16:42:33,860 - INFO - ✅ Comment nj8m7f7
2025-11-20 16:42:33,860 - INFO - ✅ Comment nj9uwji
2025-11-20 16:42:33,860 - INFO - ✅ Comment nj9rzgp
2025-11-20 16:42:33,860 - INFO - ✅ Comment nj8hrem
2025-11-20 16:42:33,860 - INFO - ✅ Comment nj8wwai
2025-11-20 16:42:33,862 - INFO - ✅ Comment nj8w676
2025-11-20 16:42:33,862 - INFO - ✅ Comment nj9lwjv
2025-11-20 16:42:33,862 - INFO - ✅ Comment nja8agq
2025-11-20 16:42:33,862 - INFO - ✅ Comment nje5adj
2025-11-20 16:42:33,864 - INFO - ✅ Comment nj8rdav
2025-11-20 16:42:33,864 - INFO - ✅ Comment nj9pr70
2025-11-20 16:42:33,866 - INFO - ✅ Comment nj8vfdt
2025-11-20 16:42:33,866 - INFO - ✅ Comment nj8sfps
2025-11-20 16:42:33,871 - INFO - ✅ Comment nj8hdmz
2025-11-20 16:42:33,871 - INFO - ✅ Comment nj8hh6a
2025-11-20 16:42:33,874 - INFO - ✅ Comment nj8gsed
2025-11-20 16:42:33,874 - INFO - ✅ Comment nj8f3n2
2025-11-20 16:42:33,875 - INFO - ✅ Comment nj8fmpj
2025-11-20 16:42:33,875 - INFO - ✅ Comment nj8farl
2025-11-20 16:42:33,875 - INFO - ✅ Comment nj8uz3x
2025-11-20 16:42:33,877 - INFO - ✅ Comment nja6zq0
2025-11-20 16:42:33,877 - INFO - ✅ Comment nja2pf2
2025-11-20 16:42:33,877 - INFO - ✅ Comment nj8i9px
2025-11-20 16:42:33,877 - INFO - ✅ Comment nj8h0ws
2025-11-20 16:42:33,877 - INFO - ✅ Comment nj8hpf3
2025-11-20 16:42:33,879 - INFO - ✅ Comment nj8npx9
2025-11-20 16:42:33,880 - INFO - ✅ Comment njbzktd
2025-11-20 16:42:33,880 - INFO - ✅ Comment nj8j6ks
2025-11-20 16:42:33,881 - INFO - ✅ Comment nj8m7vm
2025-11-20 16:42:33,881 - INFO - ✅ Comment nj8xd1b
2025-11-20 16:42:33,881 - INFO - ✅ Comment njanpa0
2025-11-20 16:42:33,885 - INFO - ✅ Comment njaq7um
2025-11-20 16:42:33,887 - INFO - ✅ Comment nj8rs0x
2025-11-20 16:42:33,888 - INFO - ✅ Comment nj9m4er
2025-11-20 16:42:33,888 - INFO - ✅ Comment nj8ywk0
2025-11-20 16:42:33,890 - INFO - ✅ Comment nj8t811
2025-11-20 16:42:33,890 - INFO - ✅ Comment nj8uf4r
2025-11-20 16:42:33,890 - INFO - ✅ Comment nj8hnlu
2025-11-20 16:42:33,890 - INFO - ✅ Comment nj8m67a
2025-11-20 16:42:33,890 - INFO - ✅ Comment nj8hp32
2025-11-20 16:42:33,890 - INFO - ✅ Comment nj8vla1
2025-11-20 16:42:33,893 - INFO - ✅ Comment nj8mq3p
2025-11-20 16:42:33,894 - INFO - ✅ Comment nj8u1lm
2025-11-20 16:42:33,894 - INFO - ✅ Comment nj8ozzz
2025-11-20 16:42:33,894 - INFO - ✅ Comment nj8mfp6
2025-11-20 16:42:33,894 - INFO - ✅ Comment nj8xi42
2025-11-20 16:42:33,894 - INFO - ✅ Comment njdypst
2025-11-20 16:42:33,894 - INFO - ✅ Comment nj96nz5
2025-11-20 16:42:33,894 - INFO - ✅ Comment nj90pb7
2025-11-20 16:42:33,897 - INFO - ✅ Comment nj8zk2f
2025-11-20 16:42:33,897 - INFO - ✅ Comment nj8jvdx
2025-11-20 16:42:33,897 - INFO - ✅ Comment nj8md5m
2025-11-20 16:42:33,898 - INFO - ✅ Comment nj8qbkq
2025-11-20 16:42:33,899 - INFO - ✅ Comment nj8utvb
2025-11-20 16:42:33,899 - INFO - ✅ Comment nj8k8m5
2025-11-20 16:42:33,901 - INFO - ✅ Comment nj8jozp
2025-11-20 16:42:33,902 - INFO - ✅ Comment nj8wrch
2025-11-20 16:42:33,902 - INFO - ✅ Comment nj8wtp7
2025-11-20 16:42:33,902 - INFO - ✅ Comment nj8yae3
2025-11-20 16:42:33,902 - INFO - ✅ Comment njegbvf
2025-11-20 16:42:33,902 - INFO - ✅ Comment nj98xl5
2025-11-20 16:42:33,904 - INFO - ✅ Comment nj929oi
2025-11-20 16:42:33,904 - INFO - ✅ Comment nj91nyb
2025-11-20 16:42:33,905 - INFO - ✅ Comment nj8sd78
2025-11-20 16:42:33,905 - INFO - ✅ Comment njalxrj
2025-11-20 16:42:33,905 - INFO - ✅ Comment njapjk3
2025-11-20 16:42:33,905 - INFO - ✅ Comment njfd0rg
2025-11-20 16:42:33,907 - INFO - ✅ Comment nj9bn8y
2025-11-20 16:42:33,907 - INFO - ✅ Comment nj9d3pr
2025-11-20 16:42:33,907 - INFO - ✅ Comment nj935vk
2025-11-20 16:42:33,907 - INFO - ✅ Comment nj93grp
2025-11-20 16:42:33,907 - INFO - ✅ Comment nj91xnt
2025-11-20 16:42:33,907 - INFO - ✅ Comment njamnmn
2025-11-20 16:42:33,909 - INFO - ✅ Comment njap42z
2025-11-20 16:42:33,910 - INFO - ✅ Comment njaqfr0
2025-11-20 16:42:33,910 - INFO - ✅ Comment njge7d2
2025-11-20 16:42:33,910 - INFO - ✅ Comment nj9d27v
2025-11-20 16:42:33,910 - INFO - ✅ Comment nj9m6nw
2025-11-20 16:42:33,910 - INFO - ✅ Comment njap7fm
2025-11-20 16:42:33,910 - INFO - ✅ Comment njiob8b
2025-11-20 16:42:33,910 - INFO - ✅ Comment nj9j9iy
2025-11-20 16:42:33,910 - INFO - ✅ Comment njaq6et
2025-11-20 16:42:33,910 - INFO - ✅ Comment njkkorl
2025-11-20 16:42:33,910 - INFO - ✅ Comment nj9l70r
2025-11-20 16:42:33,913 - INFO - -> Unique POSTS: 8 | Unique COMMENTS: 1051
2025-11-20 16:42:35,115 - INFO - Processing r/Conservative | Query: '((gaza OR palestine*) AND (ham...' | Sort: relevance
2025-11-20 16:42:35,510 - INFO - ⚙️ Extracting data from post 1mf5v15
2025-11-20 16:42:35,512 - INFO - ✅ Post 1mf5v15
2025-11-20 16:42:36,234 - INFO - ⚙️ Extracting data from comments of post 1mf5v15
2025-11-20 16:42:36,235 - INFO - ✅ Comment n6elbnq
2025-11-20 16:42:36,235 - INFO - ✅ Comment n6el3zx
2025-11-20 16:42:36,235 - INFO - ✅ Comment n6gi8ca
2025-11-20 16:42:36,237 - INFO - ✅ Comment n6em3gg
2025-11-20 16:42:36,237 - INFO - ✅ Comment n6eplrs
2025-11-20 16:42:36,237 - INFO - ✅ Comment n6h89vc
2025-11-20 16:42:36,237 - INFO - ✅ Comment n6f8y2x
2025-11-20 16:42:36,239 - INFO - ✅ Comment n6hk5ud
2025-11-20 16:42:36,239 - INFO - ✅ Comment n6f6qf7
2025-11-20 16:42:36,239 - INFO - ✅ Comment n6ewydl
2025-11-20 16:42:36,239 - INFO - ✅ Comment n6k546a
2025-11-20 16:42:36,241 - INFO - ✅ Comment n6g1ml0
2025-11-20 16:42:36,241 - INFO - ✅ Comment n6gylrk
2025-11-20 16:42:36,241 - INFO - ✅ Comment n6h7m1j
2025-11-20 16:42:36,241 - INFO - ✅ Comment n6he23q
2025-11-20 16:42:36,241 - INFO - ✅ Comment n6g9jaj
2025-11-20 16:42:36,243 - INFO - ✅ Comment n6gvgso
2025-11-20 16:42:36,243 - INFO - ✅ Comment n6eqv3e
2025-11-20 16:42:36,243 - INFO - ✅ Comment n6fg37a
2025-11-20 16:42:36,243 - INFO - ✅ Comment n6hwn6d
2025-11-20 16:42:36,243 - INFO - ✅ Comment n6i0fq7
2025-11-20 16:42:36,243 - INFO - ✅ Comment n6ez7pr
2025-11-20 16:42:36,245 - INFO - ✅ Comment n6gd8ok
2025-11-20 16:42:36,245 - INFO - ✅ Comment n6f8jfl
2025-11-20 16:42:36,250 - INFO - ✅ Comment n6f66g0
2025-11-20 16:42:36,250 - INFO - ✅ Comment n6hdubr
2025-11-20 16:42:36,252 - INFO - ✅ Comment n6ispy7
2025-11-20 16:42:36,252 - INFO - ✅ Comment n6itisg
2025-11-20 16:42:36,252 - INFO - ✅ Comment n6ihub2
2025-11-20 16:42:36,254 - INFO - ✅ Comment n6fxhyo
2025-11-20 16:42:36,254 - INFO - ✅ Comment n6fo5qr
2025-11-20 16:42:36,254 - INFO - ✅ Comment n6fukl3
2025-11-20 16:42:36,254 - INFO - ✅ Comment n6f8pn6
2025-11-20 16:42:36,256 - INFO - ✅ Comment n6h9kt8
2025-11-20 16:42:36,256 - INFO - ✅ Comment n6ftsml
2025-11-20 16:42:36,256 - INFO - ✅ Comment n6i5z3m
2025-11-20 16:42:36,256 - INFO - ✅ Comment n6jwmcb
2025-11-20 16:42:36,258 - INFO - ✅ Comment n6htwos
2025-11-20 16:42:36,258 - INFO - ✅ Comment n6h6klr
2025-11-20 16:42:36,258 - INFO - ✅ Comment n6gnznk
2025-11-20 16:42:36,258 - INFO - ✅ Comment n6ff1kt
2025-11-20 16:42:36,258 - INFO - ✅ Comment n6g6ykq
2025-11-20 16:42:36,258 - INFO - ✅ Comment n6koc3q
2025-11-20 16:42:36,258 - INFO - ✅ Comment n6jug5v
2025-11-20 16:42:36,258 - INFO - ✅ Comment n6inoc4
2025-11-20 16:42:36,261 - INFO - ✅ Comment n6jve5x
2025-11-20 16:42:36,262 - INFO - ✅ Comment n6m8bfj
2025-11-20 16:42:36,262 - INFO - ✅ Comment n6odzc6
2025-11-20 16:42:36,263 - INFO - ✅ Comment n6jy48q
2025-11-20 16:42:36,263 - INFO - ✅ Comment n6klvrh
2025-11-20 16:42:36,263 - INFO - ⚙️ Extracting data from post 1o5fda3
2025-11-20 16:42:36,263 - INFO - ✅ Post 1o5fda3
2025-11-20 16:42:36,822 - INFO - ⚙️ Extracting data from comments of post 1o5fda3
2025-11-20 16:42:36,822 - INFO - ✅ Comment nj8za31
2025-11-20 16:42:36,822 - INFO - ✅ Comment nj90ob7
2025-11-20 16:42:36,822 - INFO - ✅ Comment nj9l04n
2025-11-20 16:42:36,822 - INFO - ✅ Comment nj9nuzx
2025-11-20 16:42:36,824 - INFO - ✅ Comment nj90ssp
2025-11-20 16:42:36,824 - INFO - ✅ Comment nj9tvee
2025-11-20 16:42:36,824 - INFO - ✅ Comment nj96cyd
2025-11-20 16:42:36,824 - INFO - ✅ Comment nj94v6m
2025-11-20 16:42:36,824 - INFO - ✅ Comment nj9i4hr
2025-11-20 16:42:36,824 - INFO - ✅ Comment nj9x9k8
2025-11-20 16:42:36,824 - INFO - ✅ Comment nj9311q
2025-11-20 16:42:36,824 - INFO - ✅ Comment njafys7
2025-11-20 16:42:36,824 - INFO - ✅ Comment nj966sm
2025-11-20 16:42:36,824 - INFO - ✅ Comment njb4hpu
2025-11-20 16:42:36,824 - INFO - ✅ Comment nj9ao2u
2025-11-20 16:42:36,824 - INFO - ✅ Comment nj9qei1
2025-11-20 16:42:36,824 - INFO - ✅ Comment nj9rq56
2025-11-20 16:42:36,824 - INFO - ✅ Comment nj9q8b4
2025-11-20 16:42:36,824 - INFO - ✅ Comment nja26ea
2025-11-20 16:42:36,824 - INFO - ✅ Comment nj99byo
2025-11-20 16:42:36,824 - INFO - ✅ Comment nja1rac
2025-11-20 16:42:36,832 - INFO - ✅ Comment nj9ue6g
2025-11-20 16:42:36,834 - INFO - ✅ Comment nj9ulk3
2025-11-20 16:42:36,836 - INFO - ✅ Comment nja4joy
2025-11-20 16:42:36,836 - INFO - ✅ Comment nj9h7js
2025-11-20 16:42:36,836 - INFO - ✅ Comment nj9q9j0
2025-11-20 16:42:36,838 - INFO - ✅ Comment njambsp
2025-11-20 16:42:36,838 - INFO - ✅ Comment njabhhv
2025-11-20 16:42:36,838 - INFO - ✅ Comment nj9unuk
2025-11-20 16:42:36,838 - INFO - ✅ Comment njasspx
2025-11-20 16:42:36,838 - INFO - ⚙️ Extracting data from post 1l7c601
2025-11-20 16:42:36,838 - INFO - ✅ Post 1l7c601
2025-11-20 16:42:37,328 - INFO - ⚙️ Extracting data from comments of post 1l7c601
2025-11-20 16:42:37,330 - INFO - ✅ Comment mwvn2kk
2025-11-20 16:42:37,332 - INFO - ✅ Comment mwvmrsi
2025-11-20 16:42:37,332 - INFO - ✅ Comment mwvlwka
2025-11-20 16:42:37,332 - INFO - ✅ Comment mwvkzvi
2025-11-20 16:42:37,332 - INFO - ✅ Comment mwvomgb
2025-11-20 16:42:37,334 - INFO - ✅ Comment mww5sj1
2025-11-20 16:42:37,334 - INFO - ✅ Comment mwvreo4
2025-11-20 16:42:37,334 - INFO - ✅ Comment mwvjo6c
2025-11-20 16:42:37,336 - INFO - ✅ Comment mwwo2wh
2025-11-20 16:42:37,336 - INFO - ✅ Comment mwwl637
2025-11-20 16:42:37,336 - INFO - ✅ Comment mww5ie9
2025-11-20 16:42:37,338 - INFO - ✅ Comment mwvx0gq
2025-11-20 16:42:37,338 - INFO - ✅ Comment mwvmicy
2025-11-20 16:42:37,338 - INFO - ✅ Comment mwvtfds
2025-11-20 16:42:37,338 - INFO - ✅ Comment mwvpu4i
2025-11-20 16:42:37,340 - INFO - ✅ Comment mwvx1yy
2025-11-20 16:42:37,340 - INFO - ✅ Comment mwvvx4i
2025-11-20 16:42:37,340 - INFO - ✅ Comment mwvrjgs
2025-11-20 16:42:37,342 - INFO - ✅ Comment mwvmaqp
2025-11-20 16:42:37,342 - INFO - ✅ Comment mww4rbd
2025-11-20 16:42:37,342 - INFO - ✅ Comment mwxffv1
2025-11-20 16:42:37,342 - INFO - ✅ Comment mww4vda
2025-11-20 16:42:37,342 - INFO - ✅ Comment mwvn5bj
2025-11-20 16:42:37,344 - INFO - ✅ Comment mwvxjl3
2025-11-20 16:42:37,344 - INFO - ✅ Comment mwvnkdq
2025-11-20 16:42:37,344 - INFO - ✅ Comment mwybxzt
2025-11-20 16:42:37,344 - INFO - ✅ Comment mwvzj0b
2025-11-20 16:42:37,344 - INFO - ✅ Comment mwvzuxq
2025-11-20 16:42:37,345 - INFO - ✅ Comment mwxdj4p
2025-11-20 16:42:37,345 - INFO - ✅ Comment mwvw5t6
2025-11-20 16:42:37,345 - INFO - ✅ Comment mwvno2b
2025-11-20 16:42:37,347 - INFO - ✅ Comment mwvq0sg
2025-11-20 16:42:37,347 - INFO - ✅ Comment mww4gac
2025-11-20 16:42:37,347 - INFO - ✅ Comment mwwa008
2025-11-20 16:42:37,349 - INFO - ✅ Comment mwz3uj0
2025-11-20 16:42:37,349 - INFO - ✅ Comment mwwcnw2
2025-11-20 16:42:37,349 - INFO - ⚙️ Extracting data from post 1o6794n
2025-11-20 16:42:37,349 - INFO - ✅ Post 1o6794n
2025-11-20 16:42:38,782 - INFO - ⚙️ Extracting data from comments of post 1o6794n
2025-11-20 16:42:38,782 - INFO - ✅ Comment njk9nl4
2025-11-20 16:42:38,782 - INFO - ✅ Comment njflv0w
2025-11-20 16:42:38,782 - INFO - ✅ Comment njfjwi3
2025-11-20 16:42:38,782 - INFO - ✅ Comment njfy571
2025-11-20 16:42:38,782 - INFO - ✅ Comment njftgpe
2025-11-20 16:42:38,782 - INFO - ✅ Comment njlv66j
2025-11-20 16:42:38,782 - INFO - ✅ Comment njjhlti
2025-11-20 16:42:38,782 - INFO - ✅ Comment njfqcr6
2025-11-20 16:42:38,782 - INFO - ✅ Comment njfsefs
2025-11-20 16:42:38,782 - INFO - ✅ Comment njgdd35
2025-11-20 16:42:38,782 - INFO - ✅ Comment njy1ddt
2025-11-20 16:42:38,782 - INFO - ✅ Comment njhajcx
2025-11-20 16:42:38,782 - INFO - ✅ Comment nji3x2v
2025-11-20 16:42:38,782 - INFO - ✅ Comment njhj6mk
2025-11-20 16:42:38,782 - INFO - ✅ Comment njjfjdx
2025-11-20 16:42:38,782 - INFO - ✅ Comment njh4eni
2025-11-20 16:42:38,782 - INFO - ✅ Comment njgl72r
2025-11-20 16:42:38,782 - INFO - ✅ Comment njiu54p
2025-11-20 16:42:38,782 - INFO - ✅ Comment nji1cxz
2025-11-20 16:42:38,782 - INFO - ✅ Comment njgeyvo
2025-11-20 16:42:38,795 - INFO - ✅ Comment njhsmrk
2025-11-20 16:42:38,795 - INFO - ✅ Comment njhz254
2025-11-20 16:42:38,797 - INFO - ✅ Comment njjh6uv
2025-11-20 16:42:38,803 - INFO - ✅ Comment njji3ww
2025-11-20 16:42:38,803 - INFO - ✅ Comment njn9xnd
2025-11-20 16:42:38,805 - INFO - ⚙️ Extracting data from post 1oapp9z
2025-11-20 16:42:38,805 - INFO - ✅ Post 1oapp9z
2025-11-20 16:42:39,205 - INFO - ⚙️ Extracting data from comments of post 1oapp9z
2025-11-20 16:42:39,246 - INFO - ✅ Comment nkbogtr
2025-11-20 16:42:39,246 - INFO - ✅ Comment nkb66a2
2025-11-20 16:42:39,248 - INFO - ✅ Comment nkb9vqn
2025-11-20 16:42:39,249 - INFO - ✅ Comment nkbrjws
2025-11-20 16:42:39,249 - INFO - ✅ Comment nkdlhrj
2025-11-20 16:42:39,249 - INFO - ✅ Comment nkbp9kd
2025-11-20 16:42:39,249 - INFO - ✅ Comment nke2ico
2025-11-20 16:42:39,249 - INFO - ✅ Comment nkbb7oa
2025-11-20 16:42:39,255 - INFO - ✅ Comment nkbhho1
2025-11-20 16:42:39,262 - INFO - ✅ Comment nkbyr9l
2025-11-20 16:42:39,262 - INFO - ✅ Comment nkchbuu
2025-11-20 16:42:39,262 - INFO - ✅ Comment nkazbg3
2025-11-20 16:42:39,264 - INFO - ✅ Comment nkfba1b
2025-11-20 16:42:39,264 - INFO - ✅ Comment nkc57z8
2025-11-20 16:42:39,271 - INFO - ✅ Comment nkc9m7k
2025-11-20 16:42:39,272 - INFO - ✅ Comment nkbbncn
2025-11-20 16:42:39,272 - INFO - ✅ Comment nkbm9m3
2025-11-20 16:42:39,272 - INFO - ✅ Comment nkrpuat
2025-11-20 16:42:39,272 - INFO - ✅ Comment nkcse98
2025-11-20 16:42:39,272 - INFO - ✅ Comment nkezqcg
2025-11-20 16:42:39,272 - INFO - ✅ Comment nkdqo6g
2025-11-20 16:42:39,272 - INFO - ✅ Comment nkchlgl
2025-11-20 16:42:39,276 - INFO - ✅ Comment nkddkil
2025-11-20 16:42:39,277 - INFO - ✅ Comment nkdsrwz
2025-11-20 16:42:39,277 - INFO - ✅ Comment nkrq4ui
2025-11-20 16:42:39,277 - INFO - ✅ Comment nkefm8i
2025-11-20 16:42:39,277 - INFO - -> Unique POSTS: 13 | Unique COMMENTS: 1218
2025-11-20 16:42:40,479 - INFO - Data extraction completed. Total unique posts: 13. Total unique comments: 1218.
2025-11-20 16:42:40,482 - INFO - ✅ Data Extraction completed in 0.32 minutes.
2025-11-20 16:42:40,482 - INFO - Saving extracted data
2025-11-20 16:42:40,521 - INFO - 📁 RAW POSTS data saved successfully to c:\Users\fscielzo\Documents\PhD\paper-4\scripts\..\data\raw_data\posts_data_raw_20251120164221.parquet (Records: 13)
2025-11-20 16:42:40,536 - INFO - 📁 RAW COMMENTS data saved successfully to c:\Users\fscielzo\Documents\PhD\paper-4\scripts\..\data\raw_data\comments_data_raw_20251120164221.parquet (Records: 1218)
2025-11-20 16:42:40,542 - INFO - 📥 DATA EXTRACTION COMPLETED
