2025-11-19 16:50:00,377 - INFO - Logging configured. Output file: c:\Users\fscielzo\Documents\PhD\paper-4\scripts\..\logs\data_extraction_20251119165000.log
2025-11-19 16:50:00,378 - INFO - PRAW instance initialized successfully (read-only mode).
2025-11-19 16:50:00,378 - INFO - Starting data extraction...
2025-11-19 16:50:00,379 - INFO - Total extraction combinations to run: 4
2025-11-19 16:50:00,380 - INFO - Processing r/Palestine | Query: '((gaza OR palestine*) AND (gen...' | Sort: relevance
2025-11-19 16:50:01,462 - INFO - ⚙️ Extracting data from post 1o0a7ao
2025-11-19 16:50:01,612 - INFO - ✅ Post 1o0a7ao
2025-11-19 16:50:02,152 - INFO - ⚙️ Extracting data from comments of post 1o0a7ao
2025-11-19 16:50:02,295 - INFO - ✅ Comment ni7w5xw
2025-11-19 16:50:02,440 - INFO - ✅ Comment ni7z1t3
2025-11-19 16:50:02,586 - INFO - ✅ Comment ni7zarr
2025-11-19 16:50:02,588 - INFO - ✅ Comment ni7zr0q
2025-11-19 16:50:03,338 - INFO - ✅ Comment ni7ytfg
2025-11-19 16:50:03,340 - INFO - ✅ Comment ni838vg
2025-11-19 16:50:03,682 - INFO - ✅ Comment ni87h6m
2025-11-19 16:50:04,794 - INFO - ✅ Comment ni82ni9
2025-11-19 16:50:04,794 - INFO - ✅ Comment ni85f8b
2025-11-19 16:50:05,358 - INFO - ✅ Comment ni86don
2025-11-19 16:50:05,521 - INFO - ✅ Comment ni86q4k
2025-11-19 16:50:06,274 - INFO - ✅ Comment ni85x4e
2025-11-19 16:50:06,619 - INFO - ✅ Comment ni8gdfe
2025-11-19 16:50:07,565 - INFO - ✅ Comment ni8e2v4
2025-11-19 16:50:08,135 - INFO - ✅ Comment ni83xf0
2025-11-19 16:50:09,315 - INFO - ✅ Comment ni8v1f5
2025-11-19 16:50:09,476 - INFO - ✅ Comment ni9c7q3
2025-11-19 16:50:09,835 - INFO - ✅ Comment ni9k04a
2025-11-19 16:50:10,794 - INFO - ✅ Comment ni9mfk0
2025-11-19 16:50:11,534 - INFO - ✅ Comment ni84zne
2025-11-19 16:50:11,696 - INFO - ✅ Comment ni8at70
2025-11-19 16:50:12,469 - INFO - ✅ Comment ni8glj0
2025-11-19 16:50:12,811 - INFO - ✅ Comment ni8jfs5
2025-11-19 16:50:13,767 - INFO - ✅ Comment ni905xv
2025-11-19 16:50:14,319 - INFO - ✅ Comment ni9dtt4
2025-11-19 16:50:14,477 - INFO - ✅ Comment ni9f5wx
2025-11-19 16:50:15,203 - INFO - ✅ Comment ni9zw1d
2025-11-19 16:50:15,561 - INFO - ✅ Comment niac7ra
2025-11-19 16:50:16,504 - INFO - ✅ Comment nib2h55
2025-11-19 16:50:17,049 - INFO - ✅ Comment ni8f46g
2025-11-19 16:50:18,183 - INFO - ✅ Comment ni7w5wx
2025-11-19 16:50:18,332 - INFO - ✅ Comment niamt41
2025-11-19 16:50:18,670 - INFO - ✅ Comment nibsjs9
2025-11-19 16:50:19,609 - INFO - ✅ Comment nic41im
2025-11-19 16:50:20,169 - INFO - ✅ Comment nic9oj1
2025-11-19 16:50:20,319 - INFO - ✅ Comment nicyjz1
2025-11-19 16:50:21,064 - INFO - ✅ Comment ni8ivq7
2025-11-19 16:50:22,406 - INFO - ✅ Comment ni8ic8s
2025-11-19 16:50:22,567 - INFO - ✅ Comment ni87y9s
2025-11-19 16:50:23,105 - INFO - ✅ Comment ni8erli
2025-11-19 16:50:24,253 - INFO - ✅ Comment niem3iz
2025-11-19 16:50:24,401 - INFO - ✅ Comment ni80y8a
2025-11-19 16:50:24,740 - INFO - ✅ Comment ni86ibb
2025-11-19 16:50:25,685 - INFO - ✅ Comment nieadf7
2025-11-19 16:50:26,238 - INFO - ✅ Comment ni8d46h
2025-11-19 16:50:26,395 - INFO - ✅ Comment ni8d899
2025-11-19 16:50:27,180 - INFO - ✅ Comment ni8f0ng
2025-11-19 16:50:27,507 - INFO - ✅ Comment nibdyux
2025-11-19 16:50:28,458 - INFO - ✅ Comment nibve3o
2025-11-19 16:50:28,996 - INFO - ✅ Comment ni88zzm
2025-11-19 16:50:30,143 - INFO - ✅ Comment ni8f0vb
2025-11-19 16:50:30,277 - INFO - ✅ Comment nicq3i6
2025-11-19 16:50:30,632 - INFO - ✅ Comment ni8balg
2025-11-19 16:50:31,582 - INFO - ✅ Comment ni8bf3e
2025-11-19 16:50:32,123 - INFO - ✅ Comment nic1why
2025-11-19 16:50:32,123 - INFO - ⚙️ Extracting data from post 1myo0tv
2025-11-19 16:50:32,280 - INFO - ✅ Post 1myo0tv
2025-11-19 16:50:33,400 - INFO - ⚙️ Extracting data from comments of post 1myo0tv
2025-11-19 16:50:34,739 - INFO - ✅ Comment naddneq
2025-11-19 16:50:34,909 - INFO - ✅ Comment nadesrm
2025-11-19 16:50:35,451 - INFO - ✅ Comment nadef1z
2025-11-19 16:50:35,611 - INFO - ✅ Comment nadgoa4
2025-11-19 16:50:36,362 - INFO - ✅ Comment nadghqv
2025-11-19 16:50:36,731 - INFO - ✅ Comment nadggml
2025-11-19 16:50:37,676 - INFO - ✅ Comment nadgwch
2025-11-19 16:50:38,220 - INFO - ✅ Comment nadkvjj
2025-11-19 16:50:38,371 - INFO - ✅ Comment nadnqa7
2025-11-19 16:50:39,109 - INFO - ✅ Comment nadipib
2025-11-19 16:50:40,481 - INFO - ✅ Comment nadksyr
2025-11-19 16:50:40,662 - INFO - ✅ Comment nadlt0d
2025-11-19 16:50:41,212 - INFO - ✅ Comment nadmn7t
2025-11-19 16:50:41,360 - INFO - ✅ Comment nadu1rk
2025-11-19 16:50:42,131 - INFO - ✅ Comment naebkat
2025-11-19 16:50:43,494 - INFO - ✅ Comment naefgxv
2025-11-19 16:50:43,656 - INFO - ✅ Comment nade9qv
2025-11-19 16:50:44,213 - INFO - ✅ Comment nadh0f7
2025-11-19 16:50:44,395 - INFO - ✅ Comment nadhvrk
2025-11-19 16:50:45,178 - INFO - ✅ Comment nadixo7
2025-11-19 16:50:45,523 - INFO - ✅ Comment nads3pm
2025-11-19 16:50:46,480 - INFO - ✅ Comment nadu21a
2025-11-19 16:50:47,061 - INFO - ✅ Comment nadydvm
2025-11-19 16:50:48,200 - INFO - ✅ Comment naddndf
2025-11-19 16:50:48,350 - INFO - ✅ Comment nadprsr
2025-11-19 16:50:48,692 - INFO - ✅ Comment nadslcn
2025-11-19 16:50:49,681 - INFO - ✅ Comment nadso5e
2025-11-19 16:50:50,273 - INFO - ✅ Comment nafajmo
2025-11-19 16:50:50,446 - INFO - ✅ Comment nafupn7
2025-11-19 16:50:51,219 - INFO - ✅ Comment nagg3py
2025-11-19 16:50:51,608 - INFO - ✅ Comment naeax87
2025-11-19 16:50:51,608 - INFO - ✅ Comment nagv4ol
2025-11-19 16:50:52,578 - INFO - ✅ Comment nail6kk
2025-11-19 16:50:53,147 - INFO - ✅ Comment nam1rng
2025-11-19 16:50:53,321 - INFO - ✅ Comment nadlfbm
2025-11-19 16:50:54,089 - INFO - ✅ Comment nadin0u
2025-11-19 16:50:55,468 - INFO - ✅ Comment naj6gy9
2025-11-19 16:50:55,649 - INFO - ✅ Comment nadelx8
2025-11-19 16:50:56,254 - INFO - ✅ Comment nadi3k9
2025-11-19 16:50:56,394 - INFO - ✅ Comment nadu389
2025-11-19 16:50:57,172 - INFO - ✅ Comment nadqvy3
2025-11-19 16:50:57,540 - INFO - ✅ Comment naf4bj5
2025-11-19 16:50:58,499 - INFO - ✅ Comment nado9br
2025-11-19 16:50:59,079 - INFO - ✅ Comment naj77d0
2025-11-19 16:51:00,265 - INFO - ✅ Comment nado430
2025-11-19 16:51:00,430 - INFO - ✅ Comment nadlcmp
2025-11-19 16:51:00,794 - INFO - ✅ Comment nadlvej
2025-11-19 16:51:01,758 - INFO - ✅ Comment nadtxn3
2025-11-19 16:51:01,758 - INFO - ⚙️ Extracting data from post 1mjswu6
2025-11-19 16:51:02,321 - INFO - ✅ Post 1mjswu6
2025-11-19 16:51:02,595 - INFO - ⚙️ Extracting data from comments of post 1mjswu6
2025-11-19 16:51:03,354 - INFO - ✅ Comment n7dhbke
2025-11-19 16:51:03,728 - INFO - ✅ Comment n7di32a
2025-11-19 16:51:04,682 - INFO - ✅ Comment n7djax0
2025-11-19 16:51:05,225 - INFO - ✅ Comment n7dmbik
2025-11-19 16:51:05,381 - INFO - ✅ Comment n7ecj9m
2025-11-19 16:51:06,130 - INFO - ✅ Comment n7dr7l3
2025-11-19 16:51:06,481 - INFO - ✅ Comment n7dhbjb
2025-11-19 16:51:07,434 - INFO - ✅ Comment n7fxudx
2025-11-19 16:51:08,009 - INFO - ✅ Comment n7gdkeg
2025-11-19 16:51:08,009 - INFO - ✅ Comment n7imlzk
2025-11-19 16:51:09,163 - INFO - ✅ Comment n8eek0g
2025-11-19 16:51:10,251 - INFO - ✅ Comment n7dlvta
2025-11-19 16:51:10,251 - INFO - ⚙️ Extracting data from post 1oj3qcc
2025-11-19 16:51:10,610 - INFO - ✅ Post 1oj3qcc
2025-11-19 16:51:10,861 - INFO - ⚙️ Extracting data from comments of post 1oj3qcc
2025-11-19 16:51:11,416 - INFO - ✅ Comment nm00hv3
2025-11-19 16:51:11,579 - INFO - ✅ Comment nm0344k
2025-11-19 16:51:12,349 - INFO - ✅ Comment nm0atw9
2025-11-19 16:51:12,703 - INFO - ✅ Comment nm45pj9
2025-11-19 16:51:13,664 - INFO - ✅ Comment nm00hss
2025-11-19 16:51:14,244 - INFO - ✅ Comment nm0benu
2025-11-19 16:51:14,430 - INFO - ✅ Comment nm03usb
2025-11-19 16:51:15,197 - INFO - ✅ Comment nm0glmx
2025-11-19 16:51:15,197 - INFO - ⚙️ Extracting data from post 1me5lv1
2025-11-19 16:51:15,577 - INFO - ✅ Post 1me5lv1
2025-11-19 16:51:17,326 - INFO - ⚙️ Extracting data from comments of post 1me5lv1
2025-11-19 16:51:17,910 - INFO - ✅ Comment n66qtr0
2025-11-19 16:51:18,168 - INFO - ✅ Comment n66tim0
2025-11-19 16:51:18,360 - INFO - ✅ Comment n66v673
2025-11-19 16:51:19,149 - INFO - ✅ Comment n67cj9r
2025-11-19 16:51:19,355 - INFO - ✅ Comment n66v69u
2025-11-19 16:51:19,953 - INFO - ✅ Comment n67cpn3
2025-11-19 16:51:19,953 - INFO - ✅ Comment n66x115
2025-11-19 16:51:21,168 - INFO - ✅ Comment n67hxzc
2025-11-19 16:51:21,364 - INFO - ✅ Comment n675n5k
2025-11-19 16:51:21,774 - INFO - ✅ Comment n6772ny
2025-11-19 16:51:22,752 - INFO - ✅ Comment n67l43o
2025-11-19 16:51:23,334 - INFO - ✅ Comment n6744vq
2025-11-19 16:51:23,630 - INFO - ✅ Comment n66y5wl
2025-11-19 16:51:24,479 - INFO - ✅ Comment n67dicq
2025-11-19 16:51:24,883 - INFO - ✅ Comment n68nnp8
2025-11-19 16:51:25,877 - INFO - ✅ Comment n69t93h
2025-11-19 16:51:26,467 - INFO - ✅ Comment n66qtp0
2025-11-19 16:51:26,647 - INFO - ✅ Comment n67wao6
2025-11-19 16:51:27,426 - INFO - ✅ Comment n6bcjwm
2025-11-19 16:51:27,785 - INFO - ✅ Comment n6asn4a
2025-11-19 16:51:28,775 - INFO - ✅ Comment n6g3mhb
2025-11-19 16:51:29,445 - INFO - ✅ Comment n6irzz4
2025-11-19 16:51:29,447 - INFO - -> Unique POSTS: 5 | Unique COMMENTS: 145
2025-11-19 16:51:30,648 - INFO - Processing r/Palestine | Query: '((gaza OR palestine*) AND (ham...' | Sort: relevance
2025-11-19 16:51:30,843 - INFO - ⚙️ Extracting data from post 1mwdp1e
2025-11-19 16:51:31,104 - INFO - ✅ Post 1mwdp1e
2025-11-19 16:51:32,477 - INFO - ⚙️ Extracting data from comments of post 1mwdp1e
2025-11-19 16:51:32,669 - INFO - ✅ Comment n9wmrao
2025-11-19 16:51:32,862 - INFO - ✅ Comment n9wn3xf
2025-11-19 16:51:33,046 - INFO - ✅ Comment n9woo8b
2025-11-19 16:51:34,204 - INFO - ✅ Comment n9wpi5d
2025-11-19 16:51:34,366 - INFO - ✅ Comment n9wos8e
2025-11-19 16:51:34,525 - INFO - ✅ Comment n9wptvn
2025-11-19 16:51:35,073 - INFO - ✅ Comment n9wqmix
2025-11-19 16:51:36,237 - INFO - ✅ Comment n9wp2pr
2025-11-19 16:51:36,431 - INFO - ✅ Comment n9wq3ry
2025-11-19 16:51:36,810 - INFO - ✅ Comment n9ws1c7
2025-11-19 16:51:37,881 - INFO - ✅ Comment n9ws4sp
2025-11-19 16:51:38,435 - INFO - ✅ Comment n9wp5dj
2025-11-19 16:51:38,598 - INFO - ✅ Comment n9ww5js
2025-11-19 16:51:38,600 - INFO - ✅ Comment n9wtazj
2025-11-19 16:51:39,355 - INFO - ✅ Comment n9wza36
2025-11-19 16:51:39,713 - INFO - ✅ Comment n9wtwct
2025-11-19 16:51:40,670 - INFO - ✅ Comment n9wussi
2025-11-19 16:51:41,242 - INFO - ✅ Comment n9x0l5l
2025-11-19 16:51:41,411 - INFO - ✅ Comment n9wrnjf
2025-11-19 16:51:42,196 - INFO - ✅ Comment n9wvjhe
2025-11-19 16:51:42,552 - INFO - ✅ Comment n9wvl2j
2025-11-19 16:51:43,535 - INFO - ✅ Comment n9wx0fi
2025-11-19 16:51:44,082 - INFO - ✅ Comment n9wylr0
2025-11-19 16:51:45,254 - INFO - ✅ Comment n9x00ql
2025-11-19 16:51:45,398 - INFO - ✅ Comment n9wup2c
2025-11-19 16:51:45,778 - INFO - ✅ Comment n9x1dlm
2025-11-19 16:51:46,740 - INFO - ✅ Comment n9x73ea
2025-11-19 16:51:47,306 - INFO - ✅ Comment n9x91jb
2025-11-19 16:51:47,466 - INFO - ✅ Comment n9wrnkn
2025-11-19 16:51:48,216 - INFO - ✅ Comment n9wup9y
2025-11-19 16:51:48,573 - INFO - ✅ Comment n9wybe9
2025-11-19 16:51:51,150 - INFO - ✅ Comment n9x6003
2025-11-19 16:51:51,863 - INFO - ✅ Comment n9x8xla
2025-11-19 16:51:52,037 - INFO - ✅ Comment n9x9j6s
2025-11-19 16:51:52,216 - INFO - ✅ Comment n9y3b6w
2025-11-19 16:51:52,381 - INFO - ✅ Comment na0dg1l
2025-11-19 16:51:52,571 - INFO - ✅ Comment n9wwjmv
2025-11-19 16:51:53,140 - INFO - ✅ Comment n9x0mbh
2025-11-19 16:51:53,312 - INFO - ✅ Comment n9x62of
2025-11-19 16:51:54,077 - INFO - ✅ Comment n9x9ip3
2025-11-19 16:51:55,428 - INFO - ✅ Comment n9ybk8f
2025-11-19 16:51:55,592 - INFO - ✅ Comment n9ybvq7
2025-11-19 16:51:56,158 - INFO - ✅ Comment n9wx04u
2025-11-19 16:51:56,347 - INFO - ✅ Comment n9wxa5g
2025-11-19 16:51:57,121 - INFO - ✅ Comment n9x5j0e
2025-11-19 16:51:58,478 - INFO - ✅ Comment n9x6rwn
2025-11-19 16:51:58,653 - INFO - ✅ Comment n9xf8he
2025-11-19 16:51:59,226 - INFO - ✅ Comment n9xh30d
2025-11-19 16:51:59,401 - INFO - ✅ Comment n9xhwni
2025-11-19 16:52:00,170 - INFO - ✅ Comment n9xhwoz
2025-11-19 16:52:00,523 - INFO - ✅ Comment n9xkelu
2025-11-19 16:52:01,491 - INFO - ✅ Comment n9xkkal
2025-11-19 16:52:02,047 - INFO - ✅ Comment n9xuu3y
2025-11-19 16:52:03,211 - INFO - ✅ Comment n9xuzdm
2025-11-19 16:52:03,378 - INFO - ✅ Comment n9xwum1
2025-11-19 16:52:03,743 - INFO - ✅ Comment n9xzssk
2025-11-19 16:52:04,698 - INFO - ✅ Comment n9y1gqs
2025-11-19 16:52:04,698 - INFO - ✅ Comment n9y34wl
2025-11-19 16:52:05,269 - INFO - ✅ Comment n9ya49m
2025-11-19 16:52:05,443 - INFO - ✅ Comment n9ybiks
2025-11-19 16:52:05,443 - INFO - ✅ Comment n9yjds9
2025-11-19 16:52:06,250 - INFO - ✅ Comment n9ywz0s
2025-11-19 16:52:06,610 - INFO - ✅ Comment na14gq8
2025-11-19 16:52:07,613 - INFO - ✅ Comment na18j24
2025-11-19 16:52:08,195 - INFO - ✅ Comment n9wokt3
2025-11-19 16:52:08,389 - INFO - ✅ Comment n9wrhwh
2025-11-19 16:52:09,145 - INFO - ✅ Comment n9ws9by
2025-11-19 16:52:09,501 - INFO - ✅ Comment n9wussq
2025-11-19 16:52:10,448 - INFO - ✅ Comment n9wz88t
2025-11-19 16:52:11,000 - INFO - ✅ Comment n9x6284
2025-11-19 16:52:12,197 - INFO - ✅ Comment n9x8skm
2025-11-19 16:52:12,355 - INFO - ✅ Comment n9xadco
2025-11-19 16:52:12,744 - INFO - ✅ Comment n9xco78
2025-11-19 16:52:13,718 - INFO - ✅ Comment n9xi3sc
2025-11-19 16:52:14,279 - INFO - ✅ Comment n9xlfb4
2025-11-19 16:52:14,463 - INFO - ✅ Comment n9xqqrm
2025-11-19 16:52:15,255 - INFO - ✅ Comment n9xstcf
2025-11-19 16:52:15,636 - INFO - ✅ Comment n9xtyjn
2025-11-19 16:52:16,605 - INFO - ✅ Comment n9xvdbb
2025-11-19 16:52:17,191 - INFO - ✅ Comment n9y3dqa
2025-11-19 16:52:17,594 - INFO - ✅ Comment n9y5hq0
2025-11-19 16:52:18,356 - INFO - ✅ Comment n9yejfb
2025-11-19 16:52:18,714 - INFO - ✅ Comment n9yji5g
2025-11-19 16:52:19,664 - INFO - ✅ Comment n9ylolf
2025-11-19 16:52:20,230 - INFO - ✅ Comment n9yno3e
2025-11-19 16:52:20,416 - INFO - ✅ Comment n9yuoy9
2025-11-19 16:52:21,179 - INFO - ✅ Comment n9yvnn5
2025-11-19 16:52:21,179 - INFO - ✅ Comment n9ywdax
2025-11-19 16:52:21,527 - INFO - ✅ Comment n9yyxwf
2025-11-19 16:52:22,504 - INFO - ✅ Comment n9yz91c
2025-11-19 16:52:23,060 - INFO - ✅ Comment n9z4a10
2025-11-19 16:52:24,220 - INFO - ✅ Comment n9zffjl
2025-11-19 16:52:24,387 - INFO - ✅ Comment n9zflsd
2025-11-19 16:52:24,388 - INFO - ✅ Comment n9zmwzp
2025-11-19 16:52:24,760 - INFO - ✅ Comment n9ztxaa
2025-11-19 16:52:25,744 - INFO - ✅ Comment n9zuyy7
2025-11-19 16:52:26,315 - INFO - ✅ Comment na032qt
2025-11-19 16:52:26,497 - INFO - ✅ Comment na0cdy6
2025-11-19 16:52:27,257 - INFO - ✅ Comment na0kmxr
2025-11-19 16:52:27,647 - INFO - ✅ Comment na0mfo3
2025-11-19 16:52:28,629 - INFO - ✅ Comment na0o8gc
2025-11-19 16:52:29,208 - INFO - ✅ Comment na0ofhf
2025-11-19 16:52:29,408 - INFO - ✅ Comment na0qd6c
2025-11-19 16:52:30,184 - INFO - ✅ Comment na11292
2025-11-19 16:52:30,582 - INFO - ✅ Comment na13yfp
2025-11-19 16:52:31,549 - INFO - ✅ Comment na16gck
2025-11-19 16:52:32,142 - INFO - ✅ Comment na18t51
2025-11-19 16:52:33,309 - INFO - ✅ Comment na1f45b
2025-11-19 16:52:33,482 - INFO - ✅ Comment na1gl21
2025-11-19 16:52:33,868 - INFO - ✅ Comment na1n355
2025-11-19 16:52:34,850 - INFO - ✅ Comment na1ukyu
2025-11-19 16:52:35,429 - INFO - ✅ Comment na1zvdm
2025-11-19 16:52:35,612 - INFO - ✅ Comment na2b16y
2025-11-19 16:52:36,411 - INFO - ✅ Comment na316d2
2025-11-19 16:52:36,411 - INFO - ✅ Comment na4g55h
2025-11-19 16:52:36,773 - INFO - ✅ Comment na4kypg
2025-11-19 16:52:37,741 - INFO - ✅ Comment na5id1l
2025-11-19 16:52:38,292 - INFO - ✅ Comment na5s53x
2025-11-19 16:52:38,470 - INFO - ✅ Comment na6s2bx
2025-11-19 16:52:39,237 - INFO - ✅ Comment na8i9iz
2025-11-19 16:52:39,605 - INFO - ✅ Comment naais3p
2025-11-19 16:52:40,591 - INFO - ✅ Comment naanzzy
2025-11-19 16:52:41,153 - INFO - ✅ Comment narmsj0
2025-11-19 16:52:41,315 - INFO - ✅ Comment n9wrqdt
2025-11-19 16:52:42,074 - INFO - ✅ Comment n9wujqj
2025-11-19 16:52:43,446 - INFO - ✅ Comment n9xatex
2025-11-19 16:52:43,609 - INFO - ✅ Comment na055m1
2025-11-19 16:52:44,170 - INFO - ✅ Comment na099pi
2025-11-19 16:52:44,356 - INFO - ✅ Comment n9z52is
2025-11-19 16:52:45,127 - INFO - ✅ Comment na1qfrj
2025-11-19 16:52:46,525 - INFO - ✅ Comment n9x2mui
2025-11-19 16:52:46,682 - INFO - ✅ Comment n9x08yi
2025-11-19 16:52:47,275 - INFO - ✅ Comment na2l3ky
2025-11-19 16:52:47,275 - INFO - ✅ Comment n9zn8b7
2025-11-19 16:52:47,479 - INFO - ✅ Comment n9x8dn9
2025-11-19 16:52:47,479 - INFO - ✅ Comment n9y4pou
2025-11-19 16:52:48,267 - INFO - ✅ Comment n9wrhue
2025-11-19 16:52:48,267 - INFO - ✅ Comment n9y4ibj
2025-11-19 16:52:48,650 - INFO - ✅ Comment n9xgau9
2025-11-19 16:52:49,638 - INFO - ✅ Comment n9y5p1f
2025-11-19 16:52:50,220 - INFO - ✅ Comment n9xhh0k
2025-11-19 16:52:50,220 - INFO - ✅ Comment n9y4y1x
2025-11-19 16:52:50,410 - INFO - ✅ Comment n9x798c
2025-11-19 16:52:51,179 - INFO - ✅ Comment n9y7b1n
2025-11-19 16:52:51,528 - INFO - ✅ Comment n9xhz9d
2025-11-19 16:52:52,464 - INFO - ✅ Comment n9wza7g
2025-11-19 16:52:53,029 - INFO - ✅ Comment na32l4h
2025-11-19 16:52:54,209 - INFO - ✅ Comment n9yup1a
2025-11-19 16:52:54,402 - INFO - ✅ Comment narq8cw
2025-11-19 16:52:54,784 - INFO - ✅ Comment n9wws0t
2025-11-19 16:52:55,759 - INFO - ✅ Comment n9wz9p7
2025-11-19 16:52:56,346 - INFO - ✅ Comment n9xazel
2025-11-19 16:52:56,536 - INFO - ✅ Comment n9z4r58
2025-11-19 16:52:57,309 - INFO - ✅ Comment na0clkd
2025-11-19 16:52:57,704 - INFO - ✅ Comment na2luoz
2025-11-19 16:52:58,669 - INFO - ✅ Comment n9yst3g
2025-11-19 16:52:58,669 - INFO - ✅ Comment na287p2
2025-11-19 16:52:59,265 - INFO - ✅ Comment n9wwvn1
2025-11-19 16:52:59,440 - INFO - ✅ Comment n9zo2ih
2025-11-19 16:52:59,440 - INFO - ✅ Comment n9ydy07
2025-11-19 16:52:59,440 - INFO - ✅ Comment n9wz55x
2025-11-19 16:53:00,225 - INFO - ✅ Comment na0cusx
2025-11-19 16:53:00,595 - INFO - ✅ Comment na508yk
2025-11-19 16:53:01,582 - INFO - ✅ Comment na1j047
2025-11-19 16:53:02,156 - INFO - ✅ Comment n9x1xig
2025-11-19 16:53:02,158 - INFO - ✅ Comment n9yqrr6
2025-11-19 16:53:02,296 - INFO - ✅ Comment n9wz58e
2025-11-19 16:53:03,048 - INFO - ✅ Comment nalx7n1
2025-11-19 16:53:04,412 - INFO - ✅ Comment n9x3u6a
2025-11-19 16:53:04,576 - INFO - ✅ Comment n9x70ae
2025-11-19 16:53:04,576 - INFO - ✅ Comment n9ysm8w
2025-11-19 16:53:05,157 - INFO - ✅ Comment n9x7s2o
2025-11-19 16:53:05,158 - INFO - ✅ Comment n9z0d4o
2025-11-19 16:53:05,158 - INFO - ✅ Comment n9yxlz4
2025-11-19 16:53:05,329 - INFO - ✅ Comment na1468w
2025-11-19 16:53:06,105 - INFO - ✅ Comment n9xtfbx
2025-11-19 16:53:06,105 - INFO - ✅ Comment n9yytp8
2025-11-19 16:53:07,462 - INFO - ✅ Comment na148wj
2025-11-19 16:53:07,462 - INFO - ⚙️ Extracting data from post 1not9an
2025-11-19 16:53:07,647 - INFO - ✅ Post 1not9an
2025-11-19 16:53:08,833 - INFO - ⚙️ Extracting data from comments of post 1not9an
2025-11-19 16:53:08,992 - INFO - ✅ Comment nfu4m5i
2025-11-19 16:53:09,750 - INFO - ✅ Comment nfu77d3
2025-11-19 16:53:10,107 - INFO - ✅ Comment nfu802a
2025-11-19 16:53:11,046 - INFO - ✅ Comment nfu8goq
2025-11-19 16:53:11,591 - INFO - ✅ Comment nfu9q2j
2025-11-19 16:53:11,747 - INFO - ✅ Comment nfuavy2
2025-11-19 16:53:11,747 - INFO - ✅ Comment nfu7urq
2025-11-19 16:53:12,510 - INFO - ✅ Comment nfuak08
2025-11-19 16:53:12,880 - INFO - ✅ Comment nfuc7th
2025-11-19 16:53:12,881 - INFO - ✅ Comment nfup15u
2025-11-19 16:53:13,840 - INFO - ✅ Comment nfu9flq
2025-11-19 16:53:14,412 - INFO - ✅ Comment nfueqcu
2025-11-19 16:53:14,559 - INFO - ✅ Comment nfukysq
2025-11-19 16:53:15,311 - INFO - ✅ Comment nfv67a6
2025-11-19 16:53:15,678 - INFO - ✅ Comment nfv15ff
2025-11-19 16:53:16,644 - INFO - ✅ Comment nfuxsb8
2025-11-19 16:53:17,194 - INFO - ✅ Comment nfv4923
2025-11-19 16:53:17,363 - INFO - ✅ Comment nfuu00j
2025-11-19 16:53:18,122 - INFO - ✅ Comment nfv4d42
2025-11-19 16:53:19,475 - INFO - ✅ Comment nfv5fsg
2025-11-19 16:53:19,647 - INFO - ✅ Comment nfv1j4s
2025-11-19 16:53:20,201 - INFO - ✅ Comment nfuzm74
2025-11-19 16:53:20,345 - INFO - ✅ Comment nfuzihb
2025-11-19 16:53:21,112 - INFO - ✅ Comment nfv7g6j
2025-11-19 16:53:22,479 - INFO - ✅ Comment nfw7fm9
2025-11-19 16:53:22,649 - INFO - ✅ Comment nfvbhvw
2025-11-19 16:53:23,195 - INFO - ✅ Comment nfvcqjt
2025-11-19 16:53:23,346 - INFO - ✅ Comment nfv39r1
2025-11-19 16:53:24,091 - INFO - ✅ Comment nfvsmla
2025-11-19 16:53:25,480 - INFO - ✅ Comment nfv4svx
2025-11-19 16:53:25,480 - INFO - ✅ Comment nfw5fvk
2025-11-19 16:53:25,660 - INFO - ✅ Comment nfw7llf
2025-11-19 16:53:26,217 - INFO - ✅ Comment nfw85ak
2025-11-19 16:53:26,372 - INFO - ✅ Comment nfwk1ex
2025-11-19 16:53:27,125 - INFO - ✅ Comment nful50i
2025-11-19 16:53:27,484 - INFO - ✅ Comment nfuoir1
2025-11-19 16:53:28,433 - INFO - ✅ Comment nfuyg6a
2025-11-19 16:53:28,988 - INFO - ✅ Comment nfv6hg3
2025-11-19 16:53:30,124 - INFO - ✅ Comment nfvh1bp
2025-11-19 16:53:30,293 - INFO - ✅ Comment nfviu1s
2025-11-19 16:53:30,666 - INFO - ✅ Comment nfvvdqh
2025-11-19 16:53:31,646 - INFO - ✅ Comment nfw7wrp
2025-11-19 16:53:32,196 - INFO - ✅ Comment nfwil8b
2025-11-19 16:53:32,374 - INFO - ✅ Comment nfwokyp
2025-11-19 16:53:33,132 - INFO - ✅ Comment nfwoofr
2025-11-19 16:53:34,478 - INFO - ✅ Comment nfxayo5
2025-11-19 16:53:34,478 - INFO - ✅ Comment nfxe4g3
2025-11-19 16:53:34,644 - INFO - ✅ Comment nfxhe4t
2025-11-19 16:53:35,172 - INFO - ✅ Comment nfxy83k
2025-11-19 16:53:35,356 - INFO - ✅ Comment nfyg7l0
2025-11-19 16:53:36,118 - INFO - ✅ Comment nfyjobf
2025-11-19 16:53:37,498 - INFO - ✅ Comment nfzki93
2025-11-19 16:53:37,663 - INFO - ✅ Comment ng024yj
2025-11-19 16:53:38,229 - INFO - ✅ Comment ng0kdbr
2025-11-19 16:53:38,401 - INFO - ✅ Comment ng0vk0t
2025-11-19 16:53:39,171 - INFO - ✅ Comment ng0wuqc
2025-11-19 16:53:39,518 - INFO - ✅ Comment ng0xc28
2025-11-19 16:53:40,477 - INFO - ✅ Comment ng0z96q
2025-11-19 16:53:41,018 - INFO - ✅ Comment ng2kv96
2025-11-19 16:53:42,173 - INFO - ✅ Comment ng2mu49
2025-11-19 16:53:42,343 - INFO - ✅ Comment ng2rw39
2025-11-19 16:53:42,702 - INFO - ✅ Comment ng4n3su
2025-11-19 16:53:43,675 - INFO - ✅ Comment ng4p2n0
2025-11-19 16:53:44,232 - INFO - ✅ Comment nga6zcq
2025-11-19 16:53:44,404 - INFO - ✅ Comment ngbdsfa
2025-11-19 16:53:45,154 - INFO - ✅ Comment ngcb7v3
2025-11-19 16:53:45,511 - INFO - ✅ Comment nfw1wfr
2025-11-19 16:53:46,475 - INFO - ✅ Comment nfwhrdc
2025-11-19 16:53:46,475 - INFO - ✅ Comment nfv24xg
2025-11-19 16:53:46,475 - INFO - ✅ Comment nfvj46b
2025-11-19 16:53:47,062 - INFO - ✅ Comment nfv5w8n
2025-11-19 16:53:48,214 - INFO - ✅ Comment nfw4rsv
2025-11-19 16:53:48,386 - INFO - ✅ Comment nfxjrh1
2025-11-19 16:53:48,748 - INFO - ✅ Comment nfyul8n
2025-11-19 16:53:49,714 - INFO - ✅ Comment ng0ccgr
2025-11-19 16:53:49,714 - INFO - ✅ Comment nfysnh0
2025-11-19 16:53:49,714 - INFO - ✅ Comment nfviwjc
2025-11-19 16:53:50,271 - INFO - ✅ Comment nfvsd1o
2025-11-19 16:53:50,446 - INFO - ✅ Comment nfvsok1
2025-11-19 16:53:51,219 - INFO - ✅ Comment nfuswnr
2025-11-19 16:53:51,565 - INFO - ✅ Comment nfz15et
2025-11-19 16:53:52,546 - INFO - ✅ Comment nfyoohv
2025-11-19 16:53:53,152 - INFO - ✅ Comment nfwrz6t
2025-11-19 16:53:54,288 - INFO - ✅ Comment nfyuvp5
2025-11-19 16:53:54,456 - INFO - ✅ Comment nfwd6ow
2025-11-19 16:53:54,814 - INFO - ✅ Comment nfwwxe6
2025-11-19 16:53:56,051 - INFO - ✅ Comment nfyv78j
2025-11-19 16:53:56,628 - INFO - ✅ Comment ng12p4z
2025-11-19 16:53:56,798 - INFO - ✅ Comment ngf1sj3
2025-11-19 16:53:57,572 - INFO - ✅ Comment nge8r4x
2025-11-19 16:53:57,926 - INFO - ✅ Comment ng0gdgw
2025-11-19 16:53:58,913 - INFO - ✅ Comment nfylkgn
2025-11-19 16:53:59,473 - INFO - ✅ Comment nfvblrc
2025-11-19 16:53:59,616 - INFO - ✅ Comment nfvozex
2025-11-19 16:54:00,417 - INFO - ✅ Comment nfz3cpp
2025-11-19 16:54:00,798 - INFO - ✅ Comment ng1a9yq
2025-11-19 16:54:01,753 - INFO - ✅ Comment ng0ksoz
2025-11-19 16:54:02,330 - INFO - ✅ Comment nfvw81b
2025-11-19 16:54:02,492 - INFO - ✅ Comment nfzz3b7
2025-11-19 16:54:02,492 - INFO - ✅ Comment nfvs2mz
2025-11-19 16:54:02,492 - INFO - ✅ Comment nfz4aeo
2025-11-19 16:54:03,258 - INFO - ✅ Comment ng0xood
2025-11-19 16:54:03,638 - INFO - ✅ Comment ng3bk9c
2025-11-19 16:54:04,601 - INFO - ✅ Comment ng4b24m
2025-11-19 16:54:05,153 - INFO - ✅ Comment ng12b1l
2025-11-19 16:54:05,319 - INFO - ✅ Comment ng1aen1
2025-11-19 16:54:06,080 - INFO - ✅ Comment ng1afs3
2025-11-19 16:54:07,457 - INFO - ✅ Comment nfw5j45
2025-11-19 16:54:07,626 - INFO - ✅ Comment ng0u90s
2025-11-19 16:54:07,626 - INFO - ⚙️ Extracting data from post 1kn7bi0
2025-11-19 16:54:08,210 - INFO - ✅ Post 1kn7bi0
2025-11-19 16:54:09,647 - INFO - ⚙️ Extracting data from comments of post 1kn7bi0
2025-11-19 16:54:10,418 - INFO - ✅ Comment msfuz8h
2025-11-19 16:54:10,576 - INFO - ✅ Comment msg1mdk
2025-11-19 16:54:10,743 - INFO - ✅ Comment msg4s77
2025-11-19 16:54:11,324 - INFO - ✅ Comment msgulje
2025-11-19 16:54:11,476 - INFO - ✅ Comment msfyixl
2025-11-19 16:54:12,236 - INFO - ✅ Comment msg7vht
2025-11-19 16:54:12,591 - INFO - ✅ Comment msg6y32
2025-11-19 16:54:13,546 - INFO - ✅ Comment msg58lg
2025-11-19 16:54:14,113 - INFO - ✅ Comment msh9a3v
2025-11-19 16:54:15,278 - INFO - ✅ Comment msgbr5i
2025-11-19 16:54:15,449 - INFO - ✅ Comment msfyn97
2025-11-19 16:54:15,812 - INFO - ✅ Comment msg18z7
2025-11-19 16:54:15,812 - INFO - ✅ Comment mskhh21
2025-11-19 16:54:16,846 - INFO - ✅ Comment msg13wa
2025-11-19 16:54:17,431 - INFO - ✅ Comment msind0x
2025-11-19 16:54:17,596 - INFO - ✅ Comment msicbtc
2025-11-19 16:54:17,596 - INFO - ✅ Comment msgys2m
2025-11-19 16:54:18,377 - INFO - ✅ Comment mshfik3
2025-11-19 16:54:18,762 - INFO - ✅ Comment mskq0s9
2025-11-19 16:54:18,762 - INFO - ✅ Comment msianbl
2025-11-19 16:54:19,732 - INFO - ✅ Comment msg4t9u
2025-11-19 16:54:20,300 - INFO - ✅ Comment msjidjv
2025-11-19 16:54:20,301 - INFO - ✅ Comment msg7hdw
2025-11-19 16:54:20,301 - INFO - ✅ Comment msh6zmt
2025-11-19 16:54:20,473 - INFO - ✅ Comment msimzsz
2025-11-19 16:54:21,237 - INFO - ✅ Comment msirjpt
2025-11-19 16:54:21,593 - INFO - ✅ Comment msj62vq
2025-11-19 16:54:22,564 - INFO - ✅ Comment msfzq3p
2025-11-19 16:54:23,137 - INFO - ✅ Comment msgntve
2025-11-19 16:54:24,312 - INFO - ✅ Comment msh19w5
2025-11-19 16:54:24,694 - INFO - ✅ Comment msgjvj3
2025-11-19 16:54:25,071 - INFO - ✅ Comment mshceqz
2025-11-19 16:54:26,036 - INFO - ✅ Comment msignug
2025-11-19 16:54:26,578 - INFO - ✅ Comment mskzkl0
2025-11-19 16:54:26,756 - INFO - ✅ Comment msg0x1v
2025-11-19 16:54:27,510 - INFO - ✅ Comment msg3zhm
2025-11-19 16:54:27,862 - INFO - ✅ Comment msgsexf
2025-11-19 16:54:28,828 - INFO - ✅ Comment msgtj8g
2025-11-19 16:54:29,396 - INFO - ✅ Comment msi0w38
2025-11-19 16:54:29,560 - INFO - ✅ Comment msinudu
2025-11-19 16:54:30,337 - INFO - ✅ Comment mskdi1a
2025-11-19 16:54:30,337 - INFO - ✅ Comment msiv0on
2025-11-19 16:54:30,704 - INFO - ✅ Comment msgfcbf
2025-11-19 16:54:31,669 - INFO - ✅ Comment msgk649
2025-11-19 16:54:31,669 - INFO - ✅ Comment msgkvpr
2025-11-19 16:54:32,246 - INFO - ✅ Comment msgl23b
2025-11-19 16:54:32,402 - INFO - ✅ Comment msgo4xk
2025-11-19 16:54:32,402 - INFO - ✅ Comment msgtt2c
2025-11-19 16:54:33,172 - INFO - ✅ Comment msgxcj3
2025-11-19 16:54:33,537 - INFO - ✅ Comment msgxq7h
2025-11-19 16:54:34,499 - INFO - ✅ Comment msha3iz
2025-11-19 16:54:35,067 - INFO - ✅ Comment mshvfp0
2025-11-19 16:54:36,219 - INFO - ✅ Comment msjb3cz
2025-11-19 16:54:36,393 - INFO - ✅ Comment mshgy7s
2025-11-19 16:54:36,754 - INFO - ✅ Comment msg425o
2025-11-19 16:54:37,710 - INFO - ✅ Comment msghq3j
2025-11-19 16:54:38,297 - INFO - ✅ Comment msgjdjv
2025-11-19 16:54:38,479 - INFO - ✅ Comment msgl6k0
2025-11-19 16:54:39,242 - INFO - ✅ Comment msgn0bb
2025-11-19 16:54:39,608 - INFO - ✅ Comment msgy2vv
2025-11-19 16:54:40,578 - INFO - ✅ Comment mshqemh
2025-11-19 16:54:41,135 - INFO - ✅ Comment mslerm3
2025-11-19 16:54:41,326 - INFO - ✅ Comment msg3hq2
2025-11-19 16:54:41,326 - INFO - ✅ Comment msg3jz7
2025-11-19 16:54:42,089 - INFO - ✅ Comment msgfcwb
2025-11-19 16:54:43,448 - INFO - ✅ Comment msg3aq4
2025-11-19 16:54:43,611 - INFO - ✅ Comment msg5z15
2025-11-19 16:54:44,179 - INFO - ✅ Comment msgt7w5
2025-11-19 16:54:44,183 - INFO - ✅ Comment msjqi82
2025-11-19 16:54:44,365 - INFO - ✅ Comment mskco1w
2025-11-19 16:54:45,137 - INFO - ✅ Comment mslc31e
2025-11-19 16:54:46,503 - INFO - ✅ Comment msnpv4u
2025-11-19 16:54:46,668 - INFO - ✅ Comment msg2szh
2025-11-19 16:54:47,236 - INFO - ✅ Comment msg7adm
2025-11-19 16:54:47,395 - INFO - ✅ Comment msge27l
2025-11-19 16:54:48,177 - INFO - ✅ Comment msgup00
2025-11-19 16:54:48,529 - INFO - ✅ Comment msgid9t
2025-11-19 16:54:49,491 - INFO - ✅ Comment msfwq2z
2025-11-19 16:54:50,067 - INFO - ✅ Comment msfx5i8
2025-11-19 16:54:51,229 - INFO - ✅ Comment mskpkbl
2025-11-19 16:54:51,395 - INFO - ✅ Comment msgr18d
2025-11-19 16:54:51,765 - INFO - ✅ Comment msgte7x
2025-11-19 16:54:52,717 - INFO - ✅ Comment msgd19d
2025-11-19 16:54:52,717 - INFO - ✅ Comment msg0lkt
2025-11-19 16:54:53,275 - INFO - ✅ Comment msfuz6n
2025-11-19 16:54:53,276 - INFO - ✅ Comment msge3y5
2025-11-19 16:54:53,427 - INFO - ✅ Comment msitxa9
2025-11-19 16:54:54,196 - INFO - ✅ Comment msjb57t
2025-11-19 16:54:54,529 - INFO - ✅ Comment msgbi5b
2025-11-19 16:54:55,517 - INFO - ✅ Comment msj37bi
2025-11-19 16:54:55,518 - INFO - ✅ Comment mshjb8b
2025-11-19 16:54:56,090 - INFO - ✅ Comment mshxx5a
2025-11-19 16:54:57,263 - INFO - ✅ Comment mtdtg2e
2025-11-19 16:54:57,441 - INFO - ✅ Comment mshloph
2025-11-19 16:54:57,787 - INFO - ✅ Comment msimc75
2025-11-19 16:54:58,740 - INFO - ✅ Comment msn2fm0
2025-11-19 16:54:59,305 - INFO - ✅ Comment mt16lab
2025-11-19 16:54:59,507 - INFO - ✅ Comment msnveaf
2025-11-19 16:55:00,255 - INFO - ✅ Comment mt84fb6
2025-11-19 16:55:00,607 - INFO - ✅ Comment msgfsrh
2025-11-19 16:55:01,568 - INFO - ✅ Comment msgw04g
2025-11-19 16:55:02,140 - INFO - ✅ Comment mskjxo8
2025-11-19 16:55:03,309 - INFO - ✅ Comment msgwcic
2025-11-19 16:55:03,464 - INFO - ✅ Comment msgzo2u
2025-11-19 16:55:03,811 - INFO - ✅ Comment msj3wra
2025-11-19 16:55:03,823 - INFO - ✅ Comment msfyrfx
2025-11-19 16:55:04,768 - INFO - ✅ Comment msg1mk5
2025-11-19 16:55:05,327 - INFO - ✅ Comment msgb6xz
2025-11-19 16:55:05,477 - INFO - ✅ Comment msg82q8
2025-11-19 16:55:06,229 - INFO - ✅ Comment msgbwik
2025-11-19 16:55:06,618 - INFO - ✅ Comment msg8ia6
2025-11-19 16:55:07,586 - INFO - ✅ Comment msgdfu4
2025-11-19 16:55:08,150 - INFO - ✅ Comment msgla48
2025-11-19 16:55:08,320 - INFO - ✅ Comment msgjhfb
2025-11-19 16:55:09,075 - INFO - ✅ Comment msgydil
2025-11-19 16:55:10,455 - INFO - ✅ Comment mshs5b9
2025-11-19 16:55:10,616 - INFO - ✅ Comment msh9kf4
2025-11-19 16:55:11,196 - INFO - ✅ Comment msnlihq
2025-11-19 16:55:11,373 - INFO - ✅ Comment msg6kps
2025-11-19 16:55:12,147 - INFO - ✅ Comment mshlrba
2025-11-19 16:55:12,507 - INFO - ✅ Comment mskejhh
2025-11-19 16:55:13,463 - INFO - ✅ Comment mslfyvs
2025-11-19 16:55:14,020 - INFO - ✅ Comment msg0o4c
2025-11-19 16:55:15,187 - INFO - ✅ Comment msg8vgj
2025-11-19 16:55:15,345 - INFO - ✅ Comment msgxfid
2025-11-19 16:55:15,702 - INFO - ✅ Comment mskzqcs
2025-11-19 16:55:16,676 - INFO - ✅ Comment msouo9e
2025-11-19 16:55:17,233 - INFO - ✅ Comment msw7s08
2025-11-19 16:55:17,392 - INFO - ✅ Comment msjy4oc
2025-11-19 16:55:18,163 - INFO - ✅ Comment msiuajn
2025-11-19 16:55:18,526 - INFO - ✅ Comment msgzk05
2025-11-19 16:55:19,494 - INFO - ✅ Comment mslvc5w
2025-11-19 16:55:20,045 - INFO - ✅ Comment msg6mw0
2025-11-19 16:55:21,207 - INFO - ✅ Comment msgetaj
2025-11-19 16:55:21,383 - INFO - ✅ Comment mslh34k
2025-11-19 16:55:21,384 - INFO - ✅ Comment msgj171
2025-11-19 16:55:21,764 - INFO - ✅ Comment msgoltb
2025-11-19 16:55:22,702 - INFO - ✅ Comment msg4r9j
2025-11-19 16:55:22,702 - INFO - ✅ Comment mskgorn
2025-11-19 16:55:23,277 - INFO - ✅ Comment msjuije
2025-11-19 16:55:23,463 - INFO - ✅ Comment msjgl3y
2025-11-19 16:55:24,210 - INFO - ✅ Comment msj9w53
2025-11-19 16:55:24,582 - INFO - ✅ Comment msjb153
2025-11-19 16:55:25,539 - INFO - ✅ Comment msgwyxf
2025-11-19 16:55:26,122 - INFO - ✅ Comment msx0sbu
2025-11-19 16:55:27,279 - INFO - ✅ Comment msgkbw9
2025-11-19 16:55:27,440 - INFO - ✅ Comment msgxlh9
2025-11-19 16:55:27,793 - INFO - ✅ Comment msg4ulk
2025-11-19 16:55:28,772 - INFO - ✅ Comment msg3eg5
2025-11-19 16:55:29,349 - INFO - ✅ Comment msj9bnx
2025-11-19 16:55:29,524 - INFO - ✅ Comment msl46uz
2025-11-19 16:55:30,282 - INFO - ✅ Comment msgf717
2025-11-19 16:55:30,625 - INFO - ✅ Comment msiv4c5
2025-11-19 16:55:31,616 - INFO - ✅ Comment mskapsy
2025-11-19 16:55:32,180 - INFO - ✅ Comment mslgo7u
2025-11-19 16:55:32,343 - INFO - ✅ Comment mslgvgw
2025-11-19 16:55:33,106 - INFO - ✅ Comment msgn5fk
2025-11-19 16:55:34,467 - INFO - ✅ Comment msjgh6p
2025-11-19 16:55:34,644 - INFO - ✅ Comment mshipz1
2025-11-19 16:55:35,202 - INFO - ✅ Comment msmik5b
2025-11-19 16:55:35,202 - INFO - ✅ Comment msjzfi9
2025-11-19 16:55:35,400 - INFO - ✅ Comment msjirwk
2025-11-19 16:55:36,142 - INFO - ✅ Comment msh0btu
2025-11-19 16:55:36,517 - INFO - ✅ Comment msgzirg
2025-11-19 16:55:37,469 - INFO - ✅ Comment msvrovv
2025-11-19 16:55:38,026 - INFO - ✅ Comment msjg49m
2025-11-19 16:55:39,184 - INFO - ✅ Comment msrgp8r
2025-11-19 16:55:39,367 - INFO - ✅ Comment msrgvjz
2025-11-19 16:55:39,368 - INFO - ✅ Comment msxacil
2025-11-19 16:55:39,369 - INFO - ✅ Comment mt9yze5
2025-11-19 16:55:39,735 - INFO - ✅ Comment msj9ftb
2025-11-19 16:55:39,735 - INFO - ⚙️ Extracting data from post 1o5hbv4
2025-11-19 16:55:40,685 - INFO - ✅ Post 1o5hbv4
2025-11-19 16:55:42,140 - INFO - ⚙️ Extracting data from comments of post 1o5hbv4
2025-11-19 16:55:42,296 - INFO - ✅ Comment nj98mvo
2025-11-19 16:55:42,478 - INFO - ✅ Comment nj996mo
2025-11-19 16:55:42,821 - INFO - ✅ Comment nj9a66q
2025-11-19 16:55:43,792 - INFO - ✅ Comment nj9c27w
2025-11-19 16:55:44,358 - INFO - ✅ Comment nj9f4jk
2025-11-19 16:55:44,358 - INFO - ✅ Comment nj9b0we
2025-11-19 16:55:44,495 - INFO - ✅ Comment nj9bqla
2025-11-19 16:55:44,495 - INFO - ✅ Comment nj9ais4
2025-11-19 16:55:45,295 - INFO - ✅ Comment nj9gfon
2025-11-19 16:55:45,652 - INFO - ✅ Comment nj9f376
2025-11-19 16:55:46,624 - INFO - ✅ Comment nj99al1
2025-11-19 16:55:47,184 - INFO - ✅ Comment nj9d6e2
2025-11-19 16:55:47,358 - INFO - ✅ Comment nj9gn7b
2025-11-19 16:55:48,121 - INFO - ✅ Comment nj9jgjj
2025-11-19 16:55:49,477 - INFO - ✅ Comment nj9lrl9
2025-11-19 16:55:49,647 - INFO - ✅ Comment nj9e44n
2025-11-19 16:55:50,223 - INFO - ✅ Comment nj9c4yn
2025-11-19 16:55:50,377 - INFO - ✅ Comment nj9dx1h
2025-11-19 16:55:50,377 - INFO - ✅ Comment nj9h2hk
2025-11-19 16:55:51,158 - INFO - ✅ Comment nj9jgm8
2025-11-19 16:55:51,883 - INFO - ✅ Comment nj9op7z
2025-11-19 16:55:52,846 - INFO - ✅ Comment nj9bjvq
2025-11-19 16:55:53,406 - INFO - ✅ Comment nj9hdk9
2025-11-19 16:55:53,560 - INFO - ✅ Comment nj9jdcw
2025-11-19 16:55:54,345 - INFO - ✅ Comment nj9l06l
2025-11-19 16:55:54,728 - INFO - ✅ Comment nj9ql63
2025-11-19 16:55:55,693 - INFO - ✅ Comment nj9bqk8
2025-11-19 16:55:56,251 - INFO - ✅ Comment nj9d2zx
2025-11-19 16:55:56,424 - INFO - ✅ Comment nj9fyn5
2025-11-19 16:55:57,186 - INFO - ✅ Comment nj9gl4i
2025-11-19 16:55:57,572 - INFO - ✅ Comment nj9gyhv
2025-11-19 16:55:58,530 - INFO - ✅ Comment nj9o58t
2025-11-19 16:55:59,113 - INFO - ✅ Comment nj9wpjo
2025-11-19 16:55:59,116 - INFO - ✅ Comment nja4fzx
2025-11-19 16:55:59,116 - INFO - ✅ Comment nja5689
2025-11-19 16:56:00,270 - INFO - ✅ Comment nj9p71q
2025-11-19 16:56:00,437 - INFO - ✅ Comment nj9r8u1
2025-11-19 16:56:00,799 - INFO - ✅ Comment nj9c9eo
2025-11-19 16:56:01,743 - INFO - ✅ Comment nj9mfcj
2025-11-19 16:56:02,330 - INFO - ✅ Comment nj9p2wd
2025-11-19 16:56:02,497 - INFO - ✅ Comment nj9qoom
2025-11-19 16:56:03,263 - INFO - ✅ Comment nj9yq36
2025-11-19 16:56:03,614 - INFO - ✅ Comment nj9z18x
2025-11-19 16:56:04,584 - INFO - ✅ Comment nja76d8
2025-11-19 16:56:05,130 - INFO - ✅ Comment nja9whi
2025-11-19 16:56:05,291 - INFO - ✅ Comment njal0k7
2025-11-19 16:56:06,055 - INFO - ✅ Comment njamcbd
