2025-11-19 17:11:18,211 - INFO - Logging configured. Output file: c:\Users\fscielzo\Documents\PhD\paper-4\scripts\..\logs\data_extraction_20251119171118.log
2025-11-19 17:11:18,211 - INFO - PRAW instance initialized successfully (read-only mode).
2025-11-19 17:11:18,211 - INFO - Starting data extraction...
2025-11-19 17:11:18,211 - INFO - Total extraction combinations to run: 3
2025-11-19 17:11:18,211 - INFO - Processing r/Liberal | Query: '((gaza OR palestine*) AND (ham...' | Sort: relevance
2025-11-19 17:11:19,147 - INFO - ⚙️ Extracting data from post 1knnuln
2025-11-19 17:11:19,322 - INFO - ✅ Post 1knnuln
2025-11-19 17:11:19,738 - INFO - ⚙️ Extracting data from comments of post 1knnuln
2025-11-19 17:11:19,738 - INFO - ✅ Comment msjs47u
2025-11-19 17:11:19,893 - INFO - ✅ Comment msjrnde
2025-11-19 17:11:20,056 - INFO - ✅ Comment msmtwuf
2025-11-19 17:11:20,208 - INFO - ✅ Comment mssim3s
2025-11-19 17:11:20,373 - INFO - ✅ Comment msvbuvv
2025-11-19 17:11:20,539 - INFO - ✅ Comment msjyrcc
2025-11-19 17:11:20,706 - INFO - ✅ Comment mskc0u5
2025-11-19 17:11:20,706 - INFO - ⚙️ Extracting data from post 1kglnle
2025-11-19 17:11:20,862 - INFO - ✅ Post 1kglnle
2025-11-19 17:11:21,152 - INFO - ⚙️ Extracting data from comments of post 1kglnle
2025-11-19 17:11:21,337 - INFO - ✅ Comment mr0998c
2025-11-19 17:11:21,513 - INFO - ✅ Comment mr44z8k
2025-11-19 17:11:21,665 - INFO - ✅ Comment mr1jnzq
2025-11-19 17:11:21,823 - INFO - ✅ Comment mr226q1
2025-11-19 17:11:21,976 - INFO - ✅ Comment mr6aato
2025-11-19 17:11:21,976 - INFO - ✅ Comment ms2ygoo
2025-11-19 17:11:22,141 - INFO - ✅ Comment mqzud7t
2025-11-19 17:11:22,312 - INFO - ✅ Comment mr47bvk
2025-11-19 17:11:22,473 - INFO - ✅ Comment mr5519b
2025-11-19 17:11:22,634 - INFO - ✅ Comment mr7j0bz
2025-11-19 17:11:22,797 - INFO - ✅ Comment mr7nvh6
2025-11-19 17:11:22,799 - INFO - ⚙️ Extracting data from post 1irhr6d
2025-11-19 17:11:22,958 - INFO - ✅ Post 1irhr6d
2025-11-19 17:11:23,222 - INFO - ⚙️ Extracting data from comments of post 1irhr6d
2025-11-19 17:11:23,389 - INFO - ✅ Comment md9rzrg
2025-11-19 17:11:23,556 - INFO - ✅ Comment mdd3ueb
2025-11-19 17:11:23,721 - INFO - ✅ Comment mddzsb4
2025-11-19 17:11:23,722 - INFO - ✅ Comment mdfayao
2025-11-19 17:11:23,874 - INFO - ✅ Comment mdjtnw4
2025-11-19 17:11:24,032 - INFO - ✅ Comment mdjwms9
2025-11-19 17:11:24,032 - INFO - -> Unique POSTS: 3 | Unique COMMENTS: 24
2025-11-19 17:11:25,235 - INFO - Processing r/politics | Query: '((gaza OR palestine*) AND (ham...' | Sort: relevance
2025-11-19 17:11:25,633 - INFO - ⚙️ Extracting data from post 1o5fc5m
2025-11-19 17:11:25,785 - INFO - ✅ Post 1o5fc5m
2025-11-19 17:11:28,973 - INFO - ⚙️ Extracting data from comments of post 1o5fc5m
2025-11-19 17:11:29,142 - INFO - ✅ Comment nj8vrxf
2025-11-19 17:11:29,307 - INFO - ✅ Comment nj9g6za
2025-11-19 17:11:29,480 - INFO - ✅ Comment nj9l459
2025-11-19 17:11:29,640 - INFO - ✅ Comment nj96fq2
2025-11-19 17:11:29,800 - INFO - ✅ Comment nja3wcy
2025-11-19 17:11:29,960 - INFO - ✅ Comment nj8y11o
2025-11-19 17:11:30,139 - INFO - ✅ Comment nj928om
2025-11-19 17:11:30,291 - INFO - ✅ Comment nj8wwyg
2025-11-19 17:11:30,456 - INFO - ✅ Comment nja3xwm
2025-11-19 17:11:30,625 - INFO - ✅ Comment njah5na
2025-11-19 17:11:30,774 - INFO - ✅ Comment nj97362
2025-11-19 17:11:30,941 - INFO - ✅ Comment njd67l9
2025-11-19 17:11:31,105 - INFO - ✅ Comment nj9d5y2
2025-11-19 17:11:31,277 - INFO - ✅ Comment nj9ehjr
2025-11-19 17:11:31,431 - INFO - ✅ Comment nj9kd4s
2025-11-19 17:11:31,588 - INFO - ✅ Comment njcd9xq
2025-11-19 17:11:31,743 - INFO - ✅ Comment njdasdi
2025-11-19 17:11:31,907 - INFO - ✅ Comment njei33c
2025-11-19 17:11:32,077 - INFO - ✅ Comment njb3sd1
2025-11-19 17:11:32,241 - INFO - ✅ Comment nj9ei2h
2025-11-19 17:11:32,416 - INFO - ✅ Comment nj9r7g3
2025-11-19 17:11:32,581 - INFO - ✅ Comment njbvy1k
2025-11-19 17:11:32,740 - INFO - ✅ Comment njd8yz9
2025-11-19 17:11:32,898 - INFO - ✅ Comment nj8wngz
2025-11-19 17:11:33,068 - INFO - ✅ Comment nj90lo5
2025-11-19 17:11:33,239 - INFO - ✅ Comment nj8xqiw
2025-11-19 17:11:34,093 - INFO - ✅ Comment nj95w2o
2025-11-19 17:11:35,727 - INFO - ✅ Comment nja02l2
2025-11-19 17:11:35,939 - INFO - ✅ Comment njarduz
2025-11-19 17:11:36,110 - INFO - ✅ Comment njc06mq
2025-11-19 17:11:36,273 - INFO - ✅ Comment njcncv9
2025-11-19 17:11:36,451 - INFO - ✅ Comment njde3dr
2025-11-19 17:11:36,600 - INFO - ✅ Comment njefeeg
2025-11-19 17:11:36,780 - INFO - ✅ Comment njetfyx
2025-11-19 17:11:36,944 - INFO - ✅ Comment nja717a
2025-11-19 17:11:37,108 - INFO - ✅ Comment njamf7p
2025-11-19 17:11:37,268 - INFO - ✅ Comment nj8xdof
2025-11-19 17:11:37,427 - INFO - ✅ Comment nj9lhe4
2025-11-19 17:11:37,611 - INFO - ✅ Comment nj8zwhi
2025-11-19 17:11:37,775 - INFO - ✅ Comment nj8xk5y
2025-11-19 17:11:37,941 - INFO - ✅ Comment njcm3gy
2025-11-19 17:11:38,090 - INFO - ✅ Comment nja4rhr
2025-11-19 17:11:38,273 - INFO - ✅ Comment njaqqgh
2025-11-19 17:11:38,451 - INFO - ✅ Comment nj9rbdi
2025-11-19 17:11:38,611 - INFO - ✅ Comment nj9lhgr
2025-11-19 17:11:38,788 - INFO - ✅ Comment nj9na0f
2025-11-19 17:11:38,959 - INFO - ✅ Comment nja25fa
2025-11-19 17:11:39,117 - INFO - ✅ Comment nja3rgf
2025-11-19 17:11:39,279 - INFO - ✅ Comment njabi2t
2025-11-19 17:11:39,441 - INFO - ✅ Comment njalse8
2025-11-19 17:11:39,658 - INFO - ✅ Comment njaovwx
2025-11-19 17:11:39,834 - INFO - ✅ Comment njatgzx
2025-11-19 17:11:39,990 - INFO - ✅ Comment njauhl9
2025-11-19 17:11:40,174 - INFO - ✅ Comment njbjgg0
2025-11-19 17:11:40,339 - INFO - ✅ Comment njbreoz
2025-11-19 17:11:40,494 - INFO - ✅ Comment njbu7hs
2025-11-19 17:11:40,644 - INFO - ✅ Comment njc2cav
2025-11-19 17:11:40,840 - INFO - ✅ Comment njc3pkr
2025-11-19 17:11:41,006 - INFO - ✅ Comment njc5dpb
2025-11-19 17:11:41,159 - INFO - ✅ Comment njctjgc
2025-11-19 17:11:41,159 - INFO - ✅ Comment njd5jxd
2025-11-19 17:11:41,334 - INFO - ✅ Comment njdufhm
2025-11-19 17:11:41,473 - INFO - ✅ Comment njdugyt
2025-11-19 17:11:41,641 - INFO - ✅ Comment nje3reg
2025-11-19 17:11:41,805 - INFO - ✅ Comment njecu51
2025-11-19 17:11:41,975 - INFO - ✅ Comment njescwz
2025-11-19 17:11:42,140 - INFO - ✅ Comment njglp3p
2025-11-19 17:11:42,335 - INFO - ✅ Comment nj9i32j
2025-11-19 17:11:42,503 - INFO - ✅ Comment nj9s1vi
2025-11-19 17:11:42,672 - INFO - ✅ Comment nja238y
2025-11-19 17:11:42,849 - INFO - ✅ Comment nj9g02z
2025-11-19 17:11:42,990 - INFO - ✅ Comment nj9s455
2025-11-19 17:11:43,173 - INFO - ✅ Comment nj8zc57
2025-11-19 17:11:43,323 - INFO - ✅ Comment nj9gow3
2025-11-19 17:11:43,491 - INFO - ✅ Comment nj972po
2025-11-19 17:11:43,655 - INFO - ✅ Comment nj9nzde
2025-11-19 17:11:43,832 - INFO - ✅ Comment nj9t2kt
2025-11-19 17:11:43,993 - INFO - ✅ Comment nj9x6l4
2025-11-19 17:11:44,165 - INFO - ✅ Comment nja5fbq
2025-11-19 17:11:44,323 - INFO - ✅ Comment nja5k76
2025-11-19 17:11:44,506 - INFO - ✅ Comment njalguz
2025-11-19 17:11:44,705 - INFO - ✅ Comment njay3a4
2025-11-19 17:11:44,873 - INFO - ✅ Comment njc59cx
2025-11-19 17:11:45,044 - INFO - ✅ Comment nj8ysq8
2025-11-19 17:11:45,233 - INFO - ✅ Comment nj98l6c
2025-11-19 17:11:45,613 - INFO - ✅ Comment nj8y9xy
2025-11-19 17:11:45,772 - INFO - ✅ Comment nj9f744
2025-11-19 17:11:45,923 - INFO - ✅ Comment nj9gw0h
2025-11-19 17:11:46,090 - INFO - ✅ Comment nj90z1a
2025-11-19 17:11:46,244 - INFO - ✅ Comment nj9on4a
2025-11-19 17:11:46,403 - INFO - ✅ Comment nja45qe
2025-11-19 17:11:46,558 - INFO - ✅ Comment nja5gqs
2025-11-19 17:11:46,717 - INFO - ✅ Comment nj9054e
2025-11-19 17:11:46,872 - INFO - ✅ Comment nj8w5d2
2025-11-19 17:11:47,043 - INFO - ✅ Comment nj9m3u2
2025-11-19 17:11:47,208 - INFO - ✅ Comment nj97dkv
2025-11-19 17:11:47,383 - INFO - ✅ Comment nj9tfxw
2025-11-19 17:11:47,548 - INFO - ✅ Comment nj9dobb
2025-11-19 17:11:47,706 - INFO - ✅ Comment nj9gl13
2025-11-19 17:11:47,873 - INFO - ✅ Comment nj9hagj
2025-11-19 17:11:48,024 - INFO - ✅ Comment nja3tkm
2025-11-19 17:11:48,282 - INFO - ✅ Comment njaaisr
2025-11-19 17:11:48,438 - INFO - ✅ Comment njalw5c
2025-11-19 17:11:48,608 - INFO - ✅ Comment nj9aq1x
2025-11-19 17:11:48,760 - INFO - ✅ Comment nj9bk99
2025-11-19 17:11:48,923 - INFO - ✅ Comment nja2xi7
2025-11-19 17:11:49,075 - INFO - ✅ Comment nja9fyt
2025-11-19 17:11:49,226 - INFO - ✅ Comment nj93ebb
2025-11-19 17:11:49,374 - INFO - ✅ Comment nj9q5xd
2025-11-19 17:11:49,549 - INFO - ✅ Comment nj9qp43
2025-11-19 17:11:49,710 - INFO - ✅ Comment njah1q1
2025-11-19 17:11:49,856 - INFO - ✅ Comment njamhaj
2025-11-19 17:11:50,036 - INFO - ✅ Comment njanyjd
2025-11-19 17:11:50,200 - INFO - ✅ Comment njc3q2d
2025-11-19 17:11:50,349 - INFO - ✅ Comment njchmhi
2025-11-19 17:11:50,517 - INFO - ✅ Comment njdwjre
2025-11-19 17:11:50,680 - INFO - ✅ Comment nje5ian
2025-11-19 17:11:50,833 - INFO - ✅ Comment njeyy3r
2025-11-19 17:11:50,989 - INFO - ✅ Comment nj9ixpn
2025-11-19 17:11:51,156 - INFO - ✅ Comment nj9q9rh
2025-11-19 17:11:51,317 - INFO - ✅ Comment njamm7j
2025-11-19 17:11:51,476 - INFO - ✅ Comment njamzjb
2025-11-19 17:11:51,623 - INFO - ✅ Comment njanojm
2025-11-19 17:11:51,768 - INFO - ✅ Comment njd6oxo
2025-11-19 17:11:51,920 - INFO - ✅ Comment nj9mg2a
2025-11-19 17:11:52,073 - INFO - ✅ Comment nj9hy48
2025-11-19 17:11:52,258 - INFO - ✅ Comment nj9otvo
2025-11-19 17:11:52,418 - INFO - ✅ Comment nj9vjs3
2025-11-19 17:11:52,577 - INFO - ✅ Comment nja30jq
2025-11-19 17:11:52,733 - INFO - ✅ Comment njaihfi
2025-11-19 17:11:52,891 - INFO - ✅ Comment njayqwc
2025-11-19 17:11:53,048 - INFO - ✅ Comment nj9y60e
2025-11-19 17:11:53,195 - INFO - ✅ Comment nj9v8as
2025-11-19 17:11:53,339 - INFO - ✅ Comment njabfzq
2025-11-19 17:11:53,489 - INFO - ✅ Comment nj9xn9e
2025-11-19 17:11:53,658 - INFO - ✅ Comment nj9ydjj
2025-11-19 17:11:53,818 - INFO - ✅ Comment nja2z0b
2025-11-19 17:11:53,971 - INFO - ✅ Comment nja8k7m
2025-11-19 17:11:54,140 - INFO - ✅ Comment nja48ig
2025-11-19 17:11:54,314 - INFO - ✅ Comment njadqm5
2025-11-19 17:11:54,470 - INFO - ✅ Comment nja7yxb
2025-11-19 17:11:54,634 - INFO - ✅ Comment nja8f1v
2025-11-19 17:11:54,792 - INFO - ✅ Comment njagdyc
2025-11-19 17:11:54,956 - INFO - ✅ Comment nja7dol
2025-11-19 17:11:55,135 - INFO - ✅ Comment njagvl2
2025-11-19 17:11:55,316 - INFO - ✅ Comment nj9t0ys
2025-11-19 17:11:55,480 - INFO - ✅ Comment nj9wba5
2025-11-19 17:11:55,644 - INFO - ✅ Comment nj9uib7
2025-11-19 17:11:55,812 - INFO - ✅ Comment nja3tjx
2025-11-19 17:11:55,993 - INFO - ✅ Comment nja8sm8
2025-11-19 17:11:56,175 - INFO - ✅ Comment njcmxi1
2025-11-19 17:11:56,322 - INFO - ✅ Comment nja3963
2025-11-19 17:11:56,511 - INFO - ✅ Comment njcpjrw
2025-11-19 17:11:56,670 - INFO - ✅ Comment nj9xqlg
2025-11-19 17:11:56,841 - INFO - ✅ Comment nj9lgmw
2025-11-19 17:11:57,009 - INFO - ✅ Comment njd0ejp
2025-11-19 17:11:57,171 - INFO - ✅ Comment njafzok
2025-11-19 17:11:57,331 - INFO - ✅ Comment nj9m8mb
2025-11-19 17:11:57,505 - INFO - ✅ Comment nj9y5f4
2025-11-19 17:11:57,656 - INFO - ✅ Comment nj9ea0n
2025-11-19 17:11:57,822 - INFO - ✅ Comment nj9gjve
2025-11-19 17:11:57,989 - INFO - ✅ Comment nj9be29
2025-11-19 17:11:58,159 - INFO - ✅ Comment nj8xait
2025-11-19 17:11:58,323 - INFO - ✅ Comment nj9ro1f
2025-11-19 17:11:58,490 - INFO - ✅ Comment nj8xpvh
2025-11-19 17:11:58,685 - INFO - ✅ Comment nj9yszu
2025-11-19 17:11:58,855 - INFO - ✅ Comment njadler
2025-11-19 17:11:59,032 - INFO - ✅ Comment njamqjw
2025-11-19 17:11:59,210 - INFO - ✅ Comment nj967cd
2025-11-19 17:11:59,374 - INFO - ✅ Comment nj9qcuh
2025-11-19 17:11:59,527 - INFO - ✅ Comment njblhs7
2025-11-19 17:12:00,293 - INFO - ✅ Comment njb702k
2025-11-19 17:12:00,680 - INFO - ✅ Comment njenxsz
2025-11-19 17:12:01,645 - INFO - ✅ Comment njahkfl
2025-11-19 17:12:02,191 - INFO - ✅ Comment njbldzv
2025-11-19 17:12:02,373 - INFO - ✅ Comment nj9h99i
2025-11-19 17:12:03,157 - INFO - ✅ Comment njdcduy
2025-11-19 17:12:03,506 - INFO - ✅ Comment nj9yblu
2025-11-19 17:12:04,479 - INFO - ✅ Comment njenz53
2025-11-19 17:12:05,398 - INFO - ✅ Comment nj9zf9f
2025-11-19 17:12:06,564 - INFO - ✅ Comment njci5fv
2025-11-19 17:12:06,725 - INFO - ✅ Comment njcisyt
2025-11-19 17:12:07,106 - INFO - ✅ Comment nj9d9s2
2025-11-19 17:12:08,077 - INFO - ✅ Comment nj8wwle
2025-11-19 17:12:08,663 - INFO - ✅ Comment nja4g4k
2025-11-19 17:12:08,822 - INFO - ✅ Comment njau8yb
2025-11-19 17:12:09,613 - INFO - ✅ Comment nj9sw5m
2025-11-19 17:12:09,968 - INFO - ✅ Comment nj9sk86
2025-11-19 17:12:10,926 - INFO - ✅ Comment nja4aam
2025-11-19 17:12:11,492 - INFO - ✅ Comment njayv7s
2025-11-19 17:12:11,672 - INFO - ✅ Comment njbbh5h
2025-11-19 17:12:12,441 - INFO - ✅ Comment nja4ei7
2025-11-19 17:12:12,806 - INFO - ✅ Comment nj9xrle
2025-11-19 17:12:13,782 - INFO - ✅ Comment nj9e9if
2025-11-19 17:12:14,351 - INFO - ✅ Comment nj93z58
2025-11-19 17:12:14,520 - INFO - ✅ Comment nj9713d
2025-11-19 17:12:15,267 - INFO - ✅ Comment nj8z2pl
2025-11-19 17:12:15,626 - INFO - ✅ Comment nj9ztxc
2025-11-19 17:12:16,565 - INFO - ✅ Comment nj9aca8
2025-11-19 17:12:17,126 - INFO - ✅ Comment nje1icx
2025-11-19 17:12:18,299 - INFO - ✅ Comment nja9qbm
2025-11-19 17:12:18,466 - INFO - ✅ Comment njae2sc
2025-11-19 17:12:18,822 - INFO - ✅ Comment nj9pvr8
2025-11-19 17:12:19,794 - INFO - ✅ Comment nja4ha1
2025-11-19 17:12:20,358 - INFO - ✅ Comment njbaq92
2025-11-19 17:12:20,509 - INFO - ✅ Comment nj93gp2
2025-11-19 17:12:21,276 - INFO - ✅ Comment nj93sa9
2025-11-19 17:12:21,640 - INFO - ✅ Comment nja57ei
2025-11-19 17:12:21,641 - INFO - ✅ Comment nj9527g
2025-11-19 17:12:22,593 - INFO - ✅ Comment nj9p9y4
2025-11-19 17:12:23,176 - INFO - ✅ Comment njcckno
2025-11-19 17:12:23,324 - INFO - ✅ Comment nj97ur9
2025-11-19 17:12:24,094 - INFO - ✅ Comment nj92kyi
2025-11-19 17:12:25,458 - INFO - ✅ Comment nj9iqhz
2025-11-19 17:12:25,624 - INFO - ✅ Comment nj9v9au
2025-11-19 17:12:26,192 - INFO - ✅ Comment nj9hm28
2025-11-19 17:12:26,367 - INFO - ✅ Comment nja32up
2025-11-19 17:12:27,131 - INFO - ✅ Comment njahpc7
2025-11-19 17:12:28,490 - INFO - ✅ Comment nja7buj
2025-11-19 17:12:28,660 - INFO - ✅ Comment nja1n9g
2025-11-19 17:12:29,208 - INFO - ✅ Comment nja9q5b
2025-11-19 17:12:29,393 - INFO - ✅ Comment njai7f1
2025-11-19 17:12:30,183 - INFO - ✅ Comment njb4eb0
2025-11-19 17:12:30,550 - INFO - ✅ Comment njalp5w
2025-11-19 17:12:31,508 - INFO - ✅ Comment njaa0ni
2025-11-19 17:12:32,061 - INFO - ✅ Comment njaced6
2025-11-19 17:12:33,208 - INFO - ✅ Comment njad86v
2025-11-19 17:12:33,391 - INFO - ✅ Comment njch382
2025-11-19 17:12:33,748 - INFO - ✅ Comment njbjp83
2025-11-19 17:12:34,716 - INFO - ✅ Comment nja9epk
2025-11-19 17:12:35,281 - INFO - ✅ Comment njanqat
2025-11-19 17:12:35,440 - INFO - ✅ Comment njaqfdy
2025-11-19 17:12:36,187 - INFO - ✅ Comment nja7eog
2025-11-19 17:12:36,554 - INFO - ✅ Comment nj9y4ph
2025-11-19 17:12:37,532 - INFO - ✅ Comment njav10f
2025-11-19 17:12:38,109 - INFO - ✅ Comment nj9xp5f
2025-11-19 17:12:39,279 - INFO - ✅ Comment njaysag
2025-11-19 17:12:39,449 - INFO - ✅ Comment njajb8k
2025-11-19 17:12:39,824 - INFO - ✅ Comment njaz87r
2025-11-19 17:12:40,842 - INFO - ✅ Comment njasg04
2025-11-19 17:12:41,375 - INFO - ✅ Comment nj9odon
2025-11-19 17:12:41,539 - INFO - ✅ Comment njcxkv8
2025-11-19 17:12:42,295 - INFO - ✅ Comment nj9f2i2
2025-11-19 17:12:42,654 - INFO - ✅ Comment nj9facb
2025-11-19 17:12:43,591 - INFO - ✅ Comment nj9fbtk
2025-11-19 17:12:44,155 - INFO - ✅ Comment nj9fe08
2025-11-19 17:12:44,309 - INFO - ✅ Comment nj9iki8
2025-11-19 17:12:45,058 - INFO - ✅ Comment nja7rzi
2025-11-19 17:12:46,408 - INFO - ✅ Comment njaczpr
2025-11-19 17:12:46,563 - INFO - ✅ Comment nje1ral
2025-11-19 17:12:47,110 - INFO - ✅ Comment nj8xwy2
2025-11-19 17:12:48,258 - INFO - ✅ Comment nj9lmai
2025-11-19 17:12:48,258 - INFO - ✅ Comment nj96qha
2025-11-19 17:12:48,432 - INFO - ✅ Comment nj9fqad
2025-11-19 17:12:48,783 - INFO - ✅ Comment nj95k4i
2025-11-19 17:12:49,753 - INFO - ✅ Comment nj9tga8
2025-11-19 17:12:50,292 - INFO - ✅ Comment nj8y2ty
2025-11-19 17:12:50,439 - INFO - ✅ Comment nj9eqfn
2025-11-19 17:12:51,198 - INFO - ✅ Comment nj9gcwv
2025-11-19 17:12:51,588 - INFO - ✅ Comment nj9teou
2025-11-19 17:12:52,541 - INFO - ✅ Comment nj9go8e
2025-11-19 17:12:53,100 - INFO - ✅ Comment nj8xrdb
2025-11-19 17:12:54,243 - INFO - ✅ Comment nj97fio
2025-11-19 17:12:54,409 - INFO - ✅ Comment njdchr5
2025-11-19 17:12:54,761 - INFO - ✅ Comment nj9qadc
2025-11-19 17:12:55,719 - INFO - ✅ Comment njb5gym
2025-11-19 17:12:56,275 - INFO - ✅ Comment njbgi9o
2025-11-19 17:12:56,440 - INFO - ✅ Comment nja95uj
2025-11-19 17:12:57,194 - INFO - ✅ Comment nj9dlrq
2025-11-19 17:12:57,541 - INFO - ✅ Comment nj9tgtr
2025-11-19 17:12:58,491 - INFO - ✅ Comment nj8y55q
2025-11-19 17:12:59,058 - INFO - ✅ Comment njbu5g3
2025-11-19 17:13:00,208 - INFO - ✅ Comment njc3ae8
2025-11-19 17:13:00,360 - INFO - ✅ Comment njahlh1
2025-11-19 17:13:00,724 - INFO - ✅ Comment njao3dn
2025-11-19 17:13:01,693 - INFO - ✅ Comment njc88ay
2025-11-19 17:13:02,242 - INFO - ✅ Comment nj9z6du
2025-11-19 17:13:02,392 - INFO - ✅ Comment nj9cgwq
2025-11-19 17:13:03,148 - INFO - ✅ Comment nj9230c
2025-11-19 17:13:03,509 - INFO - ✅ Comment nj9wftr
2025-11-19 17:13:03,509 - INFO - ✅ Comment nj9y7yn
2025-11-19 17:13:04,461 - INFO - ✅ Comment nj9vr2t
2025-11-19 17:13:05,012 - INFO - ✅ Comment njaowfs
2025-11-19 17:13:06,176 - INFO - ✅ Comment nj9xpqu
2025-11-19 17:13:06,358 - INFO - ✅ Comment njbmlky
2025-11-19 17:13:06,769 - INFO - ✅ Comment njbw1nv
2025-11-19 17:13:07,708 - INFO - ✅ Comment njcgke1
2025-11-19 17:13:08,442 - INFO - ✅ Comment nja83m9
2025-11-19 17:13:08,621 - INFO - ✅ Comment nj9dzpp
2025-11-19 17:13:09,392 - INFO - ✅ Comment nj9fwus
2025-11-19 17:13:09,749 - INFO - ✅ Comment nj9e7i4
2025-11-19 17:13:10,710 - INFO - ✅ Comment nj9tfum
2025-11-19 17:13:11,292 - INFO - ✅ Comment nj9t90z
2025-11-19 17:13:11,449 - INFO - ✅ Comment nje6zvs
2025-11-19 17:13:12,198 - INFO - ✅ Comment njaep4l
2025-11-19 17:13:12,556 - INFO - ✅ Comment njac4b8
2025-11-19 17:13:12,556 - INFO - ✅ Comment nj9te37
2025-11-19 17:13:13,521 - INFO - ✅ Comment nj9e8nu
2025-11-19 17:13:14,058 - INFO - ✅ Comment nj9oh76
2025-11-19 17:13:15,215 - INFO - ✅ Comment njabfhl
2025-11-19 17:13:15,372 - INFO - ✅ Comment nj9ww6g
2025-11-19 17:13:15,725 - INFO - ✅ Comment njan3jm
2025-11-19 17:13:16,676 - INFO - ✅ Comment njb12js
2025-11-19 17:13:17,245 - INFO - ✅ Comment njbc1oa
2025-11-19 17:13:17,449 - INFO - ✅ Comment njamcmq
2025-11-19 17:13:18,193 - INFO - ✅ Comment njas9hz
2025-11-19 17:13:18,555 - INFO - ✅ Comment njaliar
2025-11-19 17:13:19,525 - INFO - ✅ Comment njcgwd3
2025-11-19 17:13:20,094 - INFO - ✅ Comment njegmx5
2025-11-19 17:13:21,262 - INFO - ✅ Comment njbgt04
2025-11-19 17:13:21,422 - INFO - ✅ Comment njaamcs
2025-11-19 17:13:21,783 - INFO - ✅ Comment nja2ldx
2025-11-19 17:13:22,742 - INFO - ✅ Comment nja3iem
2025-11-19 17:13:23,313 - INFO - ✅ Comment nja750s
2025-11-19 17:13:23,480 - INFO - ✅ Comment njafrjm
2025-11-19 17:13:24,239 - INFO - ✅ Comment nja9yg8
2025-11-19 17:13:24,575 - INFO - ✅ Comment njafjq5
2025-11-19 17:13:25,542 - INFO - ✅ Comment njan193
2025-11-19 17:13:26,103 - INFO - ✅ Comment njcxski
2025-11-19 17:13:27,260 - INFO - ✅ Comment njb6d5a
2025-11-19 17:13:27,424 - INFO - ✅ Comment njau6pn
2025-11-19 17:13:27,781 - INFO - ✅ Comment njbkhez
2025-11-19 17:13:28,743 - INFO - ✅ Comment njavfza
2025-11-19 17:13:29,309 - INFO - ✅ Comment njaroqt
2025-11-19 17:13:29,458 - INFO - ✅ Comment njaoa08
2025-11-19 17:13:30,225 - INFO - ✅ Comment njbdcgf
2025-11-19 17:13:30,577 - INFO - ✅ Comment nja43zg
2025-11-19 17:13:31,532 - INFO - ✅ Comment nja3nqc
2025-11-19 17:13:32,093 - INFO - ✅ Comment nj9z8wo
2025-11-19 17:13:33,245 - INFO - ✅ Comment nja9yvg
2025-11-19 17:13:33,618 - INFO - ✅ Comment nj9yirm
2025-11-19 17:13:33,986 - INFO - ✅ Comment nj9p1h6
2025-11-19 17:13:34,960 - INFO - ✅ Comment njaacn0
2025-11-19 17:13:35,516 - INFO - ✅ Comment nja87vw
2025-11-19 17:13:35,675 - INFO - ✅ Comment nj9rzt7
2025-11-19 17:13:36,450 - INFO - ✅ Comment nj9lqhs
2025-11-19 17:13:36,799 - INFO - ✅ Comment njctstr
2025-11-19 17:13:36,799 - INFO - ✅ Comment nj9hux1
2025-11-19 17:13:37,760 - INFO - ✅ Comment njb5d5q
2025-11-19 17:13:38,315 - INFO - ✅ Comment nj9fxa3
2025-11-19 17:13:38,473 - INFO - ✅ Comment nj9hgmi
2025-11-19 17:13:39,244 - INFO - ✅ Comment nj9z4ry
2025-11-19 17:13:39,609 - INFO - ✅ Comment nj9hmlh
2025-11-19 17:13:40,560 - INFO - ✅ Comment njacdf4
2025-11-19 17:13:41,147 - INFO - ✅ Comment nje601e
2025-11-19 17:13:41,308 - INFO - ✅ Comment nja0h0d
2025-11-19 17:13:42,073 - INFO - ✅ Comment njbsz1j
2025-11-19 17:13:43,427 - INFO - ✅ Comment nj9u2cc
2025-11-19 17:13:43,585 - INFO - ✅ Comment nj9bnma
2025-11-19 17:13:44,125 - INFO - ✅ Comment nj9jklm
2025-11-19 17:13:44,291 - INFO - ✅ Comment nj97zrl
2025-11-19 17:13:45,041 - INFO - ✅ Comment nj9vcmg
2025-11-19 17:13:46,397 - INFO - ✅ Comment nja3rjz
2025-11-19 17:13:46,561 - INFO - ✅ Comment njahw63
2025-11-19 17:13:47,109 - INFO - ✅ Comment nj9o2h9
2025-11-19 17:13:48,260 - INFO - ✅ Comment nj9l005
2025-11-19 17:13:48,430 - INFO - ✅ Comment nj8z31n
2025-11-19 17:13:48,789 - INFO - ✅ Comment njcxr6u
2025-11-19 17:13:49,730 - INFO - ✅ Comment njc4eyx
2025-11-19 17:13:50,292 - INFO - ✅ Comment njd9v44
2025-11-19 17:13:50,462 - INFO - ✅ Comment nj9ellx
2025-11-19 17:13:51,230 - INFO - ✅ Comment nja290d
2025-11-19 17:13:51,575 - INFO - ✅ Comment njbjvr5
2025-11-19 17:13:52,544 - INFO - ✅ Comment njcnqxg
2025-11-19 17:13:53,089 - INFO - ✅ Comment nj9g008
2025-11-19 17:13:54,341 - INFO - ✅ Comment nj9n9vk
2025-11-19 17:13:54,540 - INFO - ✅ Comment nj9ih7a
2025-11-19 17:13:54,874 - INFO - ✅ Comment nj9hkoc
2025-11-19 17:13:54,874 - INFO - ✅ Comment nj9qijv
2025-11-19 17:13:55,841 - INFO - ✅ Comment nj9ep5l
2025-11-19 17:13:56,389 - INFO - ✅ Comment njafidb
2025-11-19 17:13:56,543 - INFO - ✅ Comment njac1w3
2025-11-19 17:13:57,303 - INFO - ✅ Comment njcr0ca
2025-11-19 17:13:57,649 - INFO - ✅ Comment njdau5a
2025-11-19 17:13:58,592 - INFO - ✅ Comment njafo4m
2025-11-19 17:13:59,147 - INFO - ✅ Comment njashme
2025-11-19 17:13:59,322 - INFO - ✅ Comment njbl7qk
2025-11-19 17:14:00,098 - INFO - ✅ Comment njca3mh
2025-11-19 17:14:01,459 - INFO - ✅ Comment njbc3t6
2025-11-19 17:14:01,614 - INFO - ✅ Comment njatngy
2025-11-19 17:14:02,159 - INFO - ✅ Comment njb2sme
2025-11-19 17:14:02,325 - INFO - ✅ Comment nja5rjp
2025-11-19 17:14:03,100 - INFO - ✅ Comment nja3s5m
2025-11-19 17:14:04,445 - INFO - ✅ Comment njameev
2025-11-19 17:14:04,602 - INFO - ✅ Comment njahdax
2025-11-19 17:14:05,158 - INFO - ✅ Comment njaploz
2025-11-19 17:14:05,313 - INFO - ✅ Comment njbupzd
2025-11-19 17:14:06,064 - INFO - ✅ Comment njcj0o6
2025-11-19 17:14:07,432 - INFO - ✅ Comment njb1pi4
2025-11-19 17:14:07,598 - INFO - ✅ Comment njctvem
2025-11-19 17:14:08,142 - INFO - ✅ Comment njbmuq6
2025-11-19 17:14:08,291 - INFO - ✅ Comment njb9rzg
2025-11-19 17:14:09,145 - INFO - ✅ Comment njb47cc
2025-11-19 17:14:10,515 - INFO - ✅ Comment njeubjz
2025-11-19 17:14:10,676 - INFO - ✅ Comment njb3eyp
2025-11-19 17:14:11,235 - INFO - ✅ Comment njamyt8
2025-11-19 17:14:11,388 - INFO - ✅ Comment njaspd0
2025-11-19 17:14:12,128 - INFO - ✅ Comment nj9qhfy
2025-11-19 17:14:12,490 - INFO - ✅ Comment nj9pjp8
2025-11-19 17:14:13,450 - INFO - ✅ Comment nj9tf7b
2025-11-19 17:14:14,008 - INFO - ✅ Comment nj9sl8o
2025-11-19 17:14:15,205 - INFO - ✅ Comment nj9rfak
2025-11-19 17:14:15,370 - INFO - ✅ Comment nj9rlvn
2025-11-19 17:14:15,722 - INFO - ✅ Comment nj9y733
2025-11-19 17:14:16,685 - INFO - ✅ Comment njads42
2025-11-19 17:14:17,226 - INFO - ✅ Comment njau0ta
2025-11-19 17:14:17,375 - INFO - ✅ Comment njaxrdd
2025-11-19 17:14:18,142 - INFO - ✅ Comment nj9ulx7
2025-11-19 17:14:18,503 - INFO - ✅ Comment nja3xjv
2025-11-19 17:14:19,458 - INFO - ✅ Comment nj9yf3d
2025-11-19 17:14:20,034 - INFO - ✅ Comment nj9mtet
2025-11-19 17:14:21,193 - INFO - ✅ Comment nj9qd48
2025-11-19 17:14:21,369 - INFO - ✅ Comment nja2cuf
2025-11-19 17:14:21,720 - INFO - ✅ Comment nj9odzl
2025-11-19 17:14:22,681 - INFO - ✅ Comment nj9i3zq
2025-11-19 17:14:23,247 - INFO - ✅ Comment nj9idyi
2025-11-19 17:14:23,398 - INFO - ✅ Comment nj9j5yh
2025-11-19 17:14:24,159 - INFO - ✅ Comment njambyb
2025-11-19 17:14:24,564 - INFO - ✅ Comment nj9l7f5
2025-11-19 17:14:25,541 - INFO - ✅ Comment nj9roqt
2025-11-19 17:14:26,092 - INFO - ✅ Comment nj9skfd
2025-11-19 17:14:27,275 - INFO - ✅ Comment nj9gd82
2025-11-19 17:14:27,448 - INFO - ✅ Comment njal57a
2025-11-19 17:14:27,790 - INFO - ✅ Comment nj9qliw
2025-11-19 17:14:28,741 - INFO - ✅ Comment njdibzr
2025-11-19 17:14:29,285 - INFO - ✅ Comment nj9mu2j
2025-11-19 17:14:29,445 - INFO - ✅ Comment nj9zjfg
2025-11-19 17:14:30,192 - INFO - ✅ Comment nj9ziy8
2025-11-19 17:14:30,544 - INFO - ✅ Comment nj9po5d
2025-11-19 17:14:31,492 - INFO - ✅ Comment nj9sh55
2025-11-19 17:14:32,051 - INFO - ✅ Comment njadifo
2025-11-19 17:14:33,193 - INFO - ✅ Comment njaih06
2025-11-19 17:14:33,358 - INFO - ✅ Comment njb3jvt
2025-11-19 17:14:33,706 - INFO - ✅ Comment njbthu8
2025-11-19 17:14:34,676 - INFO - ✅ Comment njao5to
2025-11-19 17:14:35,225 - INFO - ✅ Comment nja9tzs
2025-11-19 17:14:35,391 - INFO - ✅ Comment nja9atj
2025-11-19 17:14:36,141 - INFO - ✅ Comment nja6tvp
2025-11-19 17:14:36,141 - INFO - ✅ Comment nja4rly
2025-11-19 17:14:36,508 - INFO - ✅ Comment njcuvkx
2025-11-19 17:14:37,458 - INFO - ✅ Comment njd2u8o
2025-11-19 17:14:37,991 - INFO - ✅ Comment njbdaf2
2025-11-19 17:14:39,160 - INFO - ✅ Comment njcul4q
2025-11-19 17:14:39,313 - INFO - ✅ Comment njc4blv
2025-11-19 17:14:39,648 - INFO - ✅ Comment njbog3s
2025-11-19 17:14:40,609 - INFO - ✅ Comment njbea2y
2025-11-19 17:14:41,158 - INFO - ✅ Comment njbsd4l
2025-11-19 17:14:41,321 - INFO - ✅ Comment njcvpjs
2025-11-19 17:14:42,088 - INFO - ✅ Comment nj9sbbk
2025-11-19 17:14:43,432 - INFO - ✅ Comment njbel23
2025-11-19 17:14:43,613 - INFO - ✅ Comment nja4ar2
2025-11-19 17:14:43,613 - INFO - ✅ Comment njbo2o8
2025-11-19 17:14:44,160 - INFO - ✅ Comment njaw619
2025-11-19 17:14:44,321 - INFO - ✅ Comment nja44jw
2025-11-19 17:14:45,078 - INFO - ✅ Comment nja0d79
2025-11-19 17:14:46,450 - INFO - ✅ Comment nja2d7r
2025-11-19 17:14:46,611 - INFO - ✅ Comment nj9ntg2
2025-11-19 17:14:47,170 - INFO - ✅ Comment nj9swfv
2025-11-19 17:14:47,327 - INFO - ✅ Comment nj9r3ps
2025-11-19 17:14:48,082 - INFO - ✅ Comment nj9l3h9
2025-11-19 17:14:49,441 - INFO - ✅ Comment njex13c
2025-11-19 17:14:49,598 - INFO - ✅ Comment nj9v33d
2025-11-19 17:14:50,160 - INFO - ✅ Comment njaexcs
2025-11-19 17:14:50,162 - INFO - ✅ Comment nj9svnw
2025-11-19 17:14:50,310 - INFO - ✅ Comment njb6vwo
2025-11-19 17:14:51,116 - INFO - ✅ Comment njc3uam
2025-11-19 17:14:52,538 - INFO - ✅ Comment njeftku
2025-11-19 17:14:52,718 - INFO - ✅ Comment njcpxt7
2025-11-19 17:14:53,274 - INFO - ✅ Comment njatf6k
2025-11-19 17:14:53,438 - INFO - ✅ Comment njar4pq
2025-11-19 17:14:54,223 - INFO - ✅ Comment njafryk
2025-11-19 17:14:54,585 - INFO - ✅ Comment njae1iv
2025-11-19 17:14:55,553 - INFO - ✅ Comment njd7pou
2025-11-19 17:14:56,109 - INFO - ✅ Comment njbk7m0
2025-11-19 17:14:57,276 - INFO - ✅ Comment njco5yf
2025-11-19 17:14:57,452 - INFO - ✅ Comment njaf7k4
2025-11-19 17:14:57,816 - INFO - ✅ Comment nja41bx
2025-11-19 17:14:58,791 - INFO - ✅ Comment nj9oqeu
2025-11-19 17:14:59,375 - INFO - ✅ Comment njc2xum
2025-11-19 17:14:59,542 - INFO - ✅ Comment njacz92
2025-11-19 17:15:00,299 - INFO - ✅ Comment njbznf4
2025-11-19 17:15:00,643 - INFO - ✅ Comment njc5owl
2025-11-19 17:15:01,609 - INFO - ✅ Comment njehagc
2025-11-19 17:15:02,181 - INFO - ✅ Comment njffoam
2025-11-19 17:15:02,322 - INFO - ✅ Comment njbskjs
2025-11-19 17:15:03,093 - INFO - ✅ Comment njbfwod
2025-11-19 17:15:04,455 - INFO - ✅ Comment nja5pjv
2025-11-19 17:15:04,616 - INFO - ✅ Comment nj9qh3l
2025-11-19 17:15:05,175 - INFO - ✅ Comment njc7ito
2025-11-19 17:15:05,323 - INFO - ✅ Comment njgguan
2025-11-19 17:15:06,076 - INFO - ✅ Comment njc4q59
2025-11-19 17:15:07,451 - INFO - ✅ Comment njbrfwo
2025-11-19 17:15:07,616 - INFO - ✅ Comment njbwz2w
2025-11-19 17:15:08,213 - INFO - ✅ Comment nja6y7i
2025-11-19 17:15:08,388 - INFO - ✅ Comment njc8z9g
2025-11-19 17:15:09,148 - INFO - ✅ Comment njetwvu
2025-11-19 17:15:09,517 - INFO - ✅ Comment njbx83h
2025-11-19 17:15:09,517 - INFO - ✅ Comment nja87xe
2025-11-19 17:15:09,517 - INFO - ⚙️ Extracting data from post 1ojjtnz
2025-11-19 17:15:10,470 - INFO - ✅ Post 1ojjtnz
2025-11-19 17:15:11,872 - INFO - ⚙️ Extracting data from comments of post 1ojjtnz
2025-11-19 17:15:13,009 - INFO - ✅ Comment nm3jo83
2025-11-19 17:15:13,190 - INFO - ✅ Comment nm3rgsf
2025-11-19 17:15:13,351 - INFO - ✅ Comment nm3thpe
2025-11-19 17:15:13,506 - INFO - ✅ Comment nm5mrwx
2025-11-19 17:15:14,054 - INFO - ✅ Comment nm53ksw
2025-11-19 17:15:15,208 - INFO - ✅ Comment nm5f92y
2025-11-19 17:15:15,371 - INFO - ✅ Comment nm4etzh
2025-11-19 17:15:15,719 - INFO - ✅ Comment nm3q03f
2025-11-19 17:15:16,691 - INFO - ✅ Comment nm3ohj5
2025-11-19 17:15:17,242 - INFO - ✅ Comment nm4lp0o
2025-11-19 17:15:17,474 - INFO - ✅ Comment nm3r4t3
2025-11-19 17:15:18,243 - INFO - ✅ Comment nm62e7l
2025-11-19 17:15:18,630 - INFO - ✅ Comment nm3rl6r
2025-11-19 17:15:18,633 - INFO - ✅ Comment nm3wbmk
2025-11-19 17:15:19,584 - INFO - ✅ Comment nm3l5y0
2025-11-19 17:15:20,148 - INFO - ✅ Comment nm486ou
2025-11-19 17:15:20,321 - INFO - ✅ Comment nm3yz5k
2025-11-19 17:15:21,111 - INFO - ✅ Comment nm50mhy
2025-11-19 17:15:22,465 - INFO - ✅ Comment nm3kh8d
2025-11-19 17:15:22,629 - INFO - ✅ Comment nm44vvf
2025-11-19 17:15:23,175 - INFO - ✅ Comment nm57u1w
2025-11-19 17:15:23,351 - INFO - ✅ Comment nm58kym
2025-11-19 17:15:24,099 - INFO - ✅ Comment nm5ekuq
2025-11-19 17:15:25,467 - INFO - ✅ Comment nm5ix2w
2025-11-19 17:15:25,623 - INFO - ✅ Comment nm6agmi
2025-11-19 17:15:26,178 - INFO - ✅ Comment nm6dkwj
2025-11-19 17:15:26,346 - INFO - ✅ Comment nm7c2qh
2025-11-19 17:15:27,112 - INFO - ✅ Comment nm8b0vw
2025-11-19 17:15:28,478 - INFO - ✅ Comment nm3jzzo
2025-11-19 17:15:28,647 - INFO - ✅ Comment nm3p1yz
2025-11-19 17:15:29,190 - INFO - ✅ Comment nm421n7
2025-11-19 17:15:29,337 - INFO - ✅ Comment nm4czfx
2025-11-19 17:15:30,110 - INFO - ✅ Comment nm3kyp2
2025-11-19 17:15:31,455 - INFO - ✅ Comment nm3sad7
2025-11-19 17:15:31,617 - INFO - ✅ Comment nm3kgc5
2025-11-19 17:15:32,163 - INFO - ✅ Comment nm3md25
2025-11-19 17:15:32,305 - INFO - ✅ Comment nm3uogq
2025-11-19 17:15:33,062 - INFO - ✅ Comment nm3xvmc
2025-11-19 17:15:34,418 - INFO - ✅ Comment nm3lhfd
2025-11-19 17:15:34,602 - INFO - ✅ Comment nm3octh
2025-11-19 17:15:35,210 - INFO - ✅ Comment nm3rg6u
2025-11-19 17:15:35,412 - INFO - ✅ Comment nm3uyqj
2025-11-19 17:15:36,160 - INFO - ✅ Comment nm4cwr9
2025-11-19 17:15:36,550 - INFO - ✅ Comment nm3n2aq
2025-11-19 17:15:37,496 - INFO - ✅ Comment nm455pe
2025-11-19 17:15:38,038 - INFO - ✅ Comment nm4ojc7
2025-11-19 17:15:39,192 - INFO - ✅ Comment nm5gty8
2025-11-19 17:15:39,356 - INFO - ✅ Comment nm66rsj
2025-11-19 17:15:39,707 - INFO - ✅ Comment nm45j6n
2025-11-19 17:15:40,675 - INFO - ✅ Comment nm536bl
2025-11-19 17:15:41,216 - INFO - ✅ Comment nm43lqg
2025-11-19 17:15:41,355 - INFO - ✅ Comment nm4tta0
2025-11-19 17:15:42,125 - INFO - ✅ Comment nm5s1eb
2025-11-19 17:15:43,468 - INFO - ✅ Comment nm4asac
2025-11-19 17:15:43,631 - INFO - ✅ Comment nm4vsur
2025-11-19 17:15:44,209 - INFO - ✅ Comment nm3qxyq
2025-11-19 17:15:44,470 - INFO - ✅ Comment nm3q78v
2025-11-19 17:15:45,230 - INFO - ✅ Comment nm4u541
2025-11-19 17:15:45,584 - INFO - ✅ Comment nm6b91o
2025-11-19 17:15:46,530 - INFO - ✅ Comment nm3syr1
2025-11-19 17:15:47,095 - INFO - ✅ Comment nm4u8jh
2025-11-19 17:15:48,241 - INFO - ✅ Comment nm62m4s
2025-11-19 17:15:48,413 - INFO - ✅ Comment nm437py
2025-11-19 17:15:48,764 - INFO - ✅ Comment nm50sof
2025-11-19 17:15:50,414 - INFO - ✅ Comment nm3m544
2025-11-19 17:15:51,074 - INFO - ✅ Comment nm5t25d
2025-11-19 17:15:51,259 - INFO - ✅ Comment nm4uf5l
2025-11-19 17:15:51,438 - INFO - ✅ Comment nm46tcx
2025-11-19 17:15:51,831 - INFO - ✅ Comment nm4clya
2025-11-19 17:15:52,791 - INFO - ✅ Comment nm5xh1u
2025-11-19 17:15:52,791 - INFO - ✅ Comment nm3rb8b
2025-11-19 17:15:53,341 - INFO - ✅ Comment nm3o6rt
2025-11-19 17:15:53,489 - INFO - ✅ Comment nm3p23m
2025-11-19 17:15:54,293 - INFO - ✅ Comment nm3mwya
2025-11-19 17:15:54,669 - INFO - ✅ Comment nm3nlq8
2025-11-19 17:15:55,642 - INFO - ✅ Comment nm3qt23
2025-11-19 17:15:56,203 - INFO - ✅ Comment nm3pvch
2025-11-19 17:15:56,203 - INFO - ✅ Comment nm4149e
2025-11-19 17:15:56,373 - INFO - ✅ Comment nm5sf28
2025-11-19 17:15:57,162 - INFO - ✅ Comment nm3p69n
2025-11-19 17:15:57,529 - INFO - ✅ Comment nm46hj6
2025-11-19 17:15:58,494 - INFO - ✅ Comment nm4drkp
2025-11-19 17:15:59,061 - INFO - ✅ Comment nm4qx6g
2025-11-19 17:16:00,210 - INFO - ✅ Comment nmcxc5l
2025-11-19 17:16:00,374 - INFO - ✅ Comment nm62mvk
2025-11-19 17:16:00,755 - INFO - ✅ Comment nm46ay8
2025-11-19 17:16:01,725 - INFO - ✅ Comment nm4a33j
2025-11-19 17:16:02,297 - INFO - ✅ Comment nm5svfh
2025-11-19 17:16:02,470 - INFO - ✅ Comment nm5wbd3
2025-11-19 17:16:03,233 - INFO - ✅ Comment nm4z6zp
2025-11-19 17:16:03,579 - INFO - ✅ Comment nm70ue9
2025-11-19 17:16:04,574 - INFO - ✅ Comment nm64gvc
2025-11-19 17:16:05,190 - INFO - ✅ Comment nm53ybn
2025-11-19 17:16:05,190 - INFO - ✅ Comment nm595si
2025-11-19 17:16:05,398 - INFO - ✅ Comment nm58654
2025-11-19 17:16:06,241 - INFO - ✅ Comment nm50wfy
2025-11-19 17:16:06,618 - INFO - ✅ Comment nm3qaas
2025-11-19 17:16:07,579 - INFO - ✅ Comment nm3stll
2025-11-19 17:16:08,131 - INFO - ✅ Comment nm4ud1b
2025-11-19 17:16:08,304 - INFO - ✅ Comment nm4tmj3
2025-11-19 17:16:09,107 - INFO - ✅ Comment nmht0a1
2025-11-19 17:16:10,468 - INFO - ✅ Comment nm5s9n9
2025-11-19 17:16:10,610 - INFO - ✅ Comment nm6rgff
2025-11-19 17:16:11,174 - INFO - ✅ Comment nm3wub5
2025-11-19 17:16:11,322 - INFO - ✅ Comment nm3t4yx
2025-11-19 17:16:12,091 - INFO - ✅ Comment nm5slw0
2025-11-19 17:16:13,441 - INFO - ✅ Comment nm3rbyf
2025-11-19 17:16:13,595 - INFO - ✅ Comment nm3ra65
2025-11-19 17:16:14,144 - INFO - ✅ Comment nm3rpaw
2025-11-19 17:16:14,293 - INFO - ✅ Comment nm41jye
2025-11-19 17:16:15,058 - INFO - ✅ Comment nm3s8od
2025-11-19 17:16:16,410 - INFO - ✅ Comment nm4tug8
2025-11-19 17:16:16,572 - INFO - ✅ Comment nmd0hh8
2025-11-19 17:16:17,121 - INFO - ✅ Comment nm6m5v7
2025-11-19 17:16:18,274 - INFO - ✅ Comment nm4cyke
2025-11-19 17:16:18,431 - INFO - ✅ Comment nm471re
2025-11-19 17:16:18,777 - INFO - ✅ Comment nm4anua
2025-11-19 17:16:19,727 - INFO - ✅ Comment nm71b03
2025-11-19 17:16:20,276 - INFO - ✅ Comment nm71jac
2025-11-19 17:16:20,462 - INFO - ✅ Comment nm6lhfx
2025-11-19 17:16:21,231 - INFO - ✅ Comment nm5yy6c
2025-11-19 17:16:21,574 - INFO - ✅ Comment nm5yuru
2025-11-19 17:16:22,524 - INFO - ✅ Comment nm5s3fu
2025-11-19 17:16:23,074 - INFO - ✅ Comment nm5xlle
2025-11-19 17:16:24,271 - INFO - ✅ Comment nm5057k
2025-11-19 17:16:24,427 - INFO - ✅ Comment nm5d6oj
2025-11-19 17:16:24,765 - INFO - ✅ Comment nm5sd1p
2025-11-19 17:16:25,692 - INFO - ✅ Comment nm3rzyt
2025-11-19 17:16:26,261 - INFO - ✅ Comment nm47btv
2025-11-19 17:16:26,431 - INFO - ✅ Comment nm3sqd1
2025-11-19 17:16:26,431 - INFO - ✅ Comment nm421ew
2025-11-19 17:16:27,183 - INFO - ✅ Comment nm4vlz7
2025-11-19 17:16:27,545 - INFO - ✅ Comment nm4dhhw
2025-11-19 17:16:28,493 - INFO - ✅ Comment nm48ahc
2025-11-19 17:16:29,059 - INFO - ✅ Comment nm4b6s0
2025-11-19 17:16:30,211 - INFO - ✅ Comment nm7px63
2025-11-19 17:16:30,211 - INFO - ✅ Comment nm5sjt2
2025-11-19 17:16:30,374 - INFO - ✅ Comment nm3s3ik
2025-11-19 17:16:30,740 - INFO - ✅ Comment nm47ts1
2025-11-19 17:16:31,687 - INFO - ✅ Comment nm3tset
2025-11-19 17:16:32,258 - INFO - ✅ Comment nm42zzw
2025-11-19 17:16:32,408 - INFO - ✅ Comment nm4xpaf
2025-11-19 17:16:33,176 - INFO - ✅ Comment nm498aj
2025-11-19 17:16:33,551 - INFO - ✅ Comment nm4ciej
2025-11-19 17:16:34,525 - INFO - ✅ Comment nm5sr7t
2025-11-19 17:16:35,096 - INFO - ✅ Comment nm3so23
2025-11-19 17:16:35,096 - INFO - ✅ Comment nm43n52
2025-11-19 17:16:36,275 - INFO - ✅ Comment nm4ameb
2025-11-19 17:16:36,438 - INFO - ✅ Comment nm4lsre
2025-11-19 17:16:36,439 - INFO - ✅ Comment nm5syof
2025-11-19 17:16:36,785 - INFO - ✅ Comment nm3umn3
2025-11-19 17:16:37,775 - INFO - ✅ Comment nm43tuf
2025-11-19 17:16:38,345 - INFO - ✅ Comment nm4bmpw
2025-11-19 17:16:38,507 - INFO - ✅ Comment nm4ncuq
2025-11-19 17:16:39,274 - INFO - ✅ Comment nm3v76b
2025-11-19 17:16:39,617 - INFO - ✅ Comment nm3vfgw
2025-11-19 17:16:40,609 - INFO - ✅ Comment nm3vo4s
2025-11-19 17:16:40,609 - INFO - ⚙️ Extracting data from post 1mctwpa
2025-11-19 17:16:41,178 - INFO - ✅ Post 1mctwpa
2025-11-19 17:16:42,107 - INFO - ⚙️ Extracting data from comments of post 1mctwpa
2025-11-19 17:16:42,859 - INFO - ✅ Comment n5wkchi
2025-11-19 17:16:43,253 - INFO - ✅ Comment n5wm7xy
2025-11-19 17:16:43,424 - INFO - ✅ Comment n5x123i
2025-11-19 17:16:43,424 - INFO - ✅ Comment n5ws71b
2025-11-19 17:16:43,992 - INFO - ✅ Comment n5wy0vd
2025-11-19 17:16:45,169 - INFO - ✅ Comment n5wles3
2025-11-19 17:16:45,337 - INFO - ✅ Comment n5y58f7
2025-11-19 17:16:45,693 - INFO - ✅ Comment n5wnms6
2025-11-19 17:16:46,674 - INFO - ✅ Comment n5wz40v
2025-11-19 17:16:47,232 - INFO - ✅ Comment n5wyxg7
2025-11-19 17:16:47,390 - INFO - ✅ Comment n5wrc55
2025-11-19 17:16:48,176 - INFO - ✅ Comment n5ymx8v
2025-11-19 17:16:48,541 - INFO - ✅ Comment n5y5njk
2025-11-19 17:16:49,511 - INFO - ✅ Comment n5xyyyp
2025-11-19 17:16:50,096 - INFO - ✅ Comment n5zf6sw
2025-11-19 17:16:51,259 - INFO - ✅ Comment n5wqiqp
2025-11-19 17:16:51,423 - INFO - ✅ Comment n5wl6kv
2025-11-19 17:16:51,796 - INFO - ✅ Comment n5x5pp3
2025-11-19 17:16:52,742 - INFO - ✅ Comment n5xfc99
2025-11-19 17:16:53,325 - INFO - ✅ Comment n5wmj8f
2025-11-19 17:16:53,488 - INFO - ✅ Comment n605wb5
2025-11-19 17:16:53,488 - INFO - ✅ Comment n5wov39
2025-11-19 17:16:54,258 - INFO - ✅ Comment n5wwogu
2025-11-19 17:16:54,633 - INFO - ✅ Comment n5wz41r
2025-11-19 17:16:54,638 - INFO - ✅ Comment n5xduz3
2025-11-19 17:16:55,597 - INFO - ✅ Comment n5wz9l2
2025-11-19 17:16:56,158 - INFO - ✅ Comment n5xts70
2025-11-19 17:16:56,320 - INFO - ✅ Comment n5xtk5r
2025-11-19 17:16:57,091 - INFO - ✅ Comment n5x6wa7
2025-11-19 17:16:58,444 - INFO - ✅ Comment n5xyv0a
2025-11-19 17:16:58,607 - INFO - ✅ Comment n5y8sc6
2025-11-19 17:16:59,174 - INFO - ✅ Comment n5xejl4
2025-11-19 17:16:59,352 - INFO - ✅ Comment n5xlm40
2025-11-19 17:17:00,118 - INFO - ✅ Comment n5wmhht
2025-11-19 17:17:01,479 - INFO - ✅ Comment n5x6mbi
2025-11-19 17:17:01,480 - INFO - ✅ Comment n5wmyiu
2025-11-19 17:17:01,647 - INFO - ✅ Comment n5wydap
2025-11-19 17:17:02,208 - INFO - ✅ Comment n5xzyhq
2025-11-19 17:17:02,208 - INFO - ✅ Comment n5x22ux
2025-11-19 17:17:02,399 - INFO - ✅ Comment n5xd1qp
2025-11-19 17:17:03,180 - INFO - ✅ Comment n5xjk6c
2025-11-19 17:17:03,547 - INFO - ✅ Comment n5x1tom
2025-11-19 17:17:04,491 - INFO - ✅ Comment n5wndgt
2025-11-19 17:17:05,081 - INFO - ✅ Comment n5yib00
2025-11-19 17:17:06,254 - INFO - ✅ Comment n5y0i9z
2025-11-19 17:17:06,422 - INFO - ✅ Comment n5xz7x2
2025-11-19 17:17:06,807 - INFO - ✅ Comment n5zkx92
2025-11-19 17:17:07,779 - INFO - ✅ Comment n5x2zke
2025-11-19 17:17:08,344 - INFO - ✅ Comment n5wzqvy
2025-11-19 17:17:08,510 - INFO - ✅ Comment n5wqqke
2025-11-19 17:17:09,276 - INFO - ✅ Comment n5x8fov
2025-11-19 17:17:09,276 - INFO - ✅ Comment n5x1v0z
2025-11-19 17:17:09,665 - INFO - ✅ Comment n5xvpjj
2025-11-19 17:17:10,611 - INFO - ✅ Comment n5ze1g1
2025-11-19 17:17:11,183 - INFO - ✅ Comment n5yx2rb
2025-11-19 17:17:11,352 - INFO - ✅ Comment n5z7ma5
2025-11-19 17:17:12,129 - INFO - ✅ Comment n5xbune
2025-11-19 17:17:13,497 - INFO - ✅ Comment n5y52q9
2025-11-19 17:17:13,497 - INFO - ✅ Comment n5yajmp
2025-11-19 17:17:13,663 - INFO - ✅ Comment n5zeypm
2025-11-19 17:17:14,225 - INFO - ✅ Comment n5x3z46
2025-11-19 17:17:14,225 - INFO - ✅ Comment n5xh97f
2025-11-19 17:17:14,373 - INFO - ✅ Comment n5x7g9t
2025-11-19 17:17:15,148 - INFO - ✅ Comment n60xiwz
2025-11-19 17:17:15,517 - INFO - ✅ Comment n5yj8se
2025-11-19 17:17:16,474 - INFO - ✅ Comment n5xlqw7
2025-11-19 17:17:17,050 - INFO - ✅ Comment n5yisbm
2025-11-19 17:17:18,208 - INFO - ✅ Comment n5x3qmz
2025-11-19 17:17:18,379 - INFO - ✅ Comment n5xn5o4
2025-11-19 17:17:18,737 - INFO - ✅ Comment n5ybu2f
2025-11-19 17:17:19,711 - INFO - ✅ Comment n5x3vnx
2025-11-19 17:17:20,279 - INFO - ✅ Comment n5x04pb
2025-11-19 17:17:20,456 - INFO - ✅ Comment n5xwxy2
2025-11-19 17:17:21,225 - INFO - ✅ Comment n5xduhr
2025-11-19 17:17:21,565 - INFO - ✅ Comment n5xon4j
2025-11-19 17:17:22,575 - INFO - ✅ Comment n5xql8b
2025-11-19 17:17:23,145 - INFO - ✅ Comment n5ypuj8
2025-11-19 17:17:23,322 - INFO - ✅ Comment n62jzqy
2025-11-19 17:17:24,092 - INFO - ✅ Comment n5y64g7
2025-11-19 17:17:25,459 - INFO - ✅ Comment n5yci2x
2025-11-19 17:17:25,627 - INFO - ✅ Comment n5yxk0j
2025-11-19 17:17:26,180 - INFO - ✅ Comment n5zo2qs
2025-11-19 17:17:26,342 - INFO - ✅ Comment n60c28k
2025-11-19 17:17:27,093 - INFO - ✅ Comment n5xbrgo
2025-11-19 17:17:28,472 - INFO - ✅ Comment n5xhst4
2025-11-19 17:17:28,639 - INFO - ✅ Comment n5xbtrn
2025-11-19 17:17:29,200 - INFO - ✅ Comment n5ycjbg
2025-11-19 17:17:29,356 - INFO - ✅ Comment n5x7n51
2025-11-19 17:17:30,119 - INFO - ✅ Comment n5y9aof
2025-11-19 17:17:31,479 - INFO - ✅ Comment n5y4z1r
2025-11-19 17:17:31,661 - INFO - ✅ Comment n60imok
2025-11-19 17:17:32,234 - INFO - ✅ Comment n5xy3ra
2025-11-19 17:17:32,389 - INFO - ✅ Comment n5z0h60
2025-11-19 17:17:33,168 - INFO - ✅ Comment n5z1z3a
2025-11-19 17:17:33,547 - INFO - ✅ Comment n5zeedo
2025-11-19 17:17:34,508 - INFO - ✅ Comment n60f2m1
2025-11-19 17:17:34,508 - INFO - ✅ Comment n5xj6iz
2025-11-19 17:17:35,085 - INFO - ✅ Comment n5xjalp
2025-11-19 17:17:36,242 - INFO - ✅ Comment n5ym4o7
2025-11-19 17:17:36,402 - INFO - ✅ Comment n5yeero
2025-11-19 17:17:36,765 - INFO - ✅ Comment n5yms7y
2025-11-19 17:17:37,736 - INFO - ✅ Comment n5y0puk
2025-11-19 17:17:38,313 - INFO - ✅ Comment n5y0yky
2025-11-19 17:17:38,470 - INFO - ✅ Comment n5z50m2
2025-11-19 17:17:39,241 - INFO - ✅ Comment n60fsps
2025-11-19 17:17:39,617 - INFO - ✅ Comment n5yzlmr
2025-11-19 17:17:40,590 - INFO - ✅ Comment n5z051h
2025-11-19 17:17:41,137 - INFO - ✅ Comment n5z1sbc
2025-11-19 17:17:41,308 - INFO - ✅ Comment n5yence
2025-11-19 17:17:42,057 - INFO - ✅ Comment n5y3ord
2025-11-19 17:17:43,429 - INFO - ✅ Comment n5zn1nq
2025-11-19 17:17:43,607 - INFO - ✅ Comment n5zdb17
2025-11-19 17:17:44,180 - INFO - ✅ Comment n63306v
2025-11-19 17:17:44,368 - INFO - ✅ Comment n60k5p7
2025-11-19 17:17:45,124 - INFO - ✅ Comment n5zk63w
2025-11-19 17:17:46,486 - INFO - ✅ Comment n5ygtzz
2025-11-19 17:17:46,662 - INFO - ✅ Comment n5zfxs0
2025-11-19 17:17:47,228 - INFO - ✅ Comment n5y4a3u
2025-11-19 17:17:47,403 - INFO - ✅ Comment n6070ah
2025-11-19 17:17:48,177 - INFO - ✅ Comment n5zrmyq
2025-11-19 17:17:48,552 - INFO - ✅ Comment n60khwp
2025-11-19 17:17:49,529 - INFO - ✅ Comment n6334ll
2025-11-19 17:17:51,290 - INFO - ✅ Comment n5yh0ro
2025-11-19 17:17:52,443 - INFO - ✅ Comment n60bn4n
2025-11-19 17:17:52,640 - INFO - ✅ Comment n5y72q7
2025-11-19 17:17:52,831 - INFO - ✅ Comment n60kw8l
2025-11-19 17:17:53,019 - INFO - ✅ Comment n5ykhad
2025-11-19 17:17:53,600 - INFO - ✅ Comment n60deht
2025-11-19 17:17:53,778 - INFO - ✅ Comment n5y76uf
2025-11-19 17:17:54,540 - INFO - ✅ Comment n60l1uj
2025-11-19 17:17:54,879 - INFO - ✅ Comment n5ynlzz
2025-11-19 17:17:55,847 - INFO - ✅ Comment n60dy6a
2025-11-19 17:17:56,414 - INFO - ✅ Comment n5z0o47
2025-11-19 17:17:56,603 - INFO - ✅ Comment n5ymqv1
2025-11-19 17:17:57,387 - INFO - ✅ Comment n60gk0n
2025-11-19 17:17:57,387 - INFO - ⚙️ Extracting data from post 1ndqp8o
2025-11-19 17:17:57,743 - INFO - ✅ Post 1ndqp8o
2025-11-19 17:17:59,431 - INFO - ⚙️ Extracting data from comments of post 1ndqp8o
2025-11-19 17:17:59,974 - INFO - ✅ Comment nditzb3
2025-11-19 17:18:00,149 - INFO - ✅ Comment ndiuybm
2025-11-19 17:18:00,307 - INFO - ✅ Comment ndiujou
2025-11-19 17:18:00,667 - INFO - ✅ Comment ndjgzhz
2025-11-19 17:18:01,635 - INFO - ✅ Comment ndj0t93
2025-11-19 17:18:02,197 - INFO - ✅ Comment ndiu6l1
2025-11-19 17:18:02,361 - INFO - ✅ Comment ndizryv
2025-11-19 17:18:03,149 - INFO - ✅ Comment ndjuaff
2025-11-19 17:18:04,516 - INFO - ✅ Comment ndiujdo
2025-11-19 17:18:04,705 - INFO - ✅ Comment ndiwp9t
2025-11-19 17:18:04,706 - INFO - ✅ Comment ndiu4oy
2025-11-19 17:18:05,274 - INFO - ✅ Comment ndiul9m
2025-11-19 17:18:05,444 - INFO - ✅ Comment ndk000a
2025-11-19 17:18:06,207 - INFO - ✅ Comment ndjukh4
2025-11-19 17:18:07,074 - INFO - ✅ Comment ndium5n
2025-11-19 17:18:08,041 - INFO - ✅ Comment ndiwaac
2025-11-19 17:18:08,601 - INFO - ✅ Comment ndj1u57
2025-11-19 17:18:08,756 - INFO - ✅ Comment ndiuog9
2025-11-19 17:18:09,526 - INFO - ✅ Comment nditzdy
2025-11-19 17:18:09,872 - INFO - ✅ Comment ndlv8y9
2025-11-19 17:18:10,845 - INFO - ✅ Comment ndiurce
2025-11-19 17:18:10,845 - INFO - ✅ Comment ndivp7v
2025-11-19 17:18:10,845 - INFO - ✅ Comment ndiuvkt
2025-11-19 17:18:11,431 - INFO - ✅ Comment ndiv8d6
2025-11-19 17:18:11,590 - INFO - ✅ Comment ndj1jwc
2025-11-19 17:18:11,590 - INFO - ✅ Comment ndj87md
2025-11-19 17:18:12,354 - INFO - ✅ Comment ndj18f6
2025-11-19 17:18:12,715 - INFO - ✅ Comment ndj2sdq
2025-11-19 17:18:12,715 - INFO - ✅ Comment ndkeb0o
2025-11-19 17:18:13,677 - INFO - ✅ Comment ndj0uad
2025-11-19 17:18:14,231 - INFO - ✅ Comment ndixny9
2025-11-19 17:18:14,403 - INFO - ✅ Comment ndiunp5
2025-11-19 17:18:15,161 - INFO - ✅ Comment ndltapi
2025-11-19 17:18:15,552 - INFO - ✅ Comment ndkisbb
2025-11-19 17:18:15,552 - INFO - ✅ Comment ndivb3c
2025-11-19 17:18:16,521 - INFO - ✅ Comment ndiuv96
2025-11-19 17:18:17,094 - INFO - ✅ Comment ndivdla
2025-11-19 17:18:18,268 - INFO - ✅ Comment ndj6z8s
2025-11-19 17:18:18,430 - INFO - ✅ Comment ndky6dw
2025-11-19 17:18:18,797 - INFO - ✅ Comment ndj2323
2025-11-19 17:18:19,778 - INFO - ✅ Comment ndiylgq
2025-11-19 17:18:20,340 - INFO - ✅ Comment ndvbb78
2025-11-19 17:18:20,340 - INFO - ✅ Comment ndiui8u
2025-11-19 17:18:20,514 - INFO - ✅ Comment ndklwzr
2025-11-19 17:18:20,514 - INFO - ✅ Comment ndj2wxi
2025-11-19 17:18:21,278 - INFO - ✅ Comment ndkfmis
2025-11-19 17:18:21,641 - INFO - ✅ Comment ndiui76
2025-11-19 17:18:22,614 - INFO - ✅ Comment ndiuo84
2025-11-19 17:18:22,614 - INFO - ✅ Comment ndiuh2k
2025-11-19 17:18:23,192 - INFO - ✅ Comment ndjdhha
2025-11-19 17:18:23,367 - INFO - ✅ Comment ndiv094
2025-11-19 17:18:23,367 - INFO - ✅ Comment ndiuuo4
2025-11-19 17:18:24,126 - INFO - ✅ Comment ndiw1rj
2025-11-19 17:18:25,494 - INFO - ✅ Comment ndixiw3
2025-11-19 17:18:25,495 - INFO - ✅ Comment ndix2n1
2025-11-19 17:18:25,664 - INFO - ✅ Comment ndj1zc6
2025-11-19 17:18:26,227 - INFO - ✅ Comment ndja9ud
2025-11-19 17:18:26,409 - INFO - ✅ Comment ndk183g
2025-11-19 17:18:27,181 - INFO - ✅ Comment ndj41gz
2025-11-19 17:18:27,569 - INFO - ✅ Comment ndj3tot
2025-11-19 17:18:28,539 - INFO - ✅ Comment ndj386y
2025-11-19 17:18:29,093 - INFO - ✅ Comment ndjc3hu
2025-11-19 17:18:30,282 - INFO - ✅ Comment ndj3lyf
2025-11-19 17:18:30,471 - INFO - ✅ Comment ndjcgvu
2025-11-19 17:18:30,473 - INFO - ✅ Comment ndixiux
2025-11-19 17:18:30,837 - INFO - ✅ Comment ndivxbn
2025-11-19 17:18:31,791 - INFO - ✅ Comment ndix5l1
2025-11-19 17:18:32,358 - INFO - ✅ Comment ndk8x1h
2025-11-19 17:18:32,523 - INFO - ✅ Comment ndvlthr
2025-11-19 17:18:33,307 - INFO - ✅ Comment ndiuslb
2025-11-19 17:18:33,722 - INFO - ✅ Comment ndivaui
2025-11-19 17:18:34,691 - INFO - ✅ Comment ndkmsn0
2025-11-19 17:18:35,244 - INFO - ✅ Comment ndiupxe
2025-11-19 17:18:35,244 - INFO - ✅ Comment ndjdj2b
2025-11-19 17:18:35,405 - INFO - ✅ Comment ndiwf5q
2025-11-19 17:18:35,405 - INFO - ✅ Comment ndixw6e
2025-11-19 17:18:36,179 - INFO - ✅ Comment ndj8kwh
2025-11-19 17:18:36,533 - INFO - ✅ Comment ndjera1
2025-11-19 17:18:37,530 - INFO - ✅ Comment ndj3zy2
2025-11-19 17:18:38,092 - INFO - ✅ Comment ndj3dhb
2025-11-19 17:18:39,258 - INFO - ✅ Comment ndjh5f9
2025-11-19 17:18:39,430 - INFO - ✅ Comment ndj21bg
2025-11-19 17:18:39,844 - INFO - ✅ Comment ndiw8d9
2025-11-19 17:18:40,808 - INFO - ✅ Comment ndiwssh
2025-11-19 17:18:41,379 - INFO - ✅ Comment ndkcscc
2025-11-19 17:18:41,379 - INFO - ✅ Comment ndkybgw
2025-11-19 17:18:41,557 - INFO - ✅ Comment ndvwiuh
2025-11-19 17:18:41,559 - INFO - ✅ Comment ndiwnb5
2025-11-19 17:18:42,325 - INFO - ✅ Comment ndj6e4o
2025-11-19 17:18:42,695 - INFO - ✅ Comment ndknikf
2025-11-19 17:18:43,659 - INFO - ✅ Comment ndiux5k
2025-11-19 17:18:44,246 - INFO - ✅ Comment ndj1ph0
2025-11-19 17:18:44,420 - INFO - ✅ Comment ndixsxw
2025-11-19 17:18:44,420 - INFO - ✅ Comment ndjw07j
2025-11-19 17:18:44,420 - INFO - ✅ Comment ndiydy2
2025-11-19 17:18:45,207 - INFO - ✅ Comment ndizlvy
2025-11-19 17:18:45,579 - INFO - ✅ Comment ndjajui
2025-11-19 17:18:46,541 - INFO - ✅ Comment ndjl590
2025-11-19 17:18:47,113 - INFO - ✅ Comment ndjexvj
2025-11-19 17:18:48,279 - INFO - ✅ Comment ndjfv32
2025-11-19 17:18:48,451 - INFO - ✅ Comment ndji3ed
2025-11-19 17:18:48,798 - INFO - ✅ Comment ndj6n70
2025-11-19 17:18:49,758 - INFO - ✅ Comment ndixgu9
2025-11-19 17:18:50,345 - INFO - ✅ Comment ndiy48v
2025-11-19 17:18:50,345 - INFO - ✅ Comment ndj0noh
2025-11-19 17:18:50,345 - INFO - ✅ Comment ndki3hj
2025-11-19 17:18:50,509 - INFO - ✅ Comment ndjb3i2
2025-11-19 17:18:51,275 - INFO - ✅ Comment ndjq0o3
2025-11-19 17:18:51,652 - INFO - ✅ Comment ndl30gf
2025-11-19 17:18:52,631 - INFO - ✅ Comment ndjll64
2025-11-19 17:18:53,194 - INFO - ✅ Comment ndjyv9l
2025-11-19 17:18:53,359 - INFO - ✅ Comment ndizrhm
2025-11-19 17:18:53,359 - INFO - ✅ Comment ndj0v2w
2025-11-19 17:18:54,142 - INFO - ✅ Comment ndjcr1n
2025-11-19 17:18:55,500 - INFO - ✅ Comment ndjcinq
2025-11-19 17:18:55,667 - INFO - ✅ Comment ndq5yuo
2025-11-19 17:18:56,231 - INFO - ✅ Comment ndj1xhm
2025-11-19 17:18:56,387 - INFO - ✅ Comment ndq68w7
2025-11-19 17:18:57,160 - INFO - ✅ Comment ndq9cl4
2025-11-19 17:18:57,160 - INFO - ⚙️ Extracting data from post 1o5c29r
2025-11-19 17:18:57,502 - INFO - ✅ Post 1o5c29r
2025-11-19 17:18:59,267 - INFO - ⚙️ Extracting data from comments of post 1o5c29r
2025-11-19 17:18:59,809 - INFO - ✅ Comment nj8bmsi
2025-11-19 17:18:59,987 - INFO - ✅ Comment nj8e4mp
2025-11-19 17:19:00,760 - INFO - ✅ Comment nj8bzye
2025-11-19 17:19:01,138 - INFO - ✅ Comment nj8t97i
2025-11-19 17:19:02,108 - INFO - ✅ Comment nj8jcbi
2025-11-19 17:19:02,679 - INFO - ✅ Comment nj8dr75
2025-11-19 17:19:02,837 - INFO - ✅ Comment nj8eor7
2025-11-19 17:19:03,724 - INFO - ✅ Comment nj9882l
2025-11-19 17:19:04,098 - INFO - ✅ Comment nj8hm37
2025-11-19 17:19:05,050 - INFO - ✅ Comment nj8m981
2025-11-19 17:19:05,608 - INFO - ✅ Comment nj8vw6i
2025-11-19 17:19:05,770 - INFO - ✅ Comment nj8j7pi
2025-11-19 17:19:06,544 - INFO - ✅ Comment nj8d8gp
2025-11-19 17:19:06,921 - INFO - ✅ Comment nj8i6vz
2025-11-19 17:19:07,873 - INFO - ✅ Comment nj93pa9
2025-11-19 17:19:07,873 - INFO - ✅ Comment nj9bzkt
2025-11-19 17:19:08,429 - INFO - ✅ Comment nj93u8y
2025-11-19 17:19:08,604 - INFO - ✅ Comment nj8lawf
2025-11-19 17:19:09,358 - INFO - ✅ Comment nj8hbhl
2025-11-19 17:19:09,754 - INFO - ✅ Comment nj8qoba
2025-11-19 17:19:09,755 - INFO - ✅ Comment nj8ugam
2025-11-19 17:19:10,709 - INFO - ✅ Comment nj8v2i5
2025-11-19 17:19:11,292 - INFO - ✅ Comment nj9qqez
2025-11-19 17:19:11,472 - INFO - ✅ Comment nj8vblk
2025-11-19 17:19:12,257 - INFO - ✅ Comment nj8qrc9
2025-11-19 17:19:12,630 - INFO - ✅ Comment nj8qtbx
2025-11-19 17:19:13,627 - INFO - ✅ Comment nj9o5ff
2025-11-19 17:19:14,190 - INFO - ✅ Comment nj8s698
2025-11-19 17:19:14,357 - INFO - ✅ Comment nj8fnr9
2025-11-19 17:19:14,357 - INFO - ✅ Comment nj8f0ix
2025-11-19 17:19:15,124 - INFO - ✅ Comment nj8qgkg
2025-11-19 17:19:16,491 - INFO - ✅ Comment nj8i2ri
2025-11-19 17:19:16,649 - INFO - ✅ Comment nj8jgic
2025-11-19 17:19:17,592 - INFO - ✅ Comment nj8fl2u
2025-11-19 17:19:17,792 - INFO - ✅ Comment nj8m7f7
2025-11-19 17:19:18,559 - INFO - ✅ Comment nj9uwji
2025-11-19 17:19:18,931 - INFO - ✅ Comment nj9rzgp
2025-11-19 17:19:19,907 - INFO - ✅ Comment nj8hrem
2025-11-19 17:19:20,478 - INFO - ✅ Comment nj8wwai
2025-11-19 17:19:20,637 - INFO - ✅ Comment nj8w676
2025-11-19 17:19:21,408 - INFO - ✅ Comment nj9lwjv
2025-11-19 17:19:21,781 - INFO - ✅ Comment nja8agq
2025-11-19 17:19:23,700 - INFO - ✅ Comment nje5adj
2025-11-19 17:19:24,277 - INFO - ✅ Comment nj8rdav
2025-11-19 17:19:24,442 - INFO - ✅ Comment nj9pr70
2025-11-19 17:19:24,442 - INFO - ✅ Comment nj8vfdt
2025-11-19 17:19:24,610 - INFO - ✅ Comment nj8sfps
2025-11-19 17:19:24,967 - INFO - ✅ Comment nj8hdmz
2025-11-19 17:19:25,959 - INFO - ✅ Comment nj8hh6a
2025-11-19 17:19:26,523 - INFO - ✅ Comment nj8gsed
2025-11-19 17:19:26,692 - INFO - ✅ Comment nj8f3n2
2025-11-19 17:19:27,458 - INFO - ✅ Comment nj8fmpj
2025-11-19 17:19:27,858 - INFO - ✅ Comment nj8farl
2025-11-19 17:19:28,813 - INFO - ✅ Comment nj8uz3x
2025-11-19 17:19:29,367 - INFO - ✅ Comment nja6zq0
2025-11-19 17:19:29,530 - INFO - ✅ Comment nja2pf2
2025-11-19 17:19:30,293 - INFO - ✅ Comment nj8i9px
2025-11-19 17:19:30,293 - INFO - ✅ Comment nj8h0ws
2025-11-19 17:19:30,674 - INFO - ✅ Comment nj8hpf3
2025-11-19 17:19:31,636 - INFO - ✅ Comment nj8npx9
2025-11-19 17:19:32,200 - INFO - ✅ Comment njbzktd
2025-11-19 17:19:32,363 - INFO - ✅ Comment nj8j6ks
2025-11-19 17:19:33,124 - INFO - ✅ Comment nj8m7vm
2025-11-19 17:19:33,124 - INFO - ✅ Comment nj8xd1b
2025-11-19 17:19:34,472 - INFO - ✅ Comment njanpa0
2025-11-19 17:19:34,653 - INFO - ✅ Comment njaq7um
2025-11-19 17:19:35,205 - INFO - ✅ Comment nj8rs0x
2025-11-19 17:19:35,374 - INFO - ✅ Comment nj9m4er
2025-11-19 17:19:36,123 - INFO - ✅ Comment nj8ywk0
2025-11-19 17:19:37,484 - INFO - ✅ Comment nj8t811
2025-11-19 17:19:37,636 - INFO - ✅ Comment nj8uf4r
2025-11-19 17:19:38,203 - INFO - ✅ Comment nj8hnlu
2025-11-19 17:19:38,371 - INFO - ✅ Comment nj8m67a
2025-11-19 17:19:39,137 - INFO - ✅ Comment nj8hp32
2025-11-19 17:19:39,489 - INFO - ✅ Comment nj8vla1
2025-11-19 17:19:40,455 - INFO - ✅ Comment nj8mq3p
2025-11-19 17:19:41,008 - INFO - ✅ Comment nj8u1lm
2025-11-19 17:19:42,155 - INFO - ✅ Comment nj8ozzz
2025-11-19 17:19:42,322 - INFO - ✅ Comment nj8mfp6
2025-11-19 17:19:42,705 - INFO - ✅ Comment nj8xi42
2025-11-19 17:19:43,660 - INFO - ✅ Comment njdypst
2025-11-19 17:19:44,227 - INFO - ✅ Comment nj96nz5
2025-11-19 17:19:44,404 - INFO - ✅ Comment nj90pb7
2025-11-19 17:19:45,160 - INFO - ✅ Comment nj8zk2f
2025-11-19 17:19:45,530 - INFO - ✅ Comment nj8jvdx
2025-11-19 17:19:46,498 - INFO - ✅ Comment nj8md5m
2025-11-19 17:19:47,404 - INFO - ✅ Comment nj8qbkq
2025-11-19 17:19:48,554 - INFO - ✅ Comment nj8utvb
2025-11-19 17:19:48,718 - INFO - ✅ Comment nj8k8m5
2025-11-19 17:19:49,082 - INFO - ✅ Comment nj8jozp
2025-11-19 17:19:50,032 - INFO - ✅ Comment nj8wrch
2025-11-19 17:19:50,588 - INFO - ✅ Comment nj8wtp7
2025-11-19 17:19:50,753 - INFO - ✅ Comment nj8yae3
2025-11-19 17:19:51,493 - INFO - ✅ Comment njegbvf
2025-11-19 17:19:51,856 - INFO - ✅ Comment nj98xl5
2025-11-19 17:19:52,843 - INFO - ✅ Comment nj929oi
2025-11-19 17:19:53,397 - INFO - ✅ Comment nj91nyb
2025-11-19 17:19:53,554 - INFO - ✅ Comment nj8sd78
2025-11-19 17:19:54,322 - INFO - ✅ Comment njalxrj
2025-11-19 17:19:54,679 - INFO - ✅ Comment njapjk3
2025-11-19 17:19:55,645 - INFO - ✅ Comment njfd0rg
2025-11-19 17:19:56,217 - INFO - ✅ Comment nj9bn8y
2025-11-19 17:19:56,374 - INFO - ✅ Comment nj9d3pr
2025-11-19 17:19:57,146 - INFO - ✅ Comment nj935vk
2025-11-19 17:19:57,511 - INFO - ✅ Comment nj93grp
2025-11-19 17:19:58,474 - INFO - ✅ Comment nj91xnt
2025-11-19 17:19:59,041 - INFO - ✅ Comment njamnmn
2025-11-19 17:20:00,215 - INFO - ✅ Comment njap42z
2025-11-19 17:20:00,372 - INFO - ✅ Comment njaqfr0
2025-11-19 17:20:00,730 - INFO - ✅ Comment njge7d2
2025-11-19 17:20:01,692 - INFO - ✅ Comment nj9d27v
2025-11-19 17:20:02,240 - INFO - ✅ Comment nj9m6nw
2025-11-19 17:20:02,405 - INFO - ✅ Comment njap7fm
2025-11-19 17:20:03,168 - INFO - ✅ Comment njiob8b
2025-11-19 17:20:03,534 - INFO - ✅ Comment nj9j9iy
2025-11-19 17:20:04,487 - INFO - ✅ Comment njaq6et
2025-11-19 17:20:05,028 - INFO - ✅ Comment njkkorl
2025-11-19 17:20:06,197 - INFO - ✅ Comment nj9l70r
2025-11-19 17:20:06,197 - INFO - -> Unique POSTS: 8 | Unique COMMENTS: 1051
2025-11-19 17:20:07,404 - INFO - Processing r/Conservative | Query: '((gaza OR palestine*) AND (ham...' | Sort: relevance
2025-11-19 17:20:07,874 - INFO - ⚙️ Extracting data from post 1mf5v15
2025-11-19 17:20:08,072 - INFO - ✅ Post 1mf5v15
2025-11-19 17:20:08,701 - INFO - ⚙️ Extracting data from comments of post 1mf5v15
2025-11-19 17:20:08,869 - INFO - ✅ Comment n6elbnq
2025-11-19 17:20:09,041 - INFO - ✅ Comment n6el3zx
2025-11-19 17:20:09,848 - INFO - ✅ Comment n6gi8ca
2025-11-19 17:20:09,848 - INFO - ✅ Comment n6em3gg
2025-11-19 17:20:10,210 - INFO - ✅ Comment n6eplrs
2025-11-19 17:20:10,371 - INFO - ✅ Comment n6h89vc
2025-11-19 17:20:10,930 - INFO - ✅ Comment n6f8y2x
2025-11-19 17:20:12,093 - INFO - ✅ Comment n6hk5ud
2025-11-19 17:20:12,861 - INFO - ✅ Comment n6f6qf7
2025-11-19 17:20:13,221 - INFO - ✅ Comment n6ewydl
2025-11-19 17:20:13,221 - INFO - ✅ Comment n6k546a
2025-11-19 17:20:13,409 - INFO - ✅ Comment n6g1ml0
2025-11-19 17:20:13,409 - INFO - ✅ Comment n6gylrk
2025-11-19 17:20:13,971 - INFO - ✅ Comment n6h7m1j
2025-11-19 17:20:15,137 - INFO - ✅ Comment n6he23q
2025-11-19 17:20:15,892 - INFO - ✅ Comment n6g9jaj
2025-11-19 17:20:16,272 - INFO - ✅ Comment n6gvgso
2025-11-19 17:20:16,444 - INFO - ✅ Comment n6eqv3e
2025-11-19 17:20:17,009 - INFO - ✅ Comment n6fg37a
2025-11-19 17:20:18,202 - INFO - ✅ Comment n6hwn6d
2025-11-19 17:20:18,367 - INFO - ✅ Comment n6i0fq7
2025-11-19 17:20:18,720 - INFO - ✅ Comment n6ez7pr
2025-11-19 17:20:19,692 - INFO - ✅ Comment n6gd8ok
2025-11-19 17:20:20,239 - INFO - ✅ Comment n6f8jfl
2025-11-19 17:20:20,408 - INFO - ✅ Comment n6f66g0
2025-11-19 17:20:21,179 - INFO - ✅ Comment n6hdubr
2025-11-19 17:20:21,535 - INFO - ✅ Comment n6ispy7
2025-11-19 17:20:22,488 - INFO - ✅ Comment n6itisg
2025-11-19 17:20:23,054 - INFO - ✅ Comment n6ihub2
2025-11-19 17:20:23,054 - INFO - ✅ Comment n6fxhyo
2025-11-19 17:20:24,225 - INFO - ✅ Comment n6fo5qr
2025-11-19 17:20:24,225 - INFO - ✅ Comment n6fukl3
2025-11-19 17:20:24,394 - INFO - ✅ Comment n6f8pn6
2025-11-19 17:20:24,774 - INFO - ✅ Comment n6h9kt8
2025-11-19 17:20:25,713 - INFO - ✅ Comment n6ftsml
2025-11-19 17:20:26,282 - INFO - ✅ Comment n6i5z3m
2025-11-19 17:20:26,452 - INFO - ✅ Comment n6jwmcb
2025-11-19 17:20:27,230 - INFO - ✅ Comment n6htwos
2025-11-19 17:20:27,610 - INFO - ✅ Comment n6h6klr
2025-11-19 17:20:28,587 - INFO - ✅ Comment n6gnznk
2025-11-19 17:20:29,153 - INFO - ✅ Comment n6ff1kt
2025-11-19 17:20:29,323 - INFO - ✅ Comment n6g6ykq
2025-11-19 17:20:30,096 - INFO - ✅ Comment n6koc3q
2025-11-19 17:20:31,451 - INFO - ✅ Comment n6jug5v
2025-11-19 17:20:31,636 - INFO - ✅ Comment n6inoc4
2025-11-19 17:20:32,192 - INFO - ✅ Comment n6jve5x
2025-11-19 17:20:32,353 - INFO - ✅ Comment n6m8bfj
2025-11-19 17:20:33,114 - INFO - ✅ Comment n6odzc6
2025-11-19 17:20:34,473 - INFO - ✅ Comment n6jy48q
2025-11-19 17:20:34,638 - INFO - ✅ Comment n6klvrh
2025-11-19 17:20:34,638 - INFO - ⚙️ Extracting data from post 1o5fda3
2025-11-19 17:20:35,192 - INFO - ✅ Post 1o5fda3
2025-11-19 17:20:35,670 - INFO - ⚙️ Extracting data from comments of post 1o5fda3
2025-11-19 17:20:36,423 - INFO - ✅ Comment nj8za31
2025-11-19 17:20:36,797 - INFO - ✅ Comment nj90ob7
2025-11-19 17:20:36,797 - INFO - ✅ Comment nj9l04n
2025-11-19 17:20:37,755 - INFO - ✅ Comment nj9nuzx
2025-11-19 17:20:38,320 - INFO - ✅ Comment nj90ssp
2025-11-19 17:20:38,487 - INFO - ✅ Comment nj9tvee
2025-11-19 17:20:39,278 - INFO - ✅ Comment nj96cyd
2025-11-19 17:20:39,630 - INFO - ✅ Comment nj94v6m
2025-11-19 17:20:40,598 - INFO - ✅ Comment nj9i4hr
2025-11-19 17:20:41,163 - INFO - ✅ Comment nj9x9k8
2025-11-19 17:20:41,336 - INFO - ✅ Comment nj9311q
2025-11-19 17:20:42,106 - INFO - ✅ Comment njafys7
2025-11-19 17:20:43,833 - INFO - ✅ Comment nj966sm
2025-11-19 17:20:44,007 - INFO - ✅ Comment njb4hpu
2025-11-19 17:20:44,576 - INFO - ✅ Comment nj9ao2u
2025-11-19 17:20:44,730 - INFO - ✅ Comment nj9qei1
2025-11-19 17:20:45,511 - INFO - ✅ Comment nj9rq56
2025-11-19 17:20:45,868 - INFO - ✅ Comment nj9q8b4
2025-11-19 17:20:46,867 - INFO - ✅ Comment nja26ea
2025-11-19 17:20:47,430 - INFO - ✅ Comment nj99byo
2025-11-19 17:20:47,598 - INFO - ✅ Comment nja1rac
2025-11-19 17:20:48,375 - INFO - ✅ Comment nj9ue6g
2025-11-19 17:20:48,720 - INFO - ✅ Comment nj9ulk3
2025-11-19 17:20:49,702 - INFO - ✅ Comment nja4joy
2025-11-19 17:20:50,261 - INFO - ✅ Comment nj9h7js
2025-11-19 17:20:50,421 - INFO - ✅ Comment nj9q9j0
2025-11-19 17:20:51,211 - INFO - ✅ Comment njambsp
2025-11-19 17:20:51,586 - INFO - ✅ Comment njabhhv
2025-11-19 17:20:52,542 - INFO - ✅ Comment nj9unuk
2025-11-19 17:20:52,543 - INFO - ✅ Comment njasspx
2025-11-19 17:20:52,544 - INFO - ⚙️ Extracting data from post 1l7c601
2025-11-19 17:20:53,119 - INFO - ✅ Post 1l7c601
2025-11-19 17:20:55,123 - INFO - ⚙️ Extracting data from comments of post 1l7c601
2025-11-19 17:20:55,294 - INFO - ✅ Comment mwvn2kk
2025-11-19 17:20:55,473 - INFO - ✅ Comment mwvmrsi
2025-11-19 17:20:55,473 - INFO - ✅ Comment mwvlwka
2025-11-19 17:20:55,473 - INFO - ✅ Comment mwvkzvi
2025-11-19 17:20:55,641 - INFO - ✅ Comment mwvomgb
2025-11-19 17:20:56,211 - INFO - ✅ Comment mww5sj1
2025-11-19 17:20:56,386 - INFO - ✅ Comment mwvreo4
2025-11-19 17:20:56,386 - INFO - ✅ Comment mwvjo6c
2025-11-19 17:20:57,170 - INFO - ✅ Comment mwwo2wh
2025-11-19 17:20:57,524 - INFO - ✅ Comment mwwl637
2025-11-19 17:20:58,483 - INFO - ✅ Comment mww5ie9
2025-11-19 17:20:59,034 - INFO - ✅ Comment mwvx0gq
2025-11-19 17:20:59,048 - INFO - ✅ Comment mwvmicy
2025-11-19 17:20:59,048 - INFO - ✅ Comment mwvtfds
2025-11-19 17:21:00,195 - INFO - ✅ Comment mwvpu4i
2025-11-19 17:21:00,364 - INFO - ✅ Comment mwvx1yy
2025-11-19 17:21:00,740 - INFO - ✅ Comment mwvvx4i
2025-11-19 17:21:01,716 - INFO - ✅ Comment mwvrjgs
2025-11-19 17:21:01,716 - INFO - ✅ Comment mwvmaqp
2025-11-19 17:21:02,282 - INFO - ✅ Comment mww4rbd
2025-11-19 17:21:02,453 - INFO - ✅ Comment mwxffv1
2025-11-19 17:21:03,220 - INFO - ✅ Comment mww4vda
2025-11-19 17:21:03,220 - INFO - ✅ Comment mwvn5bj
2025-11-19 17:21:03,594 - INFO - ✅ Comment mwvxjl3
2025-11-19 17:21:04,556 - INFO - ✅ Comment mwvnkdq
2025-11-19 17:21:05,131 - INFO - ✅ Comment mwybxzt
2025-11-19 17:21:06,293 - INFO - ✅ Comment mwvzj0b
2025-11-19 17:21:06,467 - INFO - ✅ Comment mwvzuxq
2025-11-19 17:21:06,812 - INFO - ✅ Comment mwxdj4p
2025-11-19 17:21:07,851 - INFO - ✅ Comment mwvw5t6
2025-11-19 17:21:08,442 - INFO - ✅ Comment mwvno2b
2025-11-19 17:21:08,619 - INFO - ✅ Comment mwvq0sg
2025-11-19 17:21:09,378 - INFO - ✅ Comment mww4gac
2025-11-19 17:21:09,812 - INFO - ✅ Comment mwwa008
2025-11-19 17:21:10,788 - INFO - ✅ Comment mwz3uj0
2025-11-19 17:21:11,373 - INFO - ✅ Comment mwwcnw2
2025-11-19 17:21:11,373 - INFO - ⚙️ Extracting data from post 1o6794n
2025-11-19 17:21:11,525 - INFO - ✅ Post 1o6794n
2025-11-19 17:21:13,660 - INFO - ⚙️ Extracting data from comments of post 1o6794n
2025-11-19 17:21:13,999 - INFO - ✅ Comment njk9nl4
2025-11-19 17:21:14,169 - INFO - ✅ Comment njflv0w
2025-11-19 17:21:14,341 - INFO - ✅ Comment njfjwi3
2025-11-19 17:21:14,341 - INFO - ✅ Comment njfy571
2025-11-19 17:21:14,499 - INFO - ✅ Comment njftgpe
2025-11-19 17:21:15,263 - INFO - ✅ Comment njlv66j
2025-11-19 17:21:15,627 - INFO - ✅ Comment njjhlti
2025-11-19 17:21:16,582 - INFO - ✅ Comment njfqcr6
2025-11-19 17:21:17,141 - INFO - ✅ Comment njfsefs
2025-11-19 17:21:17,304 - INFO - ✅ Comment njgdd35
2025-11-19 17:21:18,088 - INFO - ✅ Comment njy1ddt
2025-11-19 17:21:19,461 - INFO - ✅ Comment njhajcx
2025-11-19 17:21:19,614 - INFO - ✅ Comment nji3x2v
2025-11-19 17:21:20,170 - INFO - ✅ Comment njhj6mk
2025-11-19 17:21:20,353 - INFO - ✅ Comment njjfjdx
2025-11-19 17:21:21,091 - INFO - ✅ Comment njh4eni
2025-11-19 17:21:22,455 - INFO - ✅ Comment njgl72r
2025-11-19 17:21:22,636 - INFO - ✅ Comment njiu54p
2025-11-19 17:21:23,189 - INFO - ✅ Comment nji1cxz
2025-11-19 17:21:23,386 - INFO - ✅ Comment njgeyvo
2025-11-19 17:21:24,147 - INFO - ✅ Comment njhsmrk
2025-11-19 17:21:24,502 - INFO - ✅ Comment njhz254
2025-11-19 17:21:25,476 - INFO - ✅ Comment njjh6uv
2025-11-19 17:21:26,042 - INFO - ✅ Comment njji3ww
2025-11-19 17:21:27,235 - INFO - ✅ Comment njn9xnd
2025-11-19 17:21:27,235 - INFO - ⚙️ Extracting data from post 1oapp9z
2025-11-19 17:21:27,406 - INFO - ✅ Post 1oapp9z
2025-11-19 17:21:27,941 - INFO - ⚙️ Extracting data from comments of post 1oapp9z
2025-11-19 17:21:28,899 - INFO - ✅ Comment nkbogtr
2025-11-19 17:21:29,469 - INFO - ✅ Comment nkb66a2
2025-11-19 17:21:29,620 - INFO - ✅ Comment nkb9vqn
2025-11-19 17:21:30,399 - INFO - ✅ Comment nkbrjws
2025-11-19 17:21:30,399 - INFO - ✅ Comment nkdlhrj
2025-11-19 17:21:30,772 - INFO - ✅ Comment nkbp9kd
2025-11-19 17:21:31,730 - INFO - ✅ Comment nke2ico
2025-11-19 17:21:32,298 - INFO - ✅ Comment nkbb7oa
2025-11-19 17:21:32,469 - INFO - ✅ Comment nkbhho1
2025-11-19 17:21:33,212 - INFO - ✅ Comment nkbyr9l
2025-11-19 17:21:33,585 - INFO - ✅ Comment nkchbuu
2025-11-19 17:21:34,551 - INFO - ✅ Comment nkazbg3
2025-11-19 17:21:35,185 - INFO - ✅ Comment nkfba1b
2025-11-19 17:21:35,357 - INFO - ✅ Comment nkc57z8
2025-11-19 17:21:36,122 - INFO - ✅ Comment nkc9m7k
2025-11-19 17:21:37,494 - INFO - ✅ Comment nkbbncn
2025-11-19 17:21:37,657 - INFO - ✅ Comment nkbm9m3
2025-11-19 17:21:37,657 - INFO - ✅ Comment nkrpuat
2025-11-19 17:21:38,228 - INFO - ✅ Comment nkcse98
2025-11-19 17:21:38,388 - INFO - ✅ Comment nkezqcg
2025-11-19 17:21:38,388 - INFO - ✅ Comment nkdqo6g
2025-11-19 17:21:39,136 - INFO - ✅ Comment nkchlgl
2025-11-19 17:21:40,499 - INFO - ✅ Comment nkddkil
2025-11-19 17:21:40,651 - INFO - ✅ Comment nkdsrwz
2025-11-19 17:21:40,651 - INFO - ✅ Comment nkrq4ui
2025-11-19 17:21:41,221 - INFO - ✅ Comment nkefm8i
2025-11-19 17:21:41,221 - INFO - -> Unique POSTS: 13 | Unique COMMENTS: 1218
2025-11-19 17:21:42,423 - INFO - Data extraction completed. Total unique posts: 13. Total unique comments: 1218.
2025-11-19 17:21:42,423 - INFO - ✅ Data Extraction completed in 10.4 minutes.
2025-11-19 17:21:42,423 - INFO - Saving extracted data
2025-11-19 17:21:42,437 - INFO - 📁 RAW POSTS data saved successfully to c:\Users\fscielzo\Documents\PhD\paper-4\scripts\..\data\raw_data\posts_data_raw_20251119171118.parquet (Records: 13)
2025-11-19 17:21:42,463 - INFO - 📁 RAW COMMENTS data saved successfully to c:\Users\fscielzo\Documents\PhD\paper-4\scripts\..\data\raw_data\comments_data_raw_20251119171118.parquet (Records: 1218)
2025-11-19 17:21:42,463 - INFO - 📥 DATA EXTRACTION COMPLETED
